 --- BIN FILE READ: BYPASS_REAL_4_fam_NEW
  10940 INCLUDE 'BYPASS_REAL_4_fam_NEW';
  10941   PROCEDURE MCMCALC ALPHA0 ALPHA1;
  10942     VARIABLE TMPALPHA 100;
  10943     VARIABLE I 1;
  10944     VARIABLE MCM0 1;
  10945     VARIABLE MCM1 1;
  10946     VARIABLE MCM2 1;
  10947     VARIABLE MCM3 1;
  10948     VARIABLE MCM4 1;
  10949     MCM MAP SPOS TMPALPHA; %MCM: 3587
  10950     MCM0 := -TMPALPHA|(0&0&0&0&0&0);
  10951     MCM1 := -TMPALPHA|(0&0&0&0&0&1);
  10952     MCM2 := -2*TMPALPHA|(0&0&0&0&0&2);
  10953     MCM3 := -2*3*TMPALPHA|(0&0&0&0&0&3);
  10954     MCM4 := -2*3*4*TMPALPHA|(0&0&0&0&0&4);
  10955     ALPHA0:= MCM1;
  10956     ALPHA1:= MCM2;
  10957     WRITE 6 '++++++++ MOMENTUM COMPACTION FACTOR ++++++++';
  10958     WRITE 6 'MC0 = '&ST(MCM0);
  10959     WRITE 6 'MC1 = '&ST(MCM1);
  10960     WRITE 6 'MC2 = '&ST(MCM2);
  10961     WRITE 6 'MC3 = '&ST(MCM3);
  10962     WRITE 6 'MC4 = '&ST(MCM4);
  10963     WRITE 6 '++++++++++++++++++++++++++++++++++++++++++++';
  10964     ENDPROCEDURE;
  10965   PROCEDURE MAIN;
  10966     VARIABLE GAMMA 1;
  10967     VARIABLE BETA 1;
  10968     VARIABLE SGX1 1;
  10969     VARIABLE SGY1 1;
  10970     VARIABLE EB1 1;
  10971     VARIABLE SGX2 1;
  10972     VARIABLE SGY2 1;
  10973     VARIABLE MU 800;
  10974     VARIABLE NBAR 800 3;
  10975     VARIABLE ALPHA0 1;
  10976     VARIABLE ALPHA1 1;
  10977     VARIABLE ETA0 1;
  10978     VARIABLE ETA1 1;
  10979     VARIABLE MU 800;
  10980     VARIABLE MU0 800;
  10981     VARIABLE NBAR 800 3;
  10982     VARIABLE QUADKX 1;
  10983     VARIABLE QUADKY 1;
  10984     VARIABLE QUADKZ 1;
  10985     GAMMA := 1.12792344429;
  10986     BETA := SQRT(1-1/(GAMMA*GAMMA));
  10987     OV 3 3 0; %OV:  969
  10988     SET_FOR_DEUTERONS GAMMA; %SET_FOR_DEUTERONS:10561
  10989     EB1 := 99.04;
  10990     OPENF 100500 'dat/ALPHA/SEXTUPOLES.dat' 'OLD';
  10991     READ 100500 SGX1;
  10992     READ 100500 SGY1;
  10993     READ 100500 SGX2;
  10994     READ 100500 SGY2;
  10995     CLOSEF 100500;
  10996     LATTICE SGX1 SGY1 SGX2 SGY2 EB1 1; %LATTICE:10580
  10997     TSS MU NBAR 0; %TSS: 4289
  10998     WRITE 6 'BETA = '&ST(BETA);
  10999     WRITE 6 'EB1 := '&ST(EB1);
  11000     WRITE 6 'SGx1 := '&ST(SGX1)&';';
  11001     WRITE 6 'SGy1 := '&ST(SGY1)&';';
  11002     WRITE 6 'SGx2 := '&ST(SGX2)&';';
  11003     WRITE 6 'SGy2 := '&ST(SGY2)&';';
  11004     MCMCALC ALPHA0 ALPHA1; %MCMCALC:10941
  11005     WRITE 6 'ALPHA0 = '&ST(ALPHA0);
  11006     WRITE 6 'ALPHA1 = '&ST(ALPHA1);
  11007     ETA1 := ALPHA1+(3/2)*(BETA*BETA)/(GAMMA*GAMMA)-ALPHA0/(GAMMA*GAMMA
                  )+1/(GAMMA*GAMMA*GAMMA*GAMMA);
  11008     WRITE 6 'ETA1 = '&ST(ETA1);
  11009     OPENF 3618 'dat/ALPHA/ALPHA1.dat' 'REPLACE';
  11010     WRITE 3618 ALPHA0;
  11011     WRITE 3618 ALPHA1;
  11012     CLOSEF 3618;
  11013     MU0 := CONS(MU);
  11014     DAPEE MU 11 QUADKX;
  11015     DAPEE MU 33 QUADKY;
  11016     DAPEE MU 66 QUADKZ;
  11017     OPENF 3618 'dat/ALPHA/SPINTUNE.dat' 'REPLACE';
  11018     WRITE 3618 MU0;
  11019     WRITE 3618 QUADKX;
  11020     WRITE 3618 QUADKY;
  11021     WRITE 3618 QUADKZ;
  11022     CLOSEF 3618;
  11023     ENDPROCEDURE;
  11024   PROCEDURE RUN;
  11025     MAIN; %MAIN:10965
  11026     ENDPROCEDURE;
  11027   RUN; %RUN:11024
