 --- BIN FILE READ: BYPASS_REAL_4_fam_NEW
  10971 INCLUDE 'BYPASS_REAL_4_fam_NEW';
  10972   PROCEDURE MAIN;
  10973     VARIABLE I 1;
  10974     VARIABLE GAMMA 1;
  10975     VARIABLE BETA 1;
  10976     VARIABLE EB1 1;
  10977     VARIABLE SGX1 1;
  10978     VARIABLE SGY1 1;
  10979     VARIABLE SGX2 1;
  10980     VARIABLE SGY2 1;
  10981     VARIABLE MU 800;
  10982     VARIABLE NBAR 800 3;
  10983     VARIABLE MU_N_ARR 5000 1000;
  10984     VARIABLE MU_TP 800 3;
  10985     VARIABLE MU0 1;
  10986     VARIABLE ALPHA0 1;
  10987     VARIABLE ALPHA1 1;
  10988     VARIABLE ALPHA2 1;
  10989     VARIABLE ETA0 1;
  10990     VARIABLE ETA1 1;
  10991     VARIABLE VALUE0 1;
  10992     VARIABLE VALUE1 1;
  10993     VARIABLE CHROM_X 1;
  10994     VARIABLE CHROM_Y 1;
  10995     VARIABLE QUADKX 1;
  10996     VARIABLE QUADKY 1;
  10997     VARIABLE QUADKZ 1;
  10998     GAMMA := 1.12792344429;
  10999     BETA := SQRT(1-1/(GAMMA*GAMMA));
  11000     OV 3 3 0; %OV:  969
  11001     SET_FOR_DEUTERONS GAMMA; %SET_FOR_DEUTERONS:10562
  11002     EB1 := 104.0;
  11003     SGX1 := 0.0;
  11004     SGY1 := 0.0;
  11005     SGX2 := 0.0;
  11006     SGY2 := 0.0;
  11007     OPENF 772 'dat/AXION/Params.dat' 'OLD';
  11008     WRITE 772 'I SGx1 SGy1 EB1 CONS(MU)';
  11009     LOOP I 1 10;
  11010       UM; %UM: 1488
  11011       CR; %CR:  947
  11012       FR 3; %FR: 5434
  11013       LATTICE SGX1 SGY1 SGX2 SGY2 EB1 1; %LATTICE:10599
  11014       SR 0 0 0 0 0 0 0 0 1; %SR: 2082
  11015       SSR 0 0 1; %SSR: 2197
  11016       TSS MU NBAR 0; %TSS: 4289
  11017       GET_TUNE_ENSEMBLE MU_N_ARR; %GET_TUNE_ENSEMBLE: 9896
  11018       MU0 := CONS(MU);
  11019       DAPEE MU 11 QUADKX;
  11020       DAPEE MU 33 QUADKY;
  11021       DAPEE MU 66 QUADKZ;
  11022       WRITE 6 'SGx1, SGy1, EB1 = '&ST(SGX1)&' '&ST(SGY1)&' '&ST(EB1);
  11023       WRITE 6 'quadKx, quadKy, quadKz = '&ST(QUADKX)&' '&ST(QUADKY)&' 
                  '&ST(QUADKZ);
  11024       WRITE 6 'CONS(MU) = '&ST(CONS(MU));
  11025       WRITE 772 ST(I)&' '&ST(SGX1)&' '&ST(SGY1)&' '&ST(EB1)&' '&ST(CON
                  S(MU));
  11026       EB1 := EB1 + 1;
  11027       ENDLOOP;
  11028     CLOSEF 772;
  11029     ENDPROCEDURE;
  11030   PROCEDURE RUN;
  11031     MAIN; %MAIN:10972
  11032     ENDPROCEDURE;
  11033   RUN; %RUN:11030
