 --- BIN FILE READ: seq_Nuclotron_Mod
  11530 INCLUDE 'seq_Nuclotron_Mod';
  11531   PROCEDURE MAIN;
  11532     VARIABLE WHERE 100;
  11533     VARIABLE MRKR 10;
  11534     VARIABLE GAMMA 1;
  11535     VARIABLE MAPSE 1;
  11536     VARIABLE MU 800;
  11537     VARIABLE NBAR 800 3;
  11538     VARIABLE EL 1;
  11539     VARIABLE PNUM 1;
  11540     VARIABLE PSI0_DEG 1;
  11541     VARIABLE NTURN 1;
  11542     VARIABLE TUNE 800 3;
  11543     VARIABLE MU_TP 800 3;
  11544     VARIABLE CHROM_X 1;
  11545     VARIABLE CHROM_Y 1;
  11546     VARIABLE SGX1 1;
  11547     VARIABLE SGY1 1;
  11548     VARIABLE EB1 1;
  11549     VARIABLE SGX2 1;
  11550     VARIABLE SGY2 1;
  11551     VARIABLE A 100 2 ;
  11552     VARIABLE B 100 2 ;
  11553     VARIABLE G 100 2 ;
  11554     VARIABLE R 100 2 ;
  11555     VARIABLE F 100 6 ;
  11556     VARIABLE TILT 48;
  11557     WRITE 6 '************************CHROM START**********************
                  **';
  11558     GROUTF 'img/dump/TR' 1;
  11559     GAMMA := 1.143914;
  11560     TILT := ZEROS(48); %ZEROS: 9812
  11561     MRKR := 'REAL';
  11562     OV 3 2 1; %OV:  969
  11563     SET_FOR_DEUTERONS_CHROM GAMMA; %SET_FOR_DEUTERONS_CHROM:10629
  11564     EB1 := 132.685;
  11565     OPENF 100500 'dat/ALPHA/SEXTUPOLES.dat' 'OLD';
  11566     READ 100500 SGX1;
  11567     READ 100500 SGY1;
  11568     READ 100500 SGX2;
  11569     READ 100500 SGY2;
  11570     CLOSEF 100500;
  11571     LATTICE SGX1 SGY1 SGX2 SGY2 EB1 1 TILT 0; %LATTICE:10648
  11572     TP MU_TP ; %TP: 3955
  11573     CHROM_X:= (MU_TP(1)|(0&0&0&0&1))*(1+1/GAMMA);
  11574     CHROM_Y:= (MU_TP(2)|(0&0&0&0&1))*(1+1/GAMMA);
  11575     WRITE 6 'CHROM_X' CHROM_X 'CHROM_Y' CHROM_Y;
  11576     OPENF 3618 'dat/ALPHA/Chrom.dat' 'REPLACE';
  11577     WRITE 3618 CHROM_X;
  11578     WRITE 3618 CHROM_Y;
  11579     CLOSEF 3618;
  11580     WRITE 6 '************************CHROM END************************
                  ';
  11581     ENDPROCEDURE;
  11582   PROCEDURE RUN;
  11583     MAIN; %MAIN:11531
  11584     ENDPROCEDURE;
  11585   RUN; %RUN:11582
