 --- BIN FILE READ: BYPASS_REAL_CORR
  10937 INCLUDE 'BYPASS_REAL_CORR';
  10938   PROCEDURE OPTIMIZE_CHROM SEXTGX1 SEXTGY1 SEXTGX2 SEXTGY2 EBE;
  10939     VARIABLE MU 800;
  10940     VARIABLE NBAR 800 3;
  10941     VARIABLE OBJ1 1;
  10942     VARIABLE OBJ2 1;
  10943     VARIABLE OBJ 1;
  10944     VARIABLE SGX1 1;
  10945     VARIABLE SGY1 1;
  10946     VARIABLE SGX2 1;
  10947     VARIABLE SGY2 1;
  10948     VARIABLE EB1 1;
  10949     VARIABLE EB2 1;
  10950     VARIABLE E1 1;
  10951     VARIABLE GAMMA 1;
  10952     VARIABLE CHROM_X 1;
  10953     VARIABLE CHROM_Y 1;
  10954     VARIABLE CHROM_X_1 1;
  10955     VARIABLE CHROM_Y_1 1;
  10956     VARIABLE QUADKX 1;
  10957     VARIABLE QUADKY 1;
  10958     VARIABLE QUADKZ 1;
  10959     VARIABLE MU0 1;
  10960     VARIABLE MU_TP 800 3;
  10961     WRITE 6 'BEGIN';
  10962     SGX1 := SEXTGX1;
  10963     SGY1 := SEXTGY1;
  10964     EB1 := EBE;
  10965     SGX2 := SEXTGX2;
  10966     SGY2 := SEXTGY2;
  10967     WRITE 6 'SGx1, SGy1, EB1 = '&ST(SGX1)&' '&ST(SGY1)&' '&ST(EB1);
  10968     WRITE 6 'SGx2, SGy2 = '&ST(SGX2)&' '&ST(SGY2);
  10969     GAMMA := 1.12792344429;
  10970     FIT SGX1 SGY1;
  10971       LATTICE SGX1 SGY1 SGX2 SGY2 EB1 1; %LATTICE:10580
  10972       TP MU_TP; %TP: 3955
  10973       CHROM_X:= (MU_TP(1)|(0&0&0&0&1))*(1+1/GAMMA);
  10974       CHROM_Y:= (MU_TP(2)|(0&0&0&0&1))*(1+1/GAMMA);
  10975       OBJ:= SQRT(SQR(CHROM_X) + SQR(CHROM_Y));
  10976       WRITE 6 'SGx1, SGy1, EB1 = '&ST(SGX1)&' '&ST(SGY1)&' '&ST(EB1);
  10977       WRITE 6 'SGx2, SGy2 = '&ST(SGX2)&' '&ST(SGY2);
  10978       WRITE 6 'CHROM_X, CHROM_Y='&ST(CHROM_X)&' '&ST(CHROM_Y);
  10979       WRITE 6 'OBJ ='&ST(OBJ);
  10980       ENDFIT 1E-1 2000 1 OBJ;
  10981     WRITE 6 '====================================';
  10982     WRITE 6 'SGx1, SGx2, SGy1, SGy2, EB1 = '&ST(SGX1)&' '&ST(SGY1)&' '
                  &ST(EB1);
  10983     WRITE 6 'SGx2, SGy2 = '&ST(SGX2)&' '&ST(SGY2);
  10984     WRITE 6 'CHROM_X, CHROM_Y='&ST(CHROM_X)&' '&ST(CHROM_Y);
  10985     WRITE 6 'OBJ ='&ST(OBJ);
  10986     SEXTGX1 := SGX1;
  10987     SEXTGY1 := SGY1;
  10988     ENDPROCEDURE;
  10989   PROCEDURE MAIN;
  10990     VARIABLE GAMMA 1;
  10991     VARIABLE SGX1 1;
  10992     VARIABLE SGY1 1;
  10993     VARIABLE EB1 1;
  10994     VARIABLE SGX2 1;
  10995     VARIABLE SGY2 1;
  10996     VARIABLE MU 800;
  10997     VARIABLE NBAR 800 3;
  10998     VARIABLE CHROM_X 1;
  10999     VARIABLE CHROM_Y 1;
  11000     VARIABLE MU_TP 800 3;
  11001     VARIABLE I 1;
  11002     GAMMA := 1.12792344429;
  11003     OV 3 2 1; %OV:  969
  11004     SET_FOR_DEUTERONS GAMMA; %SET_FOR_DEUTERONS:10561
  11005     EB1 := 99.04;
  11006     SGX1 := 0.6025033168317703E-002;
  11007     SGY1 := -.7007946994104486E-002;
  11008     SGX2 := -25000.0;
  11009     SGY2 := 0.0;
  11010     LATTICE SGX1 SGY1 SGX2 SGY2 EB1 1; %LATTICE:10580
  11011     OPENF 3618 'dat/Optimization/CHROM_DEP.dat' 'REPLACE';
  11012     WRITE 3618 'SGx2 SGx1 SGy1 CHROM_X CHROM_Y';
  11013     LOOP I 0 20;
  11014       WRITE 6 'START'&ST(I)&'ITERATION';
  11015       SGX2 := 100000-(10000*I);
  11016       OPTIMIZE_CHROM SGX1 SGY1 SGX2 SGY2 EB1; %OPTIMIZE_CHROM:10938
  11017       TP MU_TP ; %TP: 3955
  11018       CHROM_X:= (MU_TP(1)|(0&0&0&0&1))*(1+1/GAMMA);
  11019       CHROM_Y:= (MU_TP(2)|(0&0&0&0&1))*(1+1/GAMMA);
  11020       WRITE 3618  ST(SGX2)&' '&ST(SGX1)&' '&ST(SGY1)&' '&ST(CHROM_X)&'
                   '&ST(CHROM_Y) ;
  11021       ENDLOOP;
  11022     CLOSEF 3618;
  11023     WRITE 6 'USE EB1 = '&ST(EB1);
  11024     WRITE 6 'SGx1 := '&ST(SGX1)&';';
  11025     WRITE 6 'SGy1 := '&ST(SGY1)&';';
  11026     WRITE 6 'SGx2 := '&ST(SGX2)&';';
  11027     WRITE 6 'SGy2 := '&ST(SGY2)&';';
  11028     ENDPROCEDURE;
  11029   PROCEDURE RUN;
  11030     MAIN; %MAIN:10989
  11031     ENDPROCEDURE;
  11032   RUN; %RUN:11029
