 --- BIN FILE READ: BYPASS_REAL_4_fam_NEW
  10940 INCLUDE 'BYPASS_REAL_4_fam_NEW';
  10941   PROCEDURE MAIN;
  10942     VARIABLE WHERE 100;
  10943     VARIABLE MRKR 10;
  10944     VARIABLE GAMMA 1;
  10945     VARIABLE MAPSE 1;
  10946     VARIABLE MU 800;
  10947     VARIABLE NBAR 800 3;
  10948     VARIABLE EL 1;
  10949     VARIABLE PNUM 1;
  10950     VARIABLE PSI0_DEG 1;
  10951     VARIABLE NTURN 1;
  10952     VARIABLE TUNE 800 3;
  10953     VARIABLE MU_TP 800 3;
  10954     VARIABLE CHROM_X 1;
  10955     VARIABLE CHROM_Y 1;
  10956     VARIABLE SGX1 1;
  10957     VARIABLE SGY1 1;
  10958     VARIABLE EB1 1;
  10959     VARIABLE SGX2 1;
  10960     VARIABLE SGY2 1;
  10961     VARIABLE A 100 2 ;
  10962     VARIABLE B 100 2 ;
  10963     VARIABLE G 100 2 ;
  10964     VARIABLE R 100 2 ;
  10965     VARIABLE F 100 6 ;
  10966     GROUTF 'img/dump/TR' 1;
  10967     GAMMA := 1.12792344429;
  10968     MRKR := 'NEW';
  10969     OV 3 2 1; %OV:  969
  10970     SET_FOR_DEUTERONS GAMMA; %SET_FOR_DEUTERONS:10561
  10971     EB1 := 99.04;
  10972     SGX1 := 0.1079811557830287E-001;
  10973     SGY1 := -.1046954304378753E-001;
  10974     SGX2 :=  0.0;
  10975     SGY2  := 0.0;
  10976     LATTICE SGX1 SGY1 SGX2 SGY2 EB1 0; %LATTICE:10580
  10977     PM 6; %PM: 1574
  10978     WRITE 6 '++++++++++ Magnetic Rigidity';
  10979     WRITE 6 CONS(CHIM);
  10980     TP MU_TP ; %TP: 3955
  10981     WRITE 6 'DELTA DEPENDENT TUNES' MU_TP(1) MU_TP(2) ;
  10982     CHROM_X:= (MU_TP(1)|(0&0&0&0&1))*(1+1/GAMMA);
  10983     CHROM_Y:= (MU_TP(2)|(0&0&0&0&1))*(1+1/GAMMA);
  10984     WRITE 6 'CHROM_X' CHROM_X 'CHROM_Y' CHROM_Y;
  10985     LOOP EL 1 3;
  10986       OPENF 3618 'dat/'&MRKR&'/MU_TP'&MRK(EL)&'_'&MRKR&'.dat' 'REPLACE
                  '; %MRK: 9786
  10987       WRITE 3618 MU_TP(EL);
  10988       CLOSEF 3618;
  10989       ENDLOOP;
  10990     WRITE 6 'SGx1 := '&ST(SGX1)&';';
  10991     WRITE 6 'SGy1 := '&ST(SGY1)&';';
  10992     WRITE 6 'SGx2 := '&ST(SGX2)&';';
  10993     WRITE 6 'SGy2 := '&ST(SGY2)&';';
  10994     ENDPROCEDURE;
  10995   PROCEDURE RUN;
  10996     MAIN; %MAIN:10941
  10997     ENDPROCEDURE;
  10998   RUN; %RUN:10995
