 --- BIN FILE READ: seq_Nuclotron_Mod_maps
  10857 INCLUDE 'seq_Nuclotron_Mod_maps';
  10858   PROCEDURE INJECT;
  10859     CR; %CR:  947
  10860     SR 0 0 0 0 0 0 0 0 1; %SR: 2082
  10861     SSR 0 0 1; %SSR: 2197
  10862     SR 1E-3 0 0 0 0 0 0 0 1; %SR: 2082
  10863     SSR 0 0 1; %SSR: 2197
  10864     SR 0 0 0 0 0 1E-4 0 0 1; %SR: 2082
  10865     SSR 0 0 1; %SSR: 2197
  10866     SR .5E-3 0 0 0 0 0 0 0 1; %SR: 2082
  10867     SSR 0 0 1; %SSR: 2197
  10868     SR 0 0 .5E-3 0 0 0 0 0 1; %SR: 2082
  10869     SSR 0 0 1; %SSR: 2197
  10870     ENDPROCEDURE;
  10871   PROCEDURE INJECT1 NUM;
  10872     VARIABLE X 100;
  10873     VARIABLE I 1;
  10874     CR; %CR:  947
  10875     X := LINSPACE(-1E-3, 1E-3, NUM); %LINSPACE: 9840
  10876     LOOP I 1 NUM;
  10877       SR X|I 0 0 0 0 0 0 0 1; %SR: 2082
  10878       SSR 0 0 1; %SSR: 2197
  10879       SR 0 0 X|I 0 0 0 0 0 1; %SR: 2082
  10880       SSR 0 0 1; %SSR: 2197
  10881       SR 0 0 0 0 0 (X|I)/10 0 0 1; %SR: 2082
  10882       SSR 0 0 1; %SSR: 2197
  10883       ENDLOOP;
  10884     ENDPROCEDURE;
  10885   PROCEDURE INJECT_SPIN NUM;
  10886     VARIABLE T 100;
  10887     VARIABLE C 100;
  10888     VARIABLE S 100;
  10889     VARIABLE I 1;
  10890     T := LINSPACE(0, 2*PI, NUM); %LINSPACE: 9840
  10891     C := COS(T);
  10892     S := SIN(T);
  10893     CR; %CR:  947
  10894     LOOP I 1 NUM;
  10895       SR 0 0 0 0 0 0 0 0 1; %SR: 2082
  10896       SSR C|I S|I 0; %SSR: 2197
  10897       SR 0 0 0 0 0 0 0 0 1; %SR: 2082
  10898       SSR C|I 0 S|I; %SSR: 2197
  10899       SR 0 0 0 0 0 0 0 0 1; %SR: 2082
  10900       SSR 0 C|I S|I; %SSR: 2197
  10901       ENDLOOP;
  10902     ENDPROCEDURE;
  10903   PROCEDURE RUN;
  10904     VARIABLE WHERE 100;
  10905     VARIABLE MAPPARAMS 1 6;
  10906     VARIABLE MAPARR 1000 6 324;
  10907     VARIABLE SPNRARR 1000 3 3 324;
  10908     VARIABLE SGX1 1;
  10909     VARIABLE SGY1 1;
  10910     VARIABLE SGX2 1;
  10911     VARIABLE SGY2 1;
  10912     VARIABLE EB1 1;
  10913     GROUTF 'img/dump/TR' 1;
  10914     OV 3 3 0; %OV:  969
  10915     SET_FOR_DEUTERONS 1.143914; %SET_FOR_DEUTERONS:10611
  10916     EB1 := -130.0;
  10917     SGX1 :=  0.0;
  10918     SGY1  := 0.0;
  10919     SGX2 :=  0.0;
  10920     SGY2  := 0.0;
  10921     LATTICE SGX1 SGY1 SGX2 SGY2 EB1 1 MAPARR SPNRARR; %LATTICE:10648
  10922     INJECT1 10; %INJECT1:10871
  10923     OPENF 924 'TRPRAY_SEQ.dat' 'REPLACE';
  10924     OPENF 925 'TRPSPI_SEQ.dat' 'REPLACE';
  10925     TREL MAPARR SPNRARR 1 66 1 924 925; %TREL:10140
  10926     CLOSEF 924;
  10927     CLOSEF 925;
  10928     ENDPROCEDURE;
  10929   RUN; %RUN:10903
