 --- BIN FILE READ: seq_Nuclotron_Mod_maps
  10837 INCLUDE 'seq_Nuclotron_Mod_maps';
  10838   PROCEDURE INJECT;
  10839     CR; %CR:  947
  10840     SR 0 0 0 0 0 0 0 0 1; %SR: 2082
  10841     SSR 0 0 1; %SSR: 2197
  10842     SR 1E-3 0 0 0 0 0 0 0 1; %SR: 2082
  10843     SSR 0 0 1; %SSR: 2197
  10844     SR 0 0 0 0 0 1E-4 0 0 1; %SR: 2082
  10845     SSR 0 0 1; %SSR: 2197
  10846     SR .5E-3 0 0 0 0 0 0 0 1; %SR: 2082
  10847     SSR 0 0 1; %SSR: 2197
  10848     SR 0 0 .5E-3 0 0 0 0 0 1; %SR: 2082
  10849     SSR 0 0 1; %SSR: 2197
  10850     ENDPROCEDURE;
  10851   PROCEDURE INJECT1 NUM;
  10852     VARIABLE X 100;
  10853     VARIABLE I 1;
  10854     CR; %CR:  947
  10855     X := LINSPACE(-1E-3, 1E-3, NUM); %LINSPACE: 9840
  10856     LOOP I 1 NUM;
  10857       SR X|I 0 0 0 0 0 0 0 1; %SR: 2082
  10858       SSR 0 0 1; %SSR: 2197
  10859       SR 0 0 X|I 0 0 0 0 0 1; %SR: 2082
  10860       SSR 0 0 1; %SSR: 2197
  10861       SR 0 0 0 0 0 (X|I)/10 0 0 1; %SR: 2082
  10862       SSR 0 0 1; %SSR: 2197
  10863       ENDLOOP;
  10864     ENDPROCEDURE;
  10865   PROCEDURE INJECT_SPIN NUM;
  10866     VARIABLE T 100;
  10867     VARIABLE C 100;
  10868     VARIABLE S 100;
  10869     VARIABLE I 1;
  10870     T := LINSPACE(0, 2*PI, NUM); %LINSPACE: 9840
  10871     C := COS(T);
  10872     S := SIN(T);
  10873     CR; %CR:  947
  10874     LOOP I 1 NUM;
  10875       SR 0 0 0 0 0 0 0 0 1; %SR: 2082
  10876       SSR C|I S|I 0; %SSR: 2197
  10877       SR 0 0 0 0 0 0 0 0 1; %SR: 2082
  10878       SSR C|I 0 S|I; %SSR: 2197
  10879       SR 0 0 0 0 0 0 0 0 1; %SR: 2082
  10880       SSR 0 C|I S|I; %SSR: 2197
  10881       ENDLOOP;
  10882     ENDPROCEDURE;
  10883   PROCEDURE RUN;
  10884     VARIABLE WHERE 100;
  10885     VARIABLE MAPPARAMS 1 6;
  10886     VARIABLE MAPARR 1000 6 324;
  10887     VARIABLE SPNRARR 1000 3 3 324;
  10888     VARIABLE SGX1 1;
  10889     VARIABLE SGY1 1;
  10890     VARIABLE SGX2 1;
  10891     VARIABLE SGY2 1;
  10892     VARIABLE EB1 1;
  10893     GROUTF 'img/dump/TR' 1;
  10894     OV 3 3 0; %OV:  969
  10895     SET_FOR_DEUTERONS 1.144; %SET_FOR_DEUTERONS:10562
  10896     EB1 := 96.46494630671087;
  10897     SGX1 :=  0.0;
  10898     SGY1  := 0.0;
  10899     SGX2 :=  0.0;
  10900     SGY2  := 0.0;
  10901     LATTICE SGX1 SGY1 SGX2 SGY2 EB1 1 MAPARR SPNRARR; %LATTICE:10599
  10902     INJECT1 10; %INJECT1:10851
  10903     OPENF 924 'TRPRAY_SEQ.dat' 'REPLACE';
  10904     OPENF 925 'TRPSPI_SEQ.dat' 'REPLACE';
  10905     TREL MAPARR SPNRARR 1 294 1 924 925; %TREL:10140
  10906     CLOSEF 924;
  10907     CLOSEF 925;
  10908     ENDPROCEDURE;
  10909   RUN; %RUN:10883
