 --- BIN FILE READ: header
  10598 INCLUDE 'header';
  10599   PROCEDURE LATTICE SEXTGX1 SEXTGX2 SEXTGY EB NURC                NUSL
                                 ;
  10600     VARIABLE VRF 1 1 1;
  10601     VARIABLE FREQ 1;
  10602     VARIABLE HNUM 1;
  10603     VARIABLE WCYC 1;
  10604     VARIABLE EBE 1;
  10605     VARIABLE BBE 1;
  10606     VARIABLE RCP 1;
  10607     VARIABLE LCP 1;
  10608     VARIABLE LEN_S 1;
  10609     VARIABLE SF1 1;
  10610     VARIABLE SF2 1;
  10611     VARIABLE SD 1;
  10612     VARIABLE A 1;
  10613     WCYC := REVFREQ(FACCLEN(1)); %REVFREQ: 9907 %FACCLEN:10535
  10614     EBE := EB;
  10615     RCP := NURC*WCYC;
  10616     LCP := NUSL*WCYC/G0/CONS(CHIM)*M0/Z0*AMU/EZERO;
  10617     A := 0.05;
  10618     LEN_S := 0.30;
  10619     SF1:= SEXTGX1;
  10620     SF2:= SEXTGX2;
  10621     SD:= SEXTGY;
  10622     HNUM := 66;
  10623     VRF(1, 1) := 100/HNUM;
  10624     FREQ := HNUM*WCYC;
  10625     WRITE 6 '********************************************';
  10626     WRITE 6 '*      FS NICA BYPASS 2 SEP 2022 (CW)      *';
  10627     WRITE 6 '********************************************';
  10628     WRITE 6 'REVOLUTION FREQUENCY: '&ST(REVFREQ(FACCLEN(1))/1E6)&' MHZ
                  '; %REVFREQ: 9907 %FACCLEN:10535
  10629     WRITE 6 'RF FREQUENCY: '&ST(FREQ/1E6)&' MHZ';
  10630     WRITE 6 'RC PARAMETER: '&ST(RCP);
  10631     UM; %UM: 1488
  10632     CR; %CR:  947
  10633     RF VRF 0 FREQ 0 0.05; %RF: 8697
  10634     QUAD 0.69 0 0.3171374291 ; %QUAD:10321
  10635     DL 0.1 ; %DL: 6559
  10636     DL 0.3 ; %DL: 6559
  10637     DL 0.11787 ; %DL: 6559
  10638     QUAD 0.785 0 -0.226233033 ; %QUAD:10321
  10639     DL 0.085 ; %DL: 6559
  10640     DL 0.215 ; %DL: 6559
  10641     SBEND 1.94 0.07853981588 0 0.03926990817 0.03586152553 0.039269908
                  17 0.03586152553 0.5 0.5 ; %SBEND:10385
  10642     DL 0.3 ; %DL: 6559
  10643     SBEND 1.94 0.07853981588 0 0.03926990817 0.03586152553 0.039269908
                  17 0.03586152553 0.5 0.5 ; %SBEND:10385
  10644     DL 0.3365 ; %DL: 6559
  10645     SOLENOID 0.3 LCP; %SOLENOID:10473
  10646     DL 0.076 ; %DL: 6559
  10647     QUAD 0.375 0 0.5001124874 ; %QUAD:10321
  10648     DL 5.1815 ; %DL: 6559
  10649     DL 0.3 ; %DL: 6559
  10650     DL 0.076 ; %DL: 6559
  10651     QUAD 0.235 0 -0.4914664358 ; %QUAD:10321
  10652     QUAD 0.235 0 -0.4914664358 ; %QUAD:10321
  10653     DL 5.144 ; %DL: 6559
  10654     DL 0.3 ; %DL: 6559
  10655     DL 0.076 ; %DL: 6559
  10656     QUAD 0.45 0 0.5131702161 ; %QUAD:10321
  10657     DL 0.675 ; %DL: 6559
  10658     SBEND 1.94 0.07853981588 0 0.03926990817 0.03586152553 0.039269908
                  17 0.03586152553 0.5 0.5 ; %SBEND:10385
  10659     DL 0.3 ; %DL: 6559
  10660     SBEND 1.94 0.07853981588 0 0.03926990817 0.03586152553 0.039269908
                  17 0.03586152553 0.5 0.5 ; %SBEND:10385
  10661     DL 0.289 ; %DL: 6559
  10662     MH LEN_S SD 0.05; %MH: 7153
  10663     DL 0.076 ; %DL: 6559
  10664     QUAD 0.235 0 -0.4914664358 ; %QUAD:10321
  10665     QUAD 0.235 0 -0.4914664358 ; %QUAD:10321
  10666     DL 0.665 ; %DL: 6559
  10667     SBEND 1.94 0.07853981588 0 0.03926990817 0.03586152553 0.039269908
                  17 0.03586152553 0.5 0.5 ; %SBEND:10385
  10668     DL 0.3 ; %DL: 6559
  10669     SBEND 1.94 0.07853981588 0 0.03926990817 0.03586152553 0.039269908
                  17 0.03586152553 0.5 0.5 ; %SBEND:10385
  10670     DL 0.289 ; %DL: 6559
  10671     MH LEN_S SF1 0.05; %MH: 7153
  10672     DL 0.076 ; %DL: 6559
  10673     QUAD 0.235 0 0.5110640912 ; %QUAD:10321
  10674     QUAD 0.235 0 0.5110640912 ; %QUAD:10321
  10675     DL 0.665 ; %DL: 6559
  10676     SBEND 1.94 0.07853981588 0 0.03926990817 0.03586152553 0.039269908
                  17 0.03586152553 0.5 0.5 ; %SBEND:10385
  10677     DL 0.3 ; %DL: 6559
  10678     SBEND 1.94 0.07853981588 0 0.03926990817 0.03586152553 0.039269908
                  17 0.03586152553 0.5 0.5 ; %SBEND:10385
  10679     DL 0.289 ; %DL: 6559
  10680     MH LEN_S SD 0.05; %MH: 7153
  10681     DL 0.076 ; %DL: 6559
  10682     QUAD 0.235 0 -0.4914664358 ; %QUAD:10321
  10683     QUAD 0.235 0 -0.4914664358 ; %QUAD:10321
  10684     DL 0.665 ; %DL: 6559
  10685     SBEND 1.94 0.07853981588 0 0.03926990817 0.03586152553 0.039269908
                  17 0.03586152553 0.5 0.5 ; %SBEND:10385
  10686     DL 0.3 ; %DL: 6559
  10687     SBEND 1.94 0.07853981588 0 0.03926990817 0.03586152553 0.039269908
                  17 0.03586152553 0.5 0.5 ; %SBEND:10385
  10688     DL 0.289 ; %DL: 6559
  10689     MH LEN_S SF2 0.05; %MH: 7153
  10690     DL 0.076 ; %DL: 6559
  10691     QUAD 0.235 0 0.5110640912 ; %QUAD:10321
  10692     QUAD 0.235 0 0.5110640912 ; %QUAD:10321
  10693     DL 0.665 ; %DL: 6559
  10694     SBEND 1.94 0.07853981588 0 0.03926990817 0.03586152553 0.039269908
                  17 0.03586152553 0.5 0.5 ; %SBEND:10385
  10695     DL 0.3 ; %DL: 6559
  10696     SBEND 1.94 0.07853981588 0 0.03926990817 0.03586152553 0.039269908
                  17 0.03586152553 0.5 0.5 ; %SBEND:10385
  10697     DL 0.289 ; %DL: 6559
  10698     MH LEN_S SD 0.05; %MH: 7153
  10699     DL 0.076 ; %DL: 6559
  10700     QUAD 0.235 0 -0.4914664358 ; %QUAD:10321
  10701     QUAD 0.235 0 -0.4914664358 ; %QUAD:10321
  10702     DL 0.665 ; %DL: 6559
  10703     SBEND 1.94 0.07853981588 0 0.03926990817 0.03586152553 0.039269908
                  17 0.03586152553 0.5 0.5 ; %SBEND:10385
  10704     DL 0.3 ; %DL: 6559
  10705     SBEND 1.94 0.07853981588 0 0.03926990817 0.03586152553 0.039269908
                  17 0.03586152553 0.5 0.5 ; %SBEND:10385
  10706     DL 0.289 ; %DL: 6559
  10707     MH LEN_S SF1 0.05; %MH: 7153
  10708     DL 0.076 ; %DL: 6559
  10709     QUAD 0.235 0 0.5110640912 ; %QUAD:10321
  10710     QUAD 0.235 0 0.5110640912 ; %QUAD:10321
  10711     DL 0.665 ; %DL: 6559
  10712     SBEND 1.94 0.07853981588 0 0.03926990817 0.03586152553 0.039269908
                  17 0.03586152553 0.5 0.5 ; %SBEND:10385
  10713     DL 0.3 ; %DL: 6559
  10714     SBEND 1.94 0.07853981588 0 0.03926990817 0.03586152553 0.039269908
                  17 0.03586152553 0.5 0.5 ; %SBEND:10385
  10715     DL 0.289 ; %DL: 6559
  10716     MH LEN_S SD 0.05; %MH: 7153
  10717     DL 0.076 ; %DL: 6559
  10718     QUAD 0.235 0 -0.4914664358 ; %QUAD:10321
  10719     QUAD 0.235 0 -0.4914664358 ; %QUAD:10321
  10720     DL 0.665 ; %DL: 6559
  10721     SBEND 1.94 0.07853981588 0 0.03926990817 0.03586152553 0.039269908
                  17 0.03586152553 0.5 0.5 ; %SBEND:10385
  10722     DL 0.3 ; %DL: 6559
  10723     SBEND 1.94 0.07853981588 0 0.03926990817 0.03586152553 0.039269908
                  17 0.03586152553 0.5 0.5 ; %SBEND:10385
  10724     DL 0.289 ; %DL: 6559
  10725     MH LEN_S SF2 0.05; %MH: 7153
  10726     DL 0.076 ; %DL: 6559
  10727     QUAD 0.235 0 0.5110640912 ; %QUAD:10321
  10728     QUAD 0.235 0 0.5110640912 ; %QUAD:10321
  10729     DL 0.665 ; %DL: 6559
  10730     SBEND 1.94 0.07853981588 0 0.03926990817 0.03586152553 0.039269908
                  17 0.03586152553 0.5 0.5 ; %SBEND:10385
  10731     DL 0.3 ; %DL: 6559
  10732     SBEND 1.94 0.07853981588 0 0.03926990817 0.03586152553 0.039269908
                  17 0.03586152553 0.5 0.5 ; %SBEND:10385
  10733     DL 0.289 ; %DL: 6559
  10734     MH LEN_S SD 0.05; %MH: 7153
  10735     DL 0.076 ; %DL: 6559
  10736     QUAD 0.235 0 -0.4914664358 ; %QUAD:10321
  10737     QUAD 0.235 0 -0.4914664358 ; %QUAD:10321
  10738     DL 0.665 ; %DL: 6559
  10739     SBEND 1.94 0.07853981588 0 0.03926990817 0.03586152553 0.039269908
                  17 0.03586152553 0.5 0.5 ; %SBEND:10385
  10740     DL 0.3 ; %DL: 6559
  10741     SBEND 1.94 0.07853981588 0 0.03926990817 0.03586152553 0.039269908
                  17 0.03586152553 0.5 0.5 ; %SBEND:10385
  10742     DL 0.289 ; %DL: 6559
  10743     MH LEN_S SF1 0.05; %MH: 7153
  10744     DL 0.076 ; %DL: 6559
  10745     QUAD 0.235 0 0.5110640912 ; %QUAD:10321
  10746     QUAD 0.235 0 0.5110640912 ; %QUAD:10321
  10747     DL 0.665 ; %DL: 6559
  10748     SBEND 1.94 0.07853981588 0 0.03926990817 0.03586152553 0.039269908
                  17 0.03586152553 0.5 0.5 ; %SBEND:10385
  10749     DL 0.3 ; %DL: 6559
  10750     SBEND 1.94 0.07853981588 0 0.03926990817 0.03586152553 0.039269908
                  17 0.03586152553 0.5 0.5 ; %SBEND:10385
  10751     DL 0.289 ; %DL: 6559
  10752     MH LEN_S SD 0.05; %MH: 7153
  10753     DL 0.076 ; %DL: 6559
  10754     QUAD 0.235 0 -0.4914664358 ; %QUAD:10321
  10755     QUAD 0.235 0 -0.4914664358 ; %QUAD:10321
  10756     DL 0.665 ; %DL: 6559
  10757     SBEND 1.94 0.07853981588 0 0.03926990817 0.03586152553 0.039269908
                  17 0.03586152553 0.5 0.5 ; %SBEND:10385
  10758     DL 0.3 ; %DL: 6559
  10759     SBEND 1.94 0.07853981588 0 0.03926990817 0.03586152553 0.039269908
                  17 0.03586152553 0.5 0.5 ; %SBEND:10385
  10760     DL 0.289 ; %DL: 6559
  10761     MH LEN_S SF2 0.05; %MH: 7153
  10762     DL 0.076 ; %DL: 6559
  10763     QUAD 0.235 0 0.5110640912 ; %QUAD:10321
  10764     QUAD 0.235 0 0.5110640912 ; %QUAD:10321
  10765     DL 0.665 ; %DL: 6559
  10766     SBEND 1.94 0.07853981588 0 0.03926990817 0.03586152553 0.039269908
                  17 0.03586152553 0.5 0.5 ; %SBEND:10385
  10767     DL 0.3 ; %DL: 6559
  10768     SBEND 1.94 0.07853981588 0 0.03926990817 0.03586152553 0.039269908
                  17 0.03586152553 0.5 0.5 ; %SBEND:10385
  10769     DL 0.289 ; %DL: 6559
  10770     MH LEN_S SD 0.05; %MH: 7153
  10771     DL 0.076 ; %DL: 6559
  10772     QUAD 0.235 0 -0.4914664358 ; %QUAD:10321
  10773     QUAD 0.235 0 -0.4914664358 ; %QUAD:10321
  10774     DL 0.665 ; %DL: 6559
  10775     SBEND 1.94 0.07853981588 0 0.03926990817 0.03586152553 0.039269908
                  17 0.03586152553 0.5 0.5 ; %SBEND:10385
  10776     DL 0.3 ; %DL: 6559
  10777     SBEND 1.94 0.07853981588 0 0.03926990817 0.03586152553 0.039269908
                  17 0.03586152553 0.5 0.5 ; %SBEND:10385
  10778     DL 0.289 ; %DL: 6559
  10779     MH LEN_S SF1 0.05; %MH: 7153
  10780     DL 0.076 ; %DL: 6559
  10781     QUAD 0.235 0 0.5110640912 ; %QUAD:10321
  10782     QUAD 0.235 0 0.5110640912 ; %QUAD:10321
  10783     DL 0.665 ; %DL: 6559
  10784     SBEND 1.94 0.07853981588 0 0.03926990817 0.03586152553 0.039269908
                  17 0.03586152553 0.5 0.5 ; %SBEND:10385
  10785     DL 0.3 ; %DL: 6559
  10786     SBEND 1.94 0.07853981588 0 0.03926990817 0.03586152553 0.039269908
                  17 0.03586152553 0.5 0.5 ; %SBEND:10385
  10787     DL 0.289 ; %DL: 6559
  10788     MH LEN_S SD 0.05; %MH: 7153
  10789     DL 0.076 ; %DL: 6559
  10790     QUAD 0.235 0 -0.4914664358 ; %QUAD:10321
  10791     QUAD 0.235 0 -0.4914664358 ; %QUAD:10321
  10792     DL 0.665 ; %DL: 6559
  10793     SBEND 1.94 0.07853981588 0 0.03926990817 0.03586152553 0.039269908
                  17 0.03586152553 0.5 0.5 ; %SBEND:10385
  10794     DL 0.3 ; %DL: 6559
  10795     SBEND 1.94 0.07853981588 0 0.03926990817 0.03586152553 0.039269908
                  17 0.03586152553 0.5 0.5 ; %SBEND:10385
  10796     DL 0.289 ; %DL: 6559
  10797     MH LEN_S SF2 0.05; %MH: 7153
  10798     DL 0.076 ; %DL: 6559
  10799     QUAD 0.235 0 0.5110640912 ; %QUAD:10321
  10800     QUAD 0.235 0 0.5110640912 ; %QUAD:10321
  10801     DL 0.665 ; %DL: 6559
  10802     SBEND 1.94 0.07853981588 0 0.03926990817 0.03586152553 0.039269908
                  17 0.03586152553 0.5 0.5 ; %SBEND:10385
  10803     DL 0.3 ; %DL: 6559
  10804     SBEND 1.94 0.07853981588 0 0.03926990817 0.03586152553 0.039269908
                  17 0.03586152553 0.5 0.5 ; %SBEND:10385
  10805     DL 0.289 ; %DL: 6559
  10806     DL 0.3 ; %DL: 6559
  10807     DL 0.076 ; %DL: 6559
  10808     QUAD 0.235 0 -0.4914664358 ; %QUAD:10321
  10809     QUAD 0.235 0 -0.4914664358 ; %QUAD:10321
  10810     DL 0.665 ; %DL: 6559
  10811     SBEND 1.94 0.07853981588 0 0.03926990817 0.03586152553 0.039269908
                  17 0.03586152553 0.5 0.5 ; %SBEND:10385
  10812     DL 0.3 ; %DL: 6559
  10813     SBEND 1.94 0.07853981588 0 0.03926990817 0.03586152553 0.039269908
                  17 0.03586152553 0.5 0.5 ; %SBEND:10385
  10814     DL 0.299 ; %DL: 6559
  10815     DL 0.3 ; %DL: 6559
  10816     DL 0.076 ; %DL: 6559
  10817     QUAD 0.45 0 0.5131702161 ; %QUAD:10321
  10818     DL 5.144 ; %DL: 6559
  10819     DL 0.3 ; %DL: 6559
  10820     DL 0.076 ; %DL: 6559
  10821     QUAD 0.235 0 -0.4914664358 ; %QUAD:10321
  10822     QUAD 0.235 0 -0.4914664358 ; %QUAD:10321
  10823     DL 5.1815 ; %DL: 6559
  10824     DL 0.3 ; %DL: 6559
  10825     DL 0.076 ; %DL: 6559
  10826     QUAD 0.375 0 0.5001124874 ; %QUAD:10321
  10827     DL 0.7125 ; %DL: 6559
  10828     SBEND 1.94 0.07853981588 0 0.03926990817 0.03586152553 0.039269908
                  17 0.03586152553 0.5 0.5 ; %SBEND:10385
  10829     DL 0.3 ; %DL: 6559
  10830     SBEND 1.94 0.07853981588 0 0.03926990817 0.03586152553 0.039269908
                  17 0.03586152553 0.5 0.5 ; %SBEND:10385
  10831     DL 0.215 ; %DL: 6559
  10832     DL 0.085 ; %DL: 6559
  10833     QUAD 0.785 0 -0.226233033 ; %QUAD:10321
  10834     DL 0.11787 ; %DL: 6559
  10835     DL 0.3 ; %DL: 6559
  10836     DL 0.1 ; %DL: 6559
  10837     QUAD 0.69 0 0.3171374291 ; %QUAD:10321
  10838     DL 1.3422 ; %DL: 6559
  10839     QUAD 0.235 0 -0.5528006412 ; %QUAD:10321
  10840     QUAD 0.235 0 -0.5528006412 ; %QUAD:10321
  10841     DL 5.90875 ; %DL: 6559
  10842     QUAD 0.235 0 0.4937228226 ; %QUAD:10321
  10843     QUAD 0.235 0 0.4937228226 ; %QUAD:10321
  10844     DL 5.90875 ; %DL: 6559
  10845     QUAD 0.235 0 -0.5528006412 ; %QUAD:10321
  10846     QUAD 0.235 0 -0.5528006412 ; %QUAD:10321
  10847     DL 5.90875 ; %DL: 6559
  10848     QUAD 0.235 0 0.4937228226 ; %QUAD:10321
  10849     QUAD 0.235 0 0.4937228226 ; %QUAD:10321
  10850     DL 5.90875 ; %DL: 6559
  10851     QUAD 0.235 0 -0.5528006412 ; %QUAD:10321
  10852     QUAD 0.235 0 -0.5528006412 ; %QUAD:10321
  10853     DL 0.4166853 ; %DL: 6559
  10854     WIEN 5.0753794 BBE EBE 0; %WIEN:10506
  10855     DL 0.4166853 ; %DL: 6559
  10856     QUAD 0.235 0 0.4937228226 ; %QUAD:10321
  10857     QUAD 0.235 0 0.4937228226 ; %QUAD:10321
  10858     DL 0.4166853 ; %DL: 6559
  10859     WIEN 5.0753794 BBE EBE 0; %WIEN:10506
  10860     DL 0.4166853 ; %DL: 6559
  10861     QUAD 0.235 0 -0.5528006412 ; %QUAD:10321
  10862     QUAD 0.235 0 -0.5528006412 ; %QUAD:10321
  10863     DL 0.4166853 ; %DL: 6559
  10864     WIEN 5.0753794 BBE EBE 0; %WIEN:10506
  10865     DL 0.4166853 ; %DL: 6559
  10866     QUAD 0.235 0 0.4937228226 ; %QUAD:10321
  10867     QUAD 0.235 0 0.4937228226 ; %QUAD:10321
  10868     DL 0.4166853 ; %DL: 6559
  10869     WIEN 5.0753794 BBE EBE 0; %WIEN:10506
  10870     DL 0.4166853 ; %DL: 6559
  10871     QUAD 0.235 0 -0.5528006412 ; %QUAD:10321
  10872     QUAD 0.235 0 -0.5528006412 ; %QUAD:10321
  10873     DL 0.4166853 ; %DL: 6559
  10874     WIEN 5.0753794 BBE EBE 0; %WIEN:10506
  10875     DL 0.4166853 ; %DL: 6559
  10876     QUAD 0.235 0 0.4937228226 ; %QUAD:10321
  10877     QUAD 0.235 0 0.4937228226 ; %QUAD:10321
  10878     DL 0.4166853 ; %DL: 6559
  10879     WIEN 5.0753794 BBE EBE 0; %WIEN:10506
  10880     DL 0.4166853 ; %DL: 6559
  10881     QUAD 0.235 0 -0.5528006412 ; %QUAD:10321
  10882     QUAD 0.235 0 -0.5528006412 ; %QUAD:10321
  10883     DL 5.90875 ; %DL: 6559
  10884     QUAD 0.235 0 0.4937228226 ; %QUAD:10321
  10885     QUAD 0.235 0 0.4937228226 ; %QUAD:10321
  10886     DL 5.90875 ; %DL: 6559
  10887     QUAD 0.235 0 -0.5528006412 ; %QUAD:10321
  10888     QUAD 0.235 0 -0.5528006412 ; %QUAD:10321
  10889     DL 5.90875 ; %DL: 6559
  10890     QUAD 0.235 0 0.4937228226 ; %QUAD:10321
  10891     QUAD 0.235 0 0.4937228226 ; %QUAD:10321
  10892     DL 5.90875 ; %DL: 6559
  10893     QUAD 0.235 0 -0.5528006412 ; %QUAD:10321
  10894     QUAD 0.235 0 -0.5528006412 ; %QUAD:10321
  10895     DL 5.90875 ; %DL: 6559
  10896     QUAD 0.235 0 0.4937228226 ; %QUAD:10321
  10897     QUAD 0.235 0 0.4937228226 ; %QUAD:10321
  10898     DL 5.90875 ; %DL: 6559
  10899     QUAD 0.235 0 -0.5528006412 ; %QUAD:10321
  10900     QUAD 0.235 0 -0.5528006412 ; %QUAD:10321
  10901     DL 1.3422 ; %DL: 6559
  10902     QUAD 0.69 0 0.3171374291 ; %QUAD:10321
  10903     DL 0.1 ; %DL: 6559
  10904     DL 0.3 ; %DL: 6559
  10905     DL 0.11787 ; %DL: 6559
  10906     QUAD 0.785 0 -0.226233033 ; %QUAD:10321
  10907     DL 0.085 ; %DL: 6559
  10908     DL 0.215 ; %DL: 6559
  10909     SBEND 1.94 0.07853981588 0 0.03926990817 0.03586152553 0.039269908
                  17 0.03586152553 0.5 0.5 ; %SBEND:10385
  10910     DL 0.3 ; %DL: 6559
  10911     SBEND 1.94 0.07853981588 0 0.03926990817 0.03586152553 0.039269908
                  17 0.03586152553 0.5 0.5 ; %SBEND:10385
  10912     DL 0.3365 ; %DL: 6559
  10913     DL 0.3 ; %DL: 6559
  10914     DL 0.076 ; %DL: 6559
  10915     QUAD 0.375 0 0.5001124874 ; %QUAD:10321
  10916     DL 5.1815 ; %DL: 6559
  10917     DL 0.3 ; %DL: 6559
  10918     DL 0.076 ; %DL: 6559
  10919     QUAD 0.235 0 -0.4914664358 ; %QUAD:10321
  10920     QUAD 0.235 0 -0.4914664358 ; %QUAD:10321
  10921     DL 5.144 ; %DL: 6559
  10922     DL 0.3 ; %DL: 6559
  10923     DL 0.076 ; %DL: 6559
  10924     QUAD 0.45 0 0.5131702161 ; %QUAD:10321
  10925     DL 0.675 ; %DL: 6559
  10926     SBEND 1.94 0.07853981588 0 0.03926990817 0.03586152553 0.039269908
                  17 0.03586152553 0.5 0.5 ; %SBEND:10385
  10927     DL 0.3 ; %DL: 6559
  10928     SBEND 1.94 0.07853981588 0 0.03926990817 0.03586152553 0.039269908
                  17 0.03586152553 0.5 0.5 ; %SBEND:10385
  10929     DL 0.289 ; %DL: 6559
  10930     MH LEN_S SD 0.05; %MH: 7153
  10931     DL 0.076 ; %DL: 6559
  10932     QUAD 0.235 0 -0.4914664358 ; %QUAD:10321
  10933     QUAD 0.235 0 -0.4914664358 ; %QUAD:10321
  10934     DL 0.665 ; %DL: 6559
  10935     SBEND 1.94 0.07853981588 0 0.03926990817 0.03586152553 0.039269908
                  17 0.03586152553 0.5 0.5 ; %SBEND:10385
  10936     DL 0.3 ; %DL: 6559
  10937     SBEND 1.94 0.07853981588 0 0.03926990817 0.03586152553 0.039269908
                  17 0.03586152553 0.5 0.5 ; %SBEND:10385
  10938     DL 0.289 ; %DL: 6559
  10939     MH LEN_S SF1 0.05; %MH: 7153
  10940     DL 0.076 ; %DL: 6559
  10941     QUAD 0.235 0 0.5110640912 ; %QUAD:10321
  10942     QUAD 0.235 0 0.5110640912 ; %QUAD:10321
  10943     DL 0.665 ; %DL: 6559
  10944     SBEND 1.94 0.07853981588 0 0.03926990817 0.03586152553 0.039269908
                  17 0.03586152553 0.5 0.5 ; %SBEND:10385
  10945     DL 0.3 ; %DL: 6559
  10946     SBEND 1.94 0.07853981588 0 0.03926990817 0.03586152553 0.039269908
                  17 0.03586152553 0.5 0.5 ; %SBEND:10385
  10947     DL 0.289 ; %DL: 6559
  10948     MH LEN_S SD 0.05; %MH: 7153
  10949     DL 0.076 ; %DL: 6559
  10950     QUAD 0.235 0 -0.4914664358 ; %QUAD:10321
  10951     QUAD 0.235 0 -0.4914664358 ; %QUAD:10321
  10952     DL 0.665 ; %DL: 6559
  10953     SBEND 1.94 0.07853981588 0 0.03926990817 0.03586152553 0.039269908
                  17 0.03586152553 0.5 0.5 ; %SBEND:10385
  10954     DL 0.3 ; %DL: 6559
  10955     SBEND 1.94 0.07853981588 0 0.03926990817 0.03586152553 0.039269908
                  17 0.03586152553 0.5 0.5 ; %SBEND:10385
  10956     DL 0.289 ; %DL: 6559
  10957     MH LEN_S SF2 0.05; %MH: 7153
  10958     DL 0.076 ; %DL: 6559
  10959     QUAD 0.235 0 0.5110640912 ; %QUAD:10321
  10960     QUAD 0.235 0 0.5110640912 ; %QUAD:10321
  10961     DL 0.665 ; %DL: 6559
  10962     SBEND 1.94 0.07853981588 0 0.03926990817 0.03586152553 0.039269908
                  17 0.03586152553 0.5 0.5 ; %SBEND:10385
  10963     DL 0.3 ; %DL: 6559
  10964     SBEND 1.94 0.07853981588 0 0.03926990817 0.03586152553 0.039269908
                  17 0.03586152553 0.5 0.5 ; %SBEND:10385
  10965     DL 0.289 ; %DL: 6559
  10966     MH LEN_S SD 0.05; %MH: 7153
  10967     DL 0.076 ; %DL: 6559
  10968     QUAD 0.235 0 -0.4914664358 ; %QUAD:10321
  10969     QUAD 0.235 0 -0.4914664358 ; %QUAD:10321
  10970     DL 0.665 ; %DL: 6559
  10971     SBEND 1.94 0.07853981588 0 0.03926990817 0.03586152553 0.039269908
                  17 0.03586152553 0.5 0.5 ; %SBEND:10385
  10972     DL 0.3 ; %DL: 6559
  10973     SBEND 1.94 0.07853981588 0 0.03926990817 0.03586152553 0.039269908
                  17 0.03586152553 0.5 0.5 ; %SBEND:10385
  10974     DL 0.289 ; %DL: 6559
  10975     MH LEN_S SF1 0.05; %MH: 7153
  10976     DL 0.076 ; %DL: 6559
  10977     QUAD 0.235 0 0.5110640912 ; %QUAD:10321
  10978     QUAD 0.235 0 0.5110640912 ; %QUAD:10321
  10979     DL 0.665 ; %DL: 6559
  10980     SBEND 1.94 0.07853981588 0 0.03926990817 0.03586152553 0.039269908
                  17 0.03586152553 0.5 0.5 ; %SBEND:10385
  10981     DL 0.3 ; %DL: 6559
  10982     SBEND 1.94 0.07853981588 0 0.03926990817 0.03586152553 0.039269908
                  17 0.03586152553 0.5 0.5 ; %SBEND:10385
  10983     DL 0.289 ; %DL: 6559
  10984     MH LEN_S SD 0.05; %MH: 7153
  10985     DL 0.076 ; %DL: 6559
  10986     QUAD 0.235 0 -0.4914664358 ; %QUAD:10321
  10987     QUAD 0.235 0 -0.4914664358 ; %QUAD:10321
  10988     DL 0.665 ; %DL: 6559
  10989     SBEND 1.94 0.07853981588 0 0.03926990817 0.03586152553 0.039269908
                  17 0.03586152553 0.5 0.5 ; %SBEND:10385
  10990     DL 0.3 ; %DL: 6559
  10991     SBEND 1.94 0.07853981588 0 0.03926990817 0.03586152553 0.039269908
                  17 0.03586152553 0.5 0.5 ; %SBEND:10385
  10992     DL 0.289 ; %DL: 6559
  10993     MH LEN_S SF2 0.05; %MH: 7153
  10994     DL 0.076 ; %DL: 6559
  10995     QUAD 0.235 0 0.5110640912 ; %QUAD:10321
  10996     QUAD 0.235 0 0.5110640912 ; %QUAD:10321
  10997     DL 0.665 ; %DL: 6559
  10998     SBEND 1.94 0.07853981588 0 0.03926990817 0.03586152553 0.039269908
                  17 0.03586152553 0.5 0.5 ; %SBEND:10385
  10999     DL 0.3 ; %DL: 6559
  11000     SBEND 1.94 0.07853981588 0 0.03926990817 0.03586152553 0.039269908
                  17 0.03586152553 0.5 0.5 ; %SBEND:10385
  11001     DL 0.289 ; %DL: 6559
  11002     MH LEN_S SD 0.05; %MH: 7153
  11003     DL 0.076 ; %DL: 6559
  11004     QUAD 0.235 0 -0.4914664358 ; %QUAD:10321
  11005     QUAD 0.235 0 -0.4914664358 ; %QUAD:10321
  11006     DL 0.665 ; %DL: 6559
  11007     SBEND 1.94 0.07853981588 0 0.03926990817 0.03586152553 0.039269908
                  17 0.03586152553 0.5 0.5 ; %SBEND:10385
  11008     DL 0.3 ; %DL: 6559
  11009     SBEND 1.94 0.07853981588 0 0.03926990817 0.03586152553 0.039269908
                  17 0.03586152553 0.5 0.5 ; %SBEND:10385
  11010     DL 0.289 ; %DL: 6559
  11011     MH LEN_S SF1 0.05; %MH: 7153
  11012     DL 0.076 ; %DL: 6559
  11013     QUAD 0.235 0 0.5110640912 ; %QUAD:10321
  11014     QUAD 0.235 0 0.5110640912 ; %QUAD:10321
  11015     DL 0.665 ; %DL: 6559
  11016     SBEND 1.94 0.07853981588 0 0.03926990817 0.03586152553 0.039269908
                  17 0.03586152553 0.5 0.5 ; %SBEND:10385
  11017     DL 0.3 ; %DL: 6559
  11018     SBEND 1.94 0.07853981588 0 0.03926990817 0.03586152553 0.039269908
                  17 0.03586152553 0.5 0.5 ; %SBEND:10385
  11019     DL 0.289 ; %DL: 6559
  11020     MH LEN_S SD 0.05; %MH: 7153
  11021     DL 0.076 ; %DL: 6559
  11022     QUAD 0.235 0 -0.4914664358 ; %QUAD:10321
  11023     QUAD 0.235 0 -0.4914664358 ; %QUAD:10321
  11024     DL 0.665 ; %DL: 6559
  11025     SBEND 1.94 0.07853981588 0 0.03926990817 0.03586152553 0.039269908
                  17 0.03586152553 0.5 0.5 ; %SBEND:10385
  11026     DL 0.3 ; %DL: 6559
  11027     SBEND 1.94 0.07853981588 0 0.03926990817 0.03586152553 0.039269908
                  17 0.03586152553 0.5 0.5 ; %SBEND:10385
  11028     DL 0.289 ; %DL: 6559
  11029     MH LEN_S SF2 0.05; %MH: 7153
  11030     DL 0.076 ; %DL: 6559
  11031     QUAD 0.235 0 0.5110640912 ; %QUAD:10321
  11032     QUAD 0.235 0 0.5110640912 ; %QUAD:10321
  11033     DL 0.665 ; %DL: 6559
  11034     SBEND 1.94 0.07853981588 0 0.03926990817 0.03586152553 0.039269908
                  17 0.03586152553 0.5 0.5 ; %SBEND:10385
  11035     DL 0.3 ; %DL: 6559
  11036     SBEND 1.94 0.07853981588 0 0.03926990817 0.03586152553 0.039269908
                  17 0.03586152553 0.5 0.5 ; %SBEND:10385
  11037     DL 0.289 ; %DL: 6559
  11038     MH LEN_S SD 0.05; %MH: 7153
  11039     DL 0.076 ; %DL: 6559
  11040     QUAD 0.235 0 -0.4914664358 ; %QUAD:10321
  11041     QUAD 0.235 0 -0.4914664358 ; %QUAD:10321
  11042     DL 0.665 ; %DL: 6559
  11043     SBEND 1.94 0.07853981588 0 0.03926990817 0.03586152553 0.039269908
                  17 0.03586152553 0.5 0.5 ; %SBEND:10385
  11044     DL 0.3 ; %DL: 6559
  11045     SBEND 1.94 0.07853981588 0 0.03926990817 0.03586152553 0.039269908
                  17 0.03586152553 0.5 0.5 ; %SBEND:10385
  11046     DL 0.289 ; %DL: 6559
  11047     MH LEN_S SF1 0.05; %MH: 7153
  11048     DL 0.076 ; %DL: 6559
  11049     QUAD 0.235 0 0.5110640912 ; %QUAD:10321
  11050     QUAD 0.235 0 0.5110640912 ; %QUAD:10321
  11051     DL 0.665 ; %DL: 6559
  11052     SBEND 1.94 0.07853981588 0 0.03926990817 0.03586152553 0.039269908
                  17 0.03586152553 0.5 0.5 ; %SBEND:10385
  11053     DL 0.3 ; %DL: 6559
  11054     SBEND 1.94 0.07853981588 0 0.03926990817 0.03586152553 0.039269908
                  17 0.03586152553 0.5 0.5 ; %SBEND:10385
  11055     DL 0.289 ; %DL: 6559
  11056     MH LEN_S SD 0.05; %MH: 7153
  11057     DL 0.076 ; %DL: 6559
  11058     QUAD 0.235 0 -0.4914664358 ; %QUAD:10321
  11059     QUAD 0.235 0 -0.4914664358 ; %QUAD:10321
  11060     DL 0.665 ; %DL: 6559
  11061     SBEND 1.94 0.07853981588 0 0.03926990817 0.03586152553 0.039269908
                  17 0.03586152553 0.5 0.5 ; %SBEND:10385
  11062     DL 0.3 ; %DL: 6559
  11063     SBEND 1.94 0.07853981588 0 0.03926990817 0.03586152553 0.039269908
                  17 0.03586152553 0.5 0.5 ; %SBEND:10385
  11064     DL 0.289 ; %DL: 6559
  11065     MH LEN_S SF2 0.05; %MH: 7153
  11066     DL 0.076 ; %DL: 6559
  11067     QUAD 0.235 0 0.5110640912 ; %QUAD:10321
  11068     QUAD 0.235 0 0.5110640912 ; %QUAD:10321
  11069     DL 0.665 ; %DL: 6559
  11070     SBEND 1.94 0.07853981588 0 0.03926990817 0.03586152553 0.039269908
                  17 0.03586152553 0.5 0.5 ; %SBEND:10385
  11071     DL 0.3 ; %DL: 6559
  11072     SBEND 1.94 0.07853981588 0 0.03926990817 0.03586152553 0.039269908
                  17 0.03586152553 0.5 0.5 ; %SBEND:10385
  11073     DL 0.289 ; %DL: 6559
  11074     DL 0.3 ; %DL: 6559
  11075     DL 0.076 ; %DL: 6559
  11076     QUAD 0.235 0 -0.4914664358 ; %QUAD:10321
  11077     QUAD 0.235 0 -0.4914664358 ; %QUAD:10321
  11078     DL 0.665 ; %DL: 6559
  11079     SBEND 1.94 0.07853981588 0 0.03926990817 0.03586152553 0.039269908
                  17 0.03586152553 0.5 0.5 ; %SBEND:10385
  11080     DL 0.3 ; %DL: 6559
  11081     SBEND 1.94 0.07853981588 0 0.03926990817 0.03586152553 0.039269908
                  17 0.03586152553 0.5 0.5 ; %SBEND:10385
  11082     DL 0.299 ; %DL: 6559
  11083     DL 0.3 ; %DL: 6559
  11084     DL 0.076 ; %DL: 6559
  11085     QUAD 0.45 0 0.5131702161 ; %QUAD:10321
  11086     DL 5.144 ; %DL: 6559
  11087     DL 0.3 ; %DL: 6559
  11088     DL 0.076 ; %DL: 6559
  11089     QUAD 0.235 0 -0.4914664358 ; %QUAD:10321
  11090     QUAD 0.235 0 -0.4914664358 ; %QUAD:10321
  11091     DL 5.1815 ; %DL: 6559
  11092     DL 0.3 ; %DL: 6559
  11093     DL 0.076 ; %DL: 6559
  11094     QUAD 0.375 0 0.5001124874 ; %QUAD:10321
  11095     DL 0.7125 ; %DL: 6559
  11096     SBEND 1.94 0.07853981588 0 0.03926990817 0.03586152553 0.039269908
                  17 0.03586152553 0.5 0.5 ; %SBEND:10385
  11097     DL 0.3 ; %DL: 6559
  11098     SBEND 1.94 0.07853981588 0 0.03926990817 0.03586152553 0.039269908
                  17 0.03586152553 0.5 0.5 ; %SBEND:10385
  11099     DL 0.215 ; %DL: 6559
  11100     DL 0.085 ; %DL: 6559
  11101     QUAD 0.785 0 -0.226233033 ; %QUAD:10321
  11102     DL 0.11787 ; %DL: 6559
  11103     DL 0.3 ; %DL: 6559
  11104     DL 0.1 ; %DL: 6559
  11105     QUAD 0.69 0 0.3171374291 ; %QUAD:10321
  11106     DL 1.3422 ; %DL: 6559
  11107     QUAD 0.235 0 -0.5528006412 ; %QUAD:10321
  11108     QUAD 0.235 0 -0.5528006412 ; %QUAD:10321
  11109     DL 5.90875 ; %DL: 6559
  11110     QUAD 0.235 0 0.4937228226 ; %QUAD:10321
  11111     QUAD 0.235 0 0.4937228226 ; %QUAD:10321
  11112     DL 5.90875 ; %DL: 6559
  11113     QUAD 0.235 0 -0.5528006412 ; %QUAD:10321
  11114     QUAD 0.235 0 -0.5528006412 ; %QUAD:10321
  11115     DL 5.90875 ; %DL: 6559
  11116     QUAD 0.235 0 0.4937228226 ; %QUAD:10321
  11117     QUAD 0.235 0 0.4937228226 ; %QUAD:10321
  11118     DL 5.90875 ; %DL: 6559
  11119     QUAD 0.235 0 -0.5528006412 ; %QUAD:10321
  11120     QUAD 0.235 0 -0.5528006412 ; %QUAD:10321
  11121     DL 0.4166853 ; %DL: 6559
  11122     WIEN 5.0753794 BBE EBE 0; %WIEN:10506
  11123     DL 0.4166853 ; %DL: 6559
  11124     QUAD 0.235 0 0.4937228226 ; %QUAD:10321
  11125     QUAD 0.235 0 0.4937228226 ; %QUAD:10321
  11126     DL 0.4166853 ; %DL: 6559
  11127     WIEN 5.0753794 BBE EBE 0; %WIEN:10506
  11128     DL 0.4166853 ; %DL: 6559
  11129     QUAD 0.235 0 -0.5528006412 ; %QUAD:10321
  11130     QUAD 0.235 0 -0.5528006412 ; %QUAD:10321
  11131     DL 0.4166853 ; %DL: 6559
  11132     WIEN 5.0753794 BBE EBE 0; %WIEN:10506
  11133     DL 0.4166853 ; %DL: 6559
  11134     QUAD 0.235 0 0.4937228226 ; %QUAD:10321
  11135     QUAD 0.235 0 0.4937228226 ; %QUAD:10321
  11136     DL 0.4166853 ; %DL: 6559
  11137     WIEN 5.0753794 BBE EBE 0; %WIEN:10506
  11138     DL 0.4166853 ; %DL: 6559
  11139     QUAD 0.235 0 -0.5528006412 ; %QUAD:10321
  11140     QUAD 0.235 0 -0.5528006412 ; %QUAD:10321
  11141     DL 0.4166853 ; %DL: 6559
  11142     WIEN 5.0753794 BBE EBE 0; %WIEN:10506
  11143     DL 0.4166853 ; %DL: 6559
  11144     QUAD 0.235 0 0.4937228226 ; %QUAD:10321
  11145     QUAD 0.235 0 0.4937228226 ; %QUAD:10321
  11146     DL 0.4166853 ; %DL: 6559
  11147     WIEN 5.0753794 BBE EBE 0; %WIEN:10506
  11148     DL 0.4166853 ; %DL: 6559
  11149     QUAD 0.235 0 -0.5528006412 ; %QUAD:10321
  11150     QUAD 0.235 0 -0.5528006412 ; %QUAD:10321
  11151     DL 5.90875 ; %DL: 6559
  11152     QUAD 0.235 0 0.4937228226 ; %QUAD:10321
  11153     QUAD 0.235 0 0.4937228226 ; %QUAD:10321
  11154     DL 5.90875 ; %DL: 6559
  11155     QUAD 0.235 0 -0.5528006412 ; %QUAD:10321
  11156     QUAD 0.235 0 -0.5528006412 ; %QUAD:10321
  11157     DL 5.90875 ; %DL: 6559
  11158     QUAD 0.235 0 0.4937228226 ; %QUAD:10321
  11159     QUAD 0.235 0 0.4937228226 ; %QUAD:10321
  11160     DL 5.90875 ; %DL: 6559
  11161     QUAD 0.235 0 -0.5528006412 ; %QUAD:10321
  11162     QUAD 0.235 0 -0.5528006412 ; %QUAD:10321
  11163     DL 5.90875 ; %DL: 6559
  11164     QUAD 0.235 0 0.4937228226 ; %QUAD:10321
  11165     QUAD 0.235 0 0.4937228226 ; %QUAD:10321
  11166     DL 5.90875 ; %DL: 6559
  11167     QUAD 0.235 0 -0.5528006412 ; %QUAD:10321
  11168     QUAD 0.235 0 -0.5528006412 ; %QUAD:10321
  11169     DL 1.3422 ; %DL: 6559
  11170     ENDPROCEDURE;
 --- BIN FILE WRITTEN: FULL_SEX_wRC
  11171   SAVE 'FULL_SEX_wRC';
