 --- BIN FILE READ: header
  10598 INCLUDE 'header';
  10599   PROCEDURE LATTICE SEXTGX1 SEXTGY1 EB1 RFFLAG MAPARR SPNRARR;
  10600     VARIABLE VRF 1 1 1;
  10601     VARIABLE FREQ 1;
  10602     VARIABLE HNUM 1;
  10603     VARIABLE I 1;
  10604     VARIABLE LEN_S 1;
  10605     VARIABLE A 1;
  10606     VARIABLE LEN_S_1 1;
  10607     VARIABLE EBE 1;
  10608     VARIABLE BBE 1;
  10609     VARIABLE SF 1;
  10610     VARIABLE SD 1;
  10611     VARIABLE QF 1;
  10612     VARIABLE QD 1;
  10613     VARIABLE QF1 1;
  10614     VARIABLE QD1 1;
  10615     EBE := EB1;
  10616     LEN_S := 0.000001;
  10617     SF  := SEXTGX1;
  10618     SD  := SEXTGY1;
  10619     QF:=  1.183638513;
  10620     QD:= -1.162281019;
  10621     QF1:=  1.076386749;
  10622     QD1:=  -1.208710354;
  10623     HNUM := 66;
  10624     VRF(1, 1) := 100/HNUM;
  10625     FREQ := HNUM*REVFREQ(FACCLEN(1)); %REVFREQ: 9907 %FACCLEN:10535
  10626     WRITE 6 '********************************************';
  10627     WRITE 6 '*      FS NICA BYPASS 7 NOW 2022           *';
  10628     WRITE 6 '********************************************';
  10629     WRITE 6 'REVOLUTION FREQUENCY: '&ST(REVFREQ(FACCLEN(1))/1E6)&' MHZ
                  '; %REVFREQ: 9907 %FACCLEN:10535
  10630     WRITE 6 'RF FREQUENCY: '&ST(FREQ/1E6)&' MHZ';
  10631     UM; %UM: 1488
  10632     CR; %CR:  947
  10633     IF RFFLAG=1;
  10634       RF VRF 0 FREQ 0 0.05; %RF: 8697
  10635       ENDIF;
  10636     LOOP I 1 1;
  10637       UM; %UM: 1488
  10638       QUAD 0.21954 0 QF ; %QUAD:10321
  10639       SMAPS 1 MAPARR SPNRARR; %SMAPS:10113
  10640       UM; %UM: 1488
  10641       QUAD 0.21954 0 QF ; %QUAD:10321
  10642       SMAPS 2 MAPARR SPNRARR; %SMAPS:10113
  10643       UM; %UM: 1488
  10644       DL 0.130656 ; %DL: 6559
  10645       SMAPS 3 MAPARR SPNRARR; %SMAPS:10113
  10646       UM; %UM: 1488
  10647       SBEND 1.17472 0.06544976206 0 0 0 0 0 0.5 0.5 ; %SBEND:10385
  10648       SMAPS 4 MAPARR SPNRARR; %SMAPS:10113
  10649       UM; %UM: 1488
  10650       DL 0.0903928 ; %DL: 6559
  10651       SMAPS 5 MAPARR SPNRARR; %SMAPS:10113
  10652       UM; %UM: 1488
  10653       SBEND 1.17472 0.06544976206 0 0 0 0 0 0.5 0.5 ; %SBEND:10385
  10654       SMAPS 6 MAPARR SPNRARR; %SMAPS:10113
  10655       UM; %UM: 1488
  10656       DL 0.430656 ; %DL: 6559
  10657       SMAPS 7 MAPARR SPNRARR; %SMAPS:10113
  10658       UM; %UM: 1488
  10659       QUAD 0.21954 0 QD ; %QUAD:10321
  10660       SMAPS 8 MAPARR SPNRARR; %SMAPS:10113
  10661       UM; %UM: 1488
  10662       QUAD 0.21954 0 QD ; %QUAD:10321
  10663       SMAPS 9 MAPARR SPNRARR; %SMAPS:10113
  10664       UM; %UM: 1488
  10665       DL 0.130656 ; %DL: 6559
  10666       SMAPS 10 MAPARR SPNRARR; %SMAPS:10113
  10667       UM; %UM: 1488
  10668       SBEND 1.17472 0.06544976206 0 0 0 0 0 0.5 0.5 ; %SBEND:10385
  10669       SMAPS 11 MAPARR SPNRARR; %SMAPS:10113
  10670       UM; %UM: 1488
  10671       DL 0.0903928 ; %DL: 6559
  10672       SMAPS 12 MAPARR SPNRARR; %SMAPS:10113
  10673       UM; %UM: 1488
  10674       SBEND 1.17472 0.06544976206 0 0 0 0 0 0.5 0.5 ; %SBEND:10385
  10675       SMAPS 13 MAPARR SPNRARR; %SMAPS:10113
  10676       UM; %UM: 1488
  10677       DL 0.430656 ; %DL: 6559
  10678       SMAPS 14 MAPARR SPNRARR; %SMAPS:10113
  10679       UM; %UM: 1488
  10680       QUAD 0.21954 0 QF ; %QUAD:10321
  10681       SMAPS 15 MAPARR SPNRARR; %SMAPS:10113
  10682       UM; %UM: 1488
  10683       QUAD 0.21954 0 QF ; %QUAD:10321
  10684       SMAPS 16 MAPARR SPNRARR; %SMAPS:10113
  10685       UM; %UM: 1488
  10686       MH LEN_S SF 0.05; %MH: 7153
  10687       SMAPS 17 MAPARR SPNRARR; %SMAPS:10113
  10688       UM; %UM: 1488
  10689       DL 0.130656 ; %DL: 6559
  10690       SMAPS 18 MAPARR SPNRARR; %SMAPS:10113
  10691       UM; %UM: 1488
  10692       SBEND 1.17472 0.06544976206 0 0 0 0 0 0.5 0.5 ; %SBEND:10385
  10693       SMAPS 19 MAPARR SPNRARR; %SMAPS:10113
  10694       UM; %UM: 1488
  10695       DL 0.0903928 ; %DL: 6559
  10696       SMAPS 20 MAPARR SPNRARR; %SMAPS:10113
  10697       UM; %UM: 1488
  10698       SBEND 1.17472 0.06544976206 0 0 0 0 0 0.5 0.5 ; %SBEND:10385
  10699       SMAPS 21 MAPARR SPNRARR; %SMAPS:10113
  10700       UM; %UM: 1488
  10701       DL 0.430656 ; %DL: 6559
  10702       SMAPS 22 MAPARR SPNRARR; %SMAPS:10113
  10703       UM; %UM: 1488
  10704       QUAD 0.21954 0 QD ; %QUAD:10321
  10705       SMAPS 23 MAPARR SPNRARR; %SMAPS:10113
  10706       UM; %UM: 1488
  10707       QUAD 0.21954 0 QD ; %QUAD:10321
  10708       SMAPS 24 MAPARR SPNRARR; %SMAPS:10113
  10709       UM; %UM: 1488
  10710       MH LEN_S SD 0.05; %MH: 7153
  10711       SMAPS 25 MAPARR SPNRARR; %SMAPS:10113
  10712       UM; %UM: 1488
  10713       DL 0.130656 ; %DL: 6559
  10714       SMAPS 26 MAPARR SPNRARR; %SMAPS:10113
  10715       UM; %UM: 1488
  10716       SBEND 1.17472 0.06544976206 0 0 0 0 0 0.5 0.5 ; %SBEND:10385
  10717       SMAPS 27 MAPARR SPNRARR; %SMAPS:10113
  10718       UM; %UM: 1488
  10719       DL 0.0903928 ; %DL: 6559
  10720       SMAPS 28 MAPARR SPNRARR; %SMAPS:10113
  10721       UM; %UM: 1488
  10722       SBEND 1.17472 0.06544976206 0 0 0 0 0 0.5 0.5 ; %SBEND:10385
  10723       SMAPS 29 MAPARR SPNRARR; %SMAPS:10113
  10724       UM; %UM: 1488
  10725       DL 0.430656 ; %DL: 6559
  10726       SMAPS 30 MAPARR SPNRARR; %SMAPS:10113
  10727       UM; %UM: 1488
  10728       QUAD 0.21954 0 QF ; %QUAD:10321
  10729       SMAPS 31 MAPARR SPNRARR; %SMAPS:10113
  10730       UM; %UM: 1488
  10731       QUAD 0.21954 0 QF ; %QUAD:10321
  10732       SMAPS 32 MAPARR SPNRARR; %SMAPS:10113
  10733       UM; %UM: 1488
  10734       MH LEN_S SF 0.05; %MH: 7153
  10735       SMAPS 33 MAPARR SPNRARR; %SMAPS:10113
  10736       UM; %UM: 1488
  10737       DL 0.130656 ; %DL: 6559
  10738       SMAPS 34 MAPARR SPNRARR; %SMAPS:10113
  10739       UM; %UM: 1488
  10740       SBEND 1.17472 0.06544976206 0 0 0 0 0 0.5 0.5 ; %SBEND:10385
  10741       SMAPS 35 MAPARR SPNRARR; %SMAPS:10113
  10742       UM; %UM: 1488
  10743       DL 0.0903928 ; %DL: 6559
  10744       SMAPS 36 MAPARR SPNRARR; %SMAPS:10113
  10745       UM; %UM: 1488
  10746       SBEND 1.17472 0.06544976206 0 0 0 0 0 0.5 0.5 ; %SBEND:10385
  10747       SMAPS 37 MAPARR SPNRARR; %SMAPS:10113
  10748       UM; %UM: 1488
  10749       DL 0.430656 ; %DL: 6559
  10750       SMAPS 38 MAPARR SPNRARR; %SMAPS:10113
  10751       UM; %UM: 1488
  10752       QUAD 0.21954 0 QD ; %QUAD:10321
  10753       SMAPS 39 MAPARR SPNRARR; %SMAPS:10113
  10754       UM; %UM: 1488
  10755       QUAD 0.21954 0 QD ; %QUAD:10321
  10756       SMAPS 40 MAPARR SPNRARR; %SMAPS:10113
  10757       UM; %UM: 1488
  10758       DL 0.130656 ; %DL: 6559
  10759       SMAPS 41 MAPARR SPNRARR; %SMAPS:10113
  10760       UM; %UM: 1488
  10761       SBEND 1.17472 0.06544976206 0 0 0 0 0 0.5 0.5 ; %SBEND:10385
  10762       SMAPS 42 MAPARR SPNRARR; %SMAPS:10113
  10763       UM; %UM: 1488
  10764       DL 0.0903928 ; %DL: 6559
  10765       SMAPS 43 MAPARR SPNRARR; %SMAPS:10113
  10766       UM; %UM: 1488
  10767       SBEND 1.17472 0.06544976206 0 0 0 0 0 0.5 0.5 ; %SBEND:10385
  10768       SMAPS 44 MAPARR SPNRARR; %SMAPS:10113
  10769       UM; %UM: 1488
  10770       DL 0.430656 ; %DL: 6559
  10771       SMAPS 45 MAPARR SPNRARR; %SMAPS:10113
  10772       UM; %UM: 1488
  10773       QUAD 0.21954 0 QF ; %QUAD:10321
  10774       SMAPS 46 MAPARR SPNRARR; %SMAPS:10113
  10775       UM; %UM: 1488
  10776       QUAD 0.21954 0 QF ; %QUAD:10321
  10777       SMAPS 47 MAPARR SPNRARR; %SMAPS:10113
  10778       UM; %UM: 1488
  10779       DL 2.25 ; %DL: 6559
  10780       SMAPS 48 MAPARR SPNRARR; %SMAPS:10113
  10781       UM; %UM: 1488
  10782       QUAD 0.21954 0 QD1 ; %QUAD:10321
  10783       SMAPS 49 MAPARR SPNRARR; %SMAPS:10113
  10784       UM; %UM: 1488
  10785       QUAD 0.21954 0 QD1 ; %QUAD:10321
  10786       SMAPS 50 MAPARR SPNRARR; %SMAPS:10113
  10787       UM; %UM: 1488
  10788       DL 2.25 ; %DL: 6559
  10789       SMAPS 51 MAPARR SPNRARR; %SMAPS:10113
  10790       UM; %UM: 1488
  10791       QUAD 0.21954 0 QF1 ; %QUAD:10321
  10792       SMAPS 52 MAPARR SPNRARR; %SMAPS:10113
  10793       UM; %UM: 1488
  10794       QUAD 0.21954 0 QF1 ; %QUAD:10321
  10795       SMAPS 53 MAPARR SPNRARR; %SMAPS:10113
  10796       UM; %UM: 1488
  10797       DL 2.25 ; %DL: 6559
  10798       SMAPS 54 MAPARR SPNRARR; %SMAPS:10113
  10799       UM; %UM: 1488
  10800       QUAD 0.21954 0 QD1 ; %QUAD:10321
  10801       SMAPS 55 MAPARR SPNRARR; %SMAPS:10113
  10802       UM; %UM: 1488
  10803       QUAD 0.21954 0 QD1 ; %QUAD:10321
  10804       SMAPS 56 MAPARR SPNRARR; %SMAPS:10113
  10805       UM; %UM: 1488
  10806       DL 2.25 ; %DL: 6559
  10807       SMAPS 57 MAPARR SPNRARR; %SMAPS:10113
  10808       ENDLOOP;
  10809     ENDPROCEDURE;
 --- BIN FILE WRITTEN: Old_Nuclotron_MAPS
  10810   SAVE 'Old_Nuclotron_MAPS';
