 --- BIN FILE READ: header
  10647 INCLUDE 'header';
  10648   PROCEDURE LATTICE SEXTGX1 SEXTGY1 SEXTGX2 SEXTGY2 EB1 RFFLAG MAPARR 
                  SPNRARR;
  10649     VARIABLE VRF 1 1 1;
  10650     VARIABLE FREQ 1;
  10651     VARIABLE HNUM 1;
  10652     VARIABLE I 1;
  10653     VARIABLE LEN_S 1;
  10654     VARIABLE A 1;
  10655     VARIABLE LEN_S_1 1;
  10656     VARIABLE EBE 1;
  10657     VARIABLE BBE 1;
  10658     VARIABLE QF0 1;
  10659     VARIABLE QF 1;
  10660     VARIABLE QD 1;
  10661     VARIABLE QF1 1;
  10662     VARIABLE QD1 1;
  10663     VARIABLE SF1 1;
  10664     VARIABLE SF2 1;
  10665     VARIABLE SD 1;
  10666     VARIABLE SD1 1;
  10667     EBE := EB1;
  10668     A := 0.05;
  10669     LEN_S := 0.30;
  10670     LEN_S_1 := 0.000001;
  10671     SF1 := SEXTGX1;
  10672     SF2 := SEXTGX2;
  10673     SD  := SEXTGY1;
  10674     SD1 := SEXTGY2;
  10675     QD:=-0.7850679198;
  10676     QF:= 1.003642617;
  10677     QF0:= 0.9999587738;
  10678     QD1:=-1.314313394;
  10679     QF1:= 1.111292702;
  10680     HNUM := 66;
  10681     VRF(1, 1) := 100/HNUM;
  10682     FREQ := HNUM*REVFREQ(FACCLEN(1)); %REVFREQ: 9907 %FACCLEN:10584
  10683     WRITE 6 '********************************************';
  10684     WRITE 6 '*      FS NICA BYPASS 7 NOW 2022           *';
  10685     WRITE 6 '********************************************';
  10686     WRITE 6 'REVOLUTION FREQUENCY: '&ST(REVFREQ(FACCLEN(1))/1E6)&' MHZ
                  '; %REVFREQ: 9907 %FACCLEN:10584
  10687     WRITE 6 'RF FREQUENCY: '&ST(FREQ/1E6)&' MHZ';
  10688     UM; %UM: 1488
  10689     CR; %CR:  947
  10690     IF RFFLAG=1;
  10691       RF VRF 0 FREQ 0 0.05; %RF: 8697
  10692       ENDIF;
  10693     LOOP I 1 1;
  10694       UM; %UM: 1488
  10695       WIEN 3.27 BBE EBE 0; %WIEN:10506
  10696       SMAPS 1 MAPARR SPNRARR; %SMAPS:10113
  10697       UM; %UM: 1488
  10698       WIEN 3.27 BBE EBE 0; %WIEN:10506
  10699       SMAPS 2 MAPARR SPNRARR; %SMAPS:10113
  10700       ENDLOOP;
  10701     ENDPROCEDURE;
 --- BIN FILE WRITTEN: one_element
  10702   SAVE 'one_element';
