 --- BIN FILE READ: BYPASS_REAL_4_fam_NEW
  10940 INCLUDE 'BYPASS_REAL_4_fam_NEW';
  10941   PROCEDURE OPTIMIZE_CHROM SEXTGX1 SEXTGY1 SEXTGX2 SEXTGY2 EBE;
  10942     VARIABLE MU 800;
  10943     VARIABLE NBAR 800 3;
  10944     VARIABLE OBJ 1;
  10945     VARIABLE OBJ1 1;
  10946     VARIABLE OBJ2 1;
  10947     VARIABLE SGX1 1;
  10948     VARIABLE SGY1 1;
  10949     VARIABLE SGX2 1;
  10950     VARIABLE SGY2 1;
  10951     VARIABLE EB1 1;
  10952     VARIABLE EB2 1;
  10953     VARIABLE GAMMA 1;
  10954     VARIABLE BETA 1;
  10955     VARIABLE CHROM_X 1;
  10956     VARIABLE CHROM_Y 1;
  10957     VARIABLE VALUE0 1;
  10958     VARIABLE VALUE1 1;
  10959     VARIABLE ALPHA0 1;
  10960     VARIABLE ALPHA1 1;
  10961     VARIABLE ETA1 1;
  10962     VARIABLE QUADKX 1;
  10963     VARIABLE QUADKY 1;
  10964     VARIABLE QUADKZ 1;
  10965     VARIABLE MU0 1;
  10966     VARIABLE MU_TP 800 3;
  10967     WRITE 6 'BEGIN';
  10968     SGX1 := SEXTGX1;
  10969     SGY1 := SEXTGY1;
  10970     EB1 := EBE;
  10971     SGX2 := SEXTGX2;
  10972     SGY2 := SEXTGY2;
  10973     GAMMA := 1.12792344429;
  10974     BETA := SQRT(1-1/(GAMMA*GAMMA));
  10975     FIT SGX1 SGX2 SGY1 SGY2;
  10976       LATTICE SGX1 SGY1 SGX2 SGY2 EB1 1; %LATTICE:10580
  10977       OPENF 3618 'dat/ALPHA/SEXTUPOLES.dat' 'REPLACE';
  10978       WRITE 3618 ST(SGX1);
  10979       WRITE 3618 ST(SGY1);
  10980       WRITE 3618 ST(SGX2);
  10981       WRITE 3618 ST(SGY2);
  10982       CLOSEF 3618;
  10983       OS 'cosy Alpha.fox';
  10984       OPENF 100500 'dat/ALPHA/ALPHA1.dat' 'OLD';
  10985       READ 100500 VALUE0;
  10986       READ 100500 VALUE1;
  10987       ALPHA0 := VALUE0;
  10988       ALPHA1 := VALUE1;
  10989       CLOSEF 100500;
  10990       TP MU_TP; %TP: 3955
  10991       CHROM_X:= (MU_TP(1)|(0&0&0&0&1))*(1+1/GAMMA);
  10992       CHROM_Y:= (MU_TP(2)|(0&0&0&0&1))*(1+1/GAMMA);
  10993       ETA1 := ALPHA1+(3/2)*(BETA*BETA)/(GAMMA*GAMMA)-ALPHA0/(GAMMA*GAM
                  MA)+1/(GAMMA*GAMMA*GAMMA*GAMMA);
  10994       OBJ:= SQRT(SQR(CHROM_X) + SQR(CHROM_Y) + SQR(ALPHA1));
  10995       WRITE 6 'SGx1, SGy1, EB1 = '&ST(SGX1)&' '&ST(SGY1)&' '&ST(EB1);
  10996       WRITE 6 'SGx2, SGy2 = '&ST(SGX2)&' '&ST(SGY2);
  10997       WRITE 6 'CHROM_X, CHROM_Y = '&ST(CHROM_X)&' '&ST(CHROM_Y);
  10998       WRITE 6 'ALPHA1 = '&ST(ALPHA1);
  10999       WRITE 6 'ETA1 = '&ST(ETA1);
  11000       WRITE 6 'OBJ ='&ST(OBJ);
  11001       ENDFIT 1E-12 3000 1 OBJ;
  11002     WRITE 6 '====================================';
  11003     WRITE 6 'SGx1, SGy1, EB1 = '&ST(SGX1)&' '&ST(SGY1)&' '&ST(EB1);
  11004     WRITE 6 'SGx2, SGy2 = '&ST(SGX2)&' '&ST(SGY2);
  11005     WRITE 6 'CHROM_X, CHROM_Y='&ST(CHROM_X)&' '&ST(CHROM_Y);
  11006     WRITE 6 'OBJ ='&ST(OBJ);
  11007     SEXTGX1 := SGX1;
  11008     SEXTGY1 := SGY1;
  11009     SEXTGX2 := SGX2;
  11010     SEXTGY2 := SGY2;
  11011     ENDPROCEDURE;
  11012   PROCEDURE OPTIMIZE_CHROM1 SEXTGX1 SEXTGY1 SEXTGX2 SEXTGY2 EBE;
  11013     VARIABLE MU 800;
  11014     VARIABLE NBAR 800 3;
  11015     VARIABLE OBJ 1;
  11016     VARIABLE OBJ1 1;
  11017     VARIABLE OBJ2 1;
  11018     VARIABLE SGX1 1;
  11019     VARIABLE SGY1 1;
  11020     VARIABLE SGX2 1;
  11021     VARIABLE SGY2 1;
  11022     VARIABLE EB1 1;
  11023     VARIABLE EB2 1;
  11024     VARIABLE GAMMA 1;
  11025     VARIABLE BETA 1;
  11026     VARIABLE CHROM_X 1;
  11027     VARIABLE CHROM_Y 1;
  11028     VARIABLE VALUE0 1;
  11029     VARIABLE VALUE1 1;
  11030     VARIABLE ALPHA0 1;
  11031     VARIABLE ALPHA1 1;
  11032     VARIABLE ETA1 1;
  11033     VARIABLE QUADKX 1;
  11034     VARIABLE QUADKY 1;
  11035     VARIABLE QUADKZ 1;
  11036     VARIABLE MU0 1;
  11037     VARIABLE MU_TP 800 3;
  11038     WRITE 6 'BEGIN';
  11039     SGX1 := SEXTGX1;
  11040     SGY1 := SEXTGY1;
  11041     EB1 := EBE;
  11042     SGX2 := SEXTGX2;
  11043     SGY2 := SEXTGY2;
  11044     GAMMA := 1.12792344429;
  11045     BETA := SQRT(1-1/(GAMMA*GAMMA));
  11046     FIT SGX1 SGY1;
  11047       LATTICE SGX1 SGY1 SGX1 SGY2 EB1 1; %LATTICE:10580
  11048       OPENF 3618 'dat/ALPHA/SEXTUPOLES.dat' 'REPLACE';
  11049       WRITE 3618 ST(SGX1);
  11050       WRITE 3618 ST(SGY1);
  11051       WRITE 3618 ST(SGX2);
  11052       WRITE 3618 ST(SGY2);
  11053       CLOSEF 3618;
  11054       OS 'cosy Alpha.fox';
  11055       OPENF 100500 'dat/ALPHA/ALPHA1.dat' 'OLD';
  11056       READ 100500 VALUE0;
  11057       READ 100500 VALUE1;
  11058       ALPHA0 := VALUE0;
  11059       ALPHA1 := VALUE1;
  11060       CLOSEF 100500;
  11061       OPENF 100500 'dat/ALPHA/SPINTUNE.dat' 'OLD';
  11062       READ 100500 MU0;
  11063       READ 100500 QUADKX;
  11064       READ 100500 QUADKY;
  11065       READ 100500 QUADKZ;
  11066       CLOSEF 100500;
  11067       TP MU_TP; %TP: 3955
  11068       CHROM_X:= (MU_TP(1)|(0&0&0&0&1))*(1+1/GAMMA);
  11069       CHROM_Y:= (MU_TP(2)|(0&0&0&0&1))*(1+1/GAMMA);
  11070       ETA1 := ALPHA1+(3/2)*(BETA*BETA)/(GAMMA*GAMMA)-ALPHA0/(GAMMA*GAM
                  MA)+1/(GAMMA*GAMMA*GAMMA*GAMMA);
  11071       OBJ:= SQRT(SQR(CHROM_X) + SQR(CHROM_Y));
  11072       WRITE 6 'SGx1, SGy1, EB1 = '&ST(SGX1)&' '&ST(SGY1)&' '&ST(EB1);
  11073       WRITE 6 'SGx2, SGy2 = '&ST(SGX2)&' '&ST(SGY2);
  11074       WRITE 6 'quadKx, quadKy, quadKz= '&ST(QUADKX)&' '&ST(QUADKY)&' '
                  &ST(QUADKZ);
  11075       WRITE 6 'CHROM_X, CHROM_Y = '&ST(CHROM_X)&' '&ST(CHROM_Y);
  11076       WRITE 6 'ALPHA1 = '&ST(ALPHA1);
  11077       WRITE 6 'ETA1 = '&ST(ETA1);
  11078       WRITE 6 'OBJ ='&ST(OBJ);
  11079       ENDFIT 1E-12 3000 1 OBJ;
  11080     WRITE 6 '====================================';
  11081     WRITE 6 'SGx1, SGy1, EB1 = '&ST(SGX1)&' '&ST(SGY1)&' '&ST(EB1);
  11082     WRITE 6 'SGx2, SGy2 = '&ST(SGX2)&' '&ST(SGY2);
  11083     WRITE 6 'quadKx, quadKy, quadKz= '&ST(QUADKX)&' '&ST(QUADKY)&' '&S
                  T(QUADKZ);
  11084     WRITE 6 'CHROM_X, CHROM_Y = '&ST(CHROM_X)&' '&ST(CHROM_Y);
  11085     WRITE 6 'ALPHA1 = '&ST(ALPHA1);
  11086     WRITE 6 'ETA1 = '&ST(ETA1);
  11087     WRITE 6 'OBJ ='&ST(OBJ);
  11088     SEXTGX1 := SGX1;
  11089     SEXTGY1 := SGY1;
  11090     SEXTGX2 := SGX2;
  11091     SEXTGY2 := SGY2;
  11092     ENDPROCEDURE;
  11093   PROCEDURE MAIN;
  11094     VARIABLE GAMMA 1;
  11095     VARIABLE BETA 1;
  11096     VARIABLE SGX1 1;
  11097     VARIABLE SGY1 1;
  11098     VARIABLE EB1 1;
  11099     VARIABLE SGX2 1;
  11100     VARIABLE SGY2 1;
  11101     VARIABLE MU 800;
  11102     VARIABLE NBAR 800 3;
  11103     VARIABLE ALPHA0 1;
  11104     VARIABLE ALPHA1 1;
  11105     VARIABLE ALPHA2 1;
  11106     VARIABLE ETA0 1;
  11107     VARIABLE ETA1 1;
  11108     VARIABLE VALUE1 1;
  11109     VARIABLE VALUE2 1;
  11110     GAMMA := 1.12792344429;
  11111     BETA := SQRT(1-1/(GAMMA*GAMMA));
  11112     OV 4 2 1; %OV:  969
  11113     SET_FOR_DEUTERONS GAMMA; %SET_FOR_DEUTERONS:10561
  11114     EB1 := 99.04;
  11115     SGX1 := 0.0;
  11116     SGY1 := 0.0;
  11117     SGX2 := 0.0;
  11118     SGY2 := 0.0;
  11119     WRITE 6 'BETA = '&ST(BETA);
  11120     OPTIMIZE_CHROM1 SGX1 SGY1 SGX2 SGY2 EB1; %OPTIMIZE_CHROM1:11012
  11121     WRITE 6 'EB1 := '&ST(EB1);
  11122     WRITE 6 'SGx1 := '&ST(SGX1)&';';
  11123     WRITE 6 'SGy1 := '&ST(SGY1)&';';
  11124     WRITE 6 'SGx2 := '&ST(SGX2)&';';
  11125     WRITE 6 'SGy2 := '&ST(SGY2)&';';
  11126     ENDPROCEDURE;
  11127   PROCEDURE RUN;
  11128     MAIN; %MAIN:11093
  11129     ENDPROCEDURE;
  11130   RUN; %RUN:11127
