 --- BIN FILE READ: seq_Nuclotron_Mod
  10748 INCLUDE 'seq_Nuclotron_Mod';
  10749   PROCEDURE OPTIMIZE_OLD SEXTGX1 SEXTGY1 SEXTGX2 SEXTGY2 EBE;
  10750     VARIABLE OBJ 1;
  10751     VARIABLE EB1 1;
  10752     VARIABLE EB2 1;
  10753     VARIABLE SXX 1;
  10754     VARIABLE SYY 1;
  10755     VARIABLE SZZ 1;
  10756     VARIABLE SXZ 1;
  10757     VARIABLE SGX1 1;
  10758     VARIABLE SGY1 1;
  10759     VARIABLE SGX2 1;
  10760     VARIABLE SGY2 1;
  10761     SGX1 := SEXTGX1;
  10762     SGY1 := SEXTGY1;
  10763     SGX2 := SEXTGX2;
  10764     SGY2 := SEXTGY2;
  10765     EB1 := EBE;
  10766     FIT EB1;
  10767       LATTICE SGX1 SGY1 SGX2 SGY2 EB1 0; %LATTICE:10648
  10768       SXX := CONS(SPNR(1,1));
  10769       SXZ := CONS(SPNR(1,3));
  10770       SYY := CONS(SPNR(2,2));
  10771       SZZ := CONS(SPNR(3,3));
  10772       WRITE 6 'SXX = '&ST(SXX);
  10773       WRITE 6 'SXZ = '&ST(SXZ);
  10774       WRITE 6 'SZZ = '&ST(SZZ);
  10775       OBJ := SQRT(SQR(SXX-1) + SQR(SXZ));
  10776       WRITE 6 'EBE = '&ST(EB1);
  10777       WRITE 6 'OBJ ='&ST(OBJ);
  10778       ENDFIT 1E-12 1000 1 OBJ;
  10779     EBE := EB1;
  10780     ENDPROCEDURE;
  10781   PROCEDURE OPTIMIZE SEXTGX1 SEXTGY1 SEXTGX2 SEXTGY2 EBE;
  10782     VARIABLE MU 800;
  10783     VARIABLE NBAR 800 3;
  10784     VARIABLE MU0 1;
  10785     VARIABLE OBJ1 1;
  10786     VARIABLE OBJ2 1;
  10787     VARIABLE OBJ 1;
  10788     VARIABLE SGX1 1;
  10789     VARIABLE SGY1 1;
  10790     VARIABLE SGX2 1;
  10791     VARIABLE SGY2 1;
  10792     VARIABLE EB1 1;
  10793     WRITE 6 'BEGIN';
  10794     SGX1 := SEXTGX1;
  10795     SGY1 := SEXTGY1;
  10796     SGX2 := SEXTGX2;
  10797     SGY2 := SEXTGY2;
  10798     EB1 := EBE;
  10799     WRITE 6 'SGx1, SGy1 = '&ST(SGX1)&' '&ST(SGY1);
  10800     WRITE 6 'SGx2, SGy2 = '&ST(SGX2)&' '&ST(SGY2);
  10801     WRITE 6 'EB1 = '&ST(EB1);
  10802     FIT EB1;
  10803       LATTICE SGX1 SGY1 SGX2 SGY2 EB1 1; %LATTICE:10648
  10804       WRITE 6 'LATTICE ALREADY READ';
  10805       TSS MU NBAR 0; %TSS: 4289
  10806       WRITE 6 'TSS DONE';
  10807       MU0 := CONS(MU);
  10808       OBJ := ABS(MU0);
  10809       WRITE 6 'EBE, MU0 = '&ST(EB1)&', '&ST(MU0);
  10810       WRITE 6 'OBJ ='&ST(OBJ);
  10811       ENDFIT 1E-15 1000 1 OBJ;
  10812     EBE := EB1;
  10813     ENDPROCEDURE;
  10814   PROCEDURE MAIN;
  10815     VARIABLE GAMMA 1;
  10816     VARIABLE SGX1 1;
  10817     VARIABLE SGY1 1;
  10818     VARIABLE SGX2 1;
  10819     VARIABLE SGY2 1;
  10820     VARIABLE EB1 1;
  10821     VARIABLE EB2 2;
  10822     VARIABLE LEN_S 1;
  10823     VARIABLE A 1;
  10824     VARIABLE MU 800;
  10825     VARIABLE NBAR 800 3;
  10826     GAMMA := 1.143914;
  10827     SGX1 := 0.0;
  10828     SGY1 := 0.0;
  10829     SGX2 := 0.0;
  10830     SGY2 := 0.0;
  10831     EB1 := 0.0;
  10832     OV 2 3 0; %OV:  969
  10833     SET_FOR_DEUTERONS GAMMA; %SET_FOR_DEUTERONS:10611
  10834     PM 6; %PM: 1574
  10835     OPTIMIZE SGX1 SGY1 SGX2 SGY2 EB1; %OPTIMIZE:10781
  10836     WRITE 6 'SGx1, SGy1 = '&ST(SGX1)&' '&ST(SGY1);
  10837     WRITE 6 'SGx2, SGy2 = '&ST(SGX2)&' '&ST(SGY2);
  10838     WRITE 6 'EB1 = '&ST(EB1);
  10839     ENDPROCEDURE;
  10840   PROCEDURE RUN;
  10841     MAIN; %MAIN:10814
  10842     ENDPROCEDURE;
  10843   RUN; %RUN:10840
