 --- BIN FILE READ: BYPASS_REAL_4_fam_NEW
  10940 INCLUDE 'BYPASS_REAL_4_fam_NEW';
  10941   PROCEDURE MCMCALC ALPHA0 ALPHA1;
  10942     VARIABLE TMPALPHA 100;
  10943     VARIABLE I 1;
  10944     VARIABLE MCM0 1;
  10945     VARIABLE MCM1 1;
  10946     VARIABLE MCM2 1;
  10947     VARIABLE MCM3 1;
  10948     VARIABLE MCM4 1;
  10949     MCM MAP SPOS TMPALPHA; %MCM: 3587
  10950     MCM0 := -TMPALPHA|(0&0&0&0&0&0);
  10951     MCM1 := -TMPALPHA|(0&0&0&0&0&1);
  10952     MCM2 := -2*TMPALPHA|(0&0&0&0&0&2);
  10953     MCM3 := -2*3*TMPALPHA|(0&0&0&0&0&3);
  10954     MCM4 := -2*3*4*TMPALPHA|(0&0&0&0&0&4);
  10955     ALPHA0:= MCM1;
  10956     ALPHA1:= MCM2;
  10957     WRITE 6 '++++++++ MOMENTUM COMPACTION FACTOR ++++++++';
  10958     WRITE 6 'MC0 = '&ST(MCM0);
  10959     WRITE 6 'MC1 = '&ST(MCM1);
  10960     WRITE 6 'MC2 = '&ST(MCM2);
  10961     WRITE 6 'MC3 = '&ST(MCM3);
  10962     WRITE 6 'MC4 = '&ST(MCM4);
  10963     WRITE 6 '++++++++++++++++++++++++++++++++++++++++++++';
  10964     ENDPROCEDURE;
  10965   PROCEDURE OPTIMIZE_CHROM SEXTGX1 SEXTGY1 SEXTGX2 SEXTGY2 EBE;
  10966     VARIABLE MU 800;
  10967     VARIABLE NBAR 800 3;
  10968     VARIABLE OBJ1 1;
  10969     VARIABLE OBJ2 1;
  10970     VARIABLE OBJ 1;
  10971     VARIABLE SGX1 1;
  10972     VARIABLE SGY1 1;
  10973     VARIABLE SGX2 1;
  10974     VARIABLE SGY2 1;
  10975     VARIABLE EB1 1;
  10976     VARIABLE EB2 1;
  10977     VARIABLE E1 1;
  10978     VARIABLE GAMMA 1;
  10979     VARIABLE CHROM_X 1;
  10980     VARIABLE CHROM_Y 1;
  10981     VARIABLE CHROM_X_1 1;
  10982     VARIABLE CHROM_Y_1 1;
  10983     VARIABLE QUADKX 1;
  10984     VARIABLE QUADKY 1;
  10985     VARIABLE QUADKZ 1;
  10986     VARIABLE MU0 1;
  10987     VARIABLE MU_TP 800 3;
  10988     WRITE 6 'BEGIN';
  10989     SGX1 := SEXTGX1;
  10990     SGY1 := SEXTGY1;
  10991     EB1 := EBE;
  10992     SGX2 := SEXTGX2;
  10993     SGY2 := SEXTGY2;
  10994     WRITE 6 'SGx1, SGy1, EB1 = '&ST(SGX1)&' '&ST(SGY1)&' '&ST(EB1);
  10995     WRITE 6 'SGx2, SGy2 = '&ST(SGX2)&' '&ST(SGY2);
  10996     GAMMA := 1.12792344429;
  10997     FIT SGX1 SGY1;
  10998       LATTICE SGX1 SGY1 SGX2 SGY2 EB1 1; %LATTICE:10580
  10999       TP MU_TP; %TP: 3955
  11000       CHROM_X:= (MU_TP(1)|(0&0&0&0&1))*(1+1/GAMMA);
  11001       CHROM_Y:= (MU_TP(2)|(0&0&0&0&1))*(1+1/GAMMA);
  11002       OBJ:= SQRT(SQR(CHROM_X) + SQR(CHROM_Y));
  11003       WRITE 6 'SGx1, SGy1, EB1 = '&ST(SGX1)&' '&ST(SGY1)&' '&ST(EB1);
  11004       WRITE 6 'SGx2, SGy2 = '&ST(SGX2)&' '&ST(SGY2);
  11005       WRITE 6 'CHROM_X, CHROM_Y='&ST(CHROM_X)&' '&ST(CHROM_Y);
  11006       WRITE 6 'OBJ ='&ST(OBJ);
  11007       ENDFIT 1E-5 2000 1 OBJ;
  11008     WRITE 6 '====================================';
  11009     WRITE 6 'SGx1, SGx2, SGy1, SGy2, EB1 = '&ST(SGX1)&' '&ST(SGY1)&' '
                  &ST(EB1);
  11010     WRITE 6 'SGx2, SGy2 = '&ST(SGX2)&' '&ST(SGY2);
  11011     WRITE 6 'CHROM_X, CHROM_Y='&ST(CHROM_X)&' '&ST(CHROM_Y);
  11012     WRITE 6 'OBJ ='&ST(OBJ);
  11013     SEXTGX1 := SGX1;
  11014     SEXTGY1 := SGY1;
  11015     ENDPROCEDURE;
  11016   PROCEDURE OPTIMIZE SEXTGX1 SEXTGY1 EBE;
  11017     VARIABLE MU 800;
  11018     VARIABLE NBAR 800 3;
  11019     VARIABLE OBJ1 1;
  11020     VARIABLE OBJ2 1;
  11021     VARIABLE OBJ 1;
  11022     VARIABLE SGX1 1;
  11023     VARIABLE SGX2 1;
  11024     VARIABLE SGY1 1;
  11025     VARIABLE SGY2 1;
  11026     VARIABLE EB1 1;
  11027     VARIABLE EB2 1;
  11028     VARIABLE E1 1;
  11029     VARIABLE GAMMA 1;
  11030     VARIABLE CHROM_X 1;
  11031     VARIABLE CHROM_Y 1;
  11032     VARIABLE QUADKX 1;
  11033     VARIABLE QUADKY 1;
  11034     VARIABLE QUADKZ 1;
  11035     VARIABLE MU0 1;
  11036     VARIABLE MU_TP 800 3;
  11037     WRITE 6 'BEGIN';
  11038     SGX1 := SEXTGX1;
  11039     SGY1 := SEXTGY1;
  11040     EB1 := EBE;
  11041     WRITE 6 'SGx1, SGy1, EB1 = '&ST(SGX1)&' '&ST(SGY1)&' '&ST(EB1);
  11042     GAMMA := 1.12792344429;
  11043     FIT SGX1 SGY1;
  11044       LATTICE SGX1 SGY1 EB1 1; %LATTICE:10580
  11045       TSS MU NBAR 0; %TSS: 4289
  11046       MU0 := CONS(MU);
  11047       DAPEE MU 11 QUADKX;
  11048       DAPEE MU 33 QUADKY;
  11049       OBJ := SQRT(SQR(QUADKX) + SQR(QUADKY));
  11050       WRITE 6 'SGx1, SGy1, EB1 = '&ST(SGX1)&' '&ST(SGY1)&' '&ST(EB1);
  11051       WRITE 6 'quadKx, quadKy= '&ST(QUADKX)&' '&ST(QUADKY);
  11052       WRITE 6 'MU0 = '&ST(MU0);
  11053       WRITE 6 'OBJ ='&ST(OBJ);
  11054       ENDFIT 1E-9 2000 1 OBJ;
  11055     WRITE 6 '====================================';
  11056     WRITE 6 'SGx1, SGy1, EB1 = '&ST(SGX1)&' '&ST(SGY1)&' '&ST(EB1);
  11057     WRITE 6 'quadKx, quadKy= '&ST(QUADKX)&' '&ST(QUADKY);
  11058     WRITE 6 'MU0 = '&ST(MU0);
  11059     WRITE 6 'OBJ ='&ST(OBJ);
  11060     SEXTGX1 := SGX1;
  11061     SEXTGY1 := SGY1;
  11062     ENDPROCEDURE;
  11063   PROCEDURE OPTIMIZE_CORR SEXTGX1 SEXTGY1 SEXTGX2 SEXTGY2 EBE;
  11064     VARIABLE MU 800;
  11065     VARIABLE NBAR 800 3;
  11066     VARIABLE OBJ1 1;
  11067     VARIABLE OBJ2 1;
  11068     VARIABLE OBJ 1;
  11069     VARIABLE SGX1 1;
  11070     VARIABLE SGY1 1;
  11071     VARIABLE EB1 1;
  11072     VARIABLE SGX2 1;
  11073     VARIABLE SGY2 1;
  11074     VARIABLE E1 1;
  11075     VARIABLE GAMMA 1;
  11076     VARIABLE BETA 1;
  11077     VARIABLE CHROM_X 1;
  11078     VARIABLE CHROM_Y 1;
  11079     VARIABLE QUADKX 1;
  11080     VARIABLE QUADKY 1;
  11081     VARIABLE QUADKZ 1;
  11082     VARIABLE MU0 1;
  11083     VARIABLE MU_TP 800 3;
  11084     VARIABLE ALPHA0 1;
  11085     VARIABLE ALPHA1 1;
  11086     VARIABLE ETA0 1;
  11087     VARIABLE ETA1 1;
  11088     WRITE 6 'BEGIN';
  11089     SGX1 := SEXTGX1;
  11090     SGY1 := SEXTGY1;
  11091     EB1 := EBE;
  11092     SGX2 := SEXTGX2;
  11093     SGY2 := SEXTGY2;
  11094     WRITE 6 'SGx1, SGy1, EB1 = '&ST(SGX1)&' '&ST(SGY1)&' '&ST(EB1);
  11095     WRITE 6 'SGx2, SGy2 ='&ST(SGX2)&' '&ST(SGY2);
  11096     GAMMA := 1.12792344429;
  11097     BETA := SQRT(1-1/(GAMMA*GAMMA));
  11098     FIT SGX1 SGY1 SGX2;
  11099       LATTICE SGX1 SGY1 SGX2 SGY2 EB1 1; %LATTICE:10580
  11100       TSS MU NBAR 0; %TSS: 4289
  11101       MU0 := CONS(MU);
  11102       DAPEE MU 11 QUADKX;
  11103       DAPEE MU 33 QUADKY;
  11104       DAPEE MU 66 QUADKZ;
  11105       OBJ := SQRT(SQR(QUADKX) + SQR(QUADKY) + SQR(QUADKZ));
  11106       MCMCALC ALPHA0 ALPHA1; %MCMCALC:10941
  11107       ETA1 := ALPHA1+(3/2)*(BETA*BETA)/(GAMMA*GAMMA)-ALPHA0/(GAMMA*GAM
                  MA)+1/(GAMMA*GAMMA*GAMMA*GAMMA);
  11108       WRITE 6 'SGx1, SGy1, EB1 = '&ST(SGX1)&' '&ST(SGY1)&' '&ST(EB1);
  11109       WRITE 6 'SGx2, SGy2 ='&ST(SGX2)&' '&ST(SGY2);
  11110       WRITE 6 'ETA1 = '&ST(ETA1);
  11111       WRITE 6 'quadKx, quadKy, quadKz= '&ST(QUADKX)&' '&ST(QUADKY)&' '
                  &ST(QUADKZ);
  11112       WRITE 6 'MU0 = '&ST(MU0);
  11113       WRITE 6 'OBJ ='&ST(OBJ);
  11114       ENDFIT 1E-15 2000 1 OBJ;
  11115     WRITE 6 '====================================';
  11116     WRITE 6 'SGx1, SGy1, EB1 = '&ST(SGX1)&' '&ST(SGY1)&' '&ST(EB1);
  11117     WRITE 6 'SGx2, SGy2 ='&ST(SGX2)&' '&ST(SGY2);
  11118     WRITE 6 'quadKx, quadKy, quadKz= '&ST(QUADKX)&' '&ST(QUADKY)&' '&S
                  T(QUADKZ);
  11119     WRITE 6 'MU0 = '&ST(MU0);
  11120     WRITE 6 'OBJ ='&ST(OBJ);
  11121     SEXTGX1 := SGX1;
  11122     SEXTGY1 := SGY1;
  11123     SEXTGX2 := SGX2;
  11124     SEXTGY2 := SGY2;
  11125     ENDPROCEDURE;
  11126   PROCEDURE MAIN;
  11127     VARIABLE GAMMA 1;
  11128     VARIABLE SGX1 1;
  11129     VARIABLE SGY1 1;
  11130     VARIABLE EB1 1;
  11131     VARIABLE SGX2 1;
  11132     VARIABLE SGY2 1;
  11133     VARIABLE MU 800;
  11134     VARIABLE NBAR 800 3;
  11135     GAMMA := 1.12792344429;
  11136     OV 3 3 0; %OV:  969
  11137     SET_FOR_DEUTERONS GAMMA; %SET_FOR_DEUTERONS:10561
  11138     EB1 := 99.04;
  11139     SGX1 := 0.0;
  11140     SGY1 := 0.0;
  11141     SGX2 := 0.0;
  11142     SGY2 := 0.0;
  11143     WRITE 6 'SGx1, SGy1, EB1 = '&ST(SGX1)&' '&ST(SGY1)&' '&ST(EB1);
  11144     WRITE 6 'SGx2, SGy2 = '&ST(SGX2)&' '&ST(SGY2);
  11145     OPTIMIZE_CORR SGX1 SGY1 SGX2 SGY2 EB1; %OPTIMIZE_CORR:11063
  11146     WRITE 6 'USE EB1 = '&ST(EB1);
  11147     WRITE 6 'SGx1 := '&ST(SGX1)&';';
  11148     WRITE 6 'SGy1 := '&ST(SGY1)&';';
  11149     WRITE 6 'SGx2 := '&ST(SGX2)&';';
  11150     WRITE 6 'SGy2 := '&ST(SGY2)&';';
  11151     ENDPROCEDURE;
  11152   PROCEDURE RUN;
  11153     MAIN; %MAIN:11126
  11154     ENDPROCEDURE;
  11155   RUN; %RUN:11152
