 --- BIN FILE READ: header
  10647 INCLUDE 'header';
  10648   PROCEDURE LATTICE SEXTGX1 SEXTGY1 SEXTGX2 SEXTGY2 EB1 RFFLAG MAPARR 
                  SPNRARR;
  10649     VARIABLE VRF 1 1 1;
  10650     VARIABLE FREQ 1;
  10651     VARIABLE HNUM 1;
  10652     VARIABLE I 1;
  10653     VARIABLE LEN_S 1;
  10654     VARIABLE A 1;
  10655     VARIABLE LEN_S_1 1;
  10656     VARIABLE EBE 1;
  10657     VARIABLE BBE 1;
  10658     VARIABLE QF 1;
  10659     VARIABLE QD 1;
  10660     VARIABLE QF1 1;
  10661     VARIABLE QD1 1;
  10662     VARIABLE SF1 1;
  10663     VARIABLE SF2 1;
  10664     VARIABLE SD 1;
  10665     VARIABLE SD1 1;
  10666     EBE := EB1;
  10667     A := 0.05;
  10668     LEN_S := 0.30;
  10669     LEN_S_1 := 0.000001;
  10670     SF1 := SEXTGX1;
  10671     SF2 := SEXTGX2;
  10672     SD  := SEXTGY1;
  10673     SD1 := SEXTGY2;
  10674     QD:=-1.682388146;
  10675     QF:= 1.665115167;
  10676     QD1:=-1.154647837;
  10677     QF1:= 1.226991137;
  10678     HNUM := 66;
  10679     VRF(1, 1) := 100/HNUM;
  10680     FREQ := HNUM*REVFREQ(FACCLEN(1)); %REVFREQ: 9907 %FACCLEN:10584
  10681     WRITE 6 '********************************************';
  10682     WRITE 6 '*      FS NICA BYPASS 7 NOW 2022           *';
  10683     WRITE 6 '********************************************';
  10684     WRITE 6 'REVOLUTION FREQUENCY: '&ST(REVFREQ(FACCLEN(1))/1E6)&' MHZ
                  '; %REVFREQ: 9907 %FACCLEN:10584
  10685     WRITE 6 'RF FREQUENCY: '&ST(FREQ/1E6)&' MHZ';
  10686     UM; %UM: 1488
  10687     CR; %CR:  947
  10688     IF RFFLAG=1;
  10689       RF VRF 0 FREQ 0 0.05; %RF: 8697
  10690       ENDIF;
  10691     LOOP I 1 1;
  10692       UM; %UM: 1488
  10693       QUAD 0.2 0 QD ; %QUAD:10321
  10694       SMAPS 1 MAPARR SPNRARR; %SMAPS:10113
  10695       UM; %UM: 1488
  10696       QUAD 0.2 0 QD ; %QUAD:10321
  10697       SMAPS 2 MAPARR SPNRARR; %SMAPS:10113
  10698       UM; %UM: 1488
  10699       DL 0.09 ; %DL: 6559
  10700       SMAPS 3 MAPARR SPNRARR; %SMAPS:10113
  10701       UM; %UM: 1488
  10702       SBEND 1.78931916 0.1308996937 0 0 0 0 0 0.5 0.5 ; %SBEND:10385
  10703       SMAPS 4 MAPARR SPNRARR; %SMAPS:10113
  10704       UM; %UM: 1488
  10705       DL 0.13 ; %DL: 6559
  10706       SMAPS 5 MAPARR SPNRARR; %SMAPS:10113
  10707       UM; %UM: 1488
  10708       DL 0.3 ; %DL: 6559
  10709       SMAPS 6 MAPARR SPNRARR; %SMAPS:10113
  10710       UM; %UM: 1488
  10711       MH LEN_S_1 SF2 0.05; %MH: 7153
  10712       SMAPS 7 MAPARR SPNRARR; %SMAPS:10113
  10713       UM; %UM: 1488
  10714       QUAD 0.2 0 QF ; %QUAD:10321
  10715       SMAPS 8 MAPARR SPNRARR; %SMAPS:10113
  10716       UM; %UM: 1488
  10717       QUAD 0.2 0 QF ; %QUAD:10321
  10718       SMAPS 9 MAPARR SPNRARR; %SMAPS:10113
  10719       UM; %UM: 1488
  10720       DL 0.09 ; %DL: 6559
  10721       SMAPS 10 MAPARR SPNRARR; %SMAPS:10113
  10722       UM; %UM: 1488
  10723       SBEND 1.78931916 0.1308996937 0 0 0 0 0 0.5 0.5 ; %SBEND:10385
  10724       SMAPS 11 MAPARR SPNRARR; %SMAPS:10113
  10725       UM; %UM: 1488
  10726       DL 0.13 ; %DL: 6559
  10727       SMAPS 12 MAPARR SPNRARR; %SMAPS:10113
  10728       UM; %UM: 1488
  10729       DL 0.3 ; %DL: 6559
  10730       SMAPS 13 MAPARR SPNRARR; %SMAPS:10113
  10731       UM; %UM: 1488
  10732       MH LEN_S_1 SD 0.05; %MH: 7153
  10733       SMAPS 14 MAPARR SPNRARR; %SMAPS:10113
  10734       UM; %UM: 1488
  10735       QUAD 0.2 0 QD ; %QUAD:10321
  10736       SMAPS 15 MAPARR SPNRARR; %SMAPS:10113
  10737       UM; %UM: 1488
  10738       QUAD 0.2 0 QD ; %QUAD:10321
  10739       SMAPS 16 MAPARR SPNRARR; %SMAPS:10113
  10740       UM; %UM: 1488
  10741       DL 0.09 ; %DL: 6559
  10742       SMAPS 17 MAPARR SPNRARR; %SMAPS:10113
  10743       UM; %UM: 1488
  10744       SBEND 1.78931916 0.1308996937 0 0 0 0 0 0.5 0.5 ; %SBEND:10385
  10745       SMAPS 18 MAPARR SPNRARR; %SMAPS:10113
  10746       UM; %UM: 1488
  10747       DL 0.13 ; %DL: 6559
  10748       SMAPS 19 MAPARR SPNRARR; %SMAPS:10113
  10749       UM; %UM: 1488
  10750       DL 0.3 ; %DL: 6559
  10751       SMAPS 20 MAPARR SPNRARR; %SMAPS:10113
  10752       UM; %UM: 1488
  10753       MH LEN_S_1 SF1 0.05; %MH: 7153
  10754       SMAPS 21 MAPARR SPNRARR; %SMAPS:10113
  10755       UM; %UM: 1488
  10756       QUAD 0.2 0 QF ; %QUAD:10321
  10757       SMAPS 22 MAPARR SPNRARR; %SMAPS:10113
  10758       UM; %UM: 1488
  10759       QUAD 0.2 0 QF ; %QUAD:10321
  10760       SMAPS 23 MAPARR SPNRARR; %SMAPS:10113
  10761       UM; %UM: 1488
  10762       DL 0.09 ; %DL: 6559
  10763       SMAPS 24 MAPARR SPNRARR; %SMAPS:10113
  10764       UM; %UM: 1488
  10765       SBEND 1.78931916 0.1308996937 0 0 0 0 0 0.5 0.5 ; %SBEND:10385
  10766       SMAPS 25 MAPARR SPNRARR; %SMAPS:10113
  10767       UM; %UM: 1488
  10768       DL 0.13 ; %DL: 6559
  10769       SMAPS 26 MAPARR SPNRARR; %SMAPS:10113
  10770       UM; %UM: 1488
  10771       DL 0.3 ; %DL: 6559
  10772       SMAPS 27 MAPARR SPNRARR; %SMAPS:10113
  10773       UM; %UM: 1488
  10774       MH LEN_S_1 SD 0.05; %MH: 7153
  10775       SMAPS 28 MAPARR SPNRARR; %SMAPS:10113
  10776       UM; %UM: 1488
  10777       QUAD 0.2 0 QD ; %QUAD:10321
  10778       SMAPS 29 MAPARR SPNRARR; %SMAPS:10113
  10779       UM; %UM: 1488
  10780       QUAD 0.2 0 QD ; %QUAD:10321
  10781       SMAPS 30 MAPARR SPNRARR; %SMAPS:10113
  10782       UM; %UM: 1488
  10783       DL 0.09 ; %DL: 6559
  10784       SMAPS 31 MAPARR SPNRARR; %SMAPS:10113
  10785       UM; %UM: 1488
  10786       SBEND 1.78931916 0.1308996937 0 0 0 0 0 0.5 0.5 ; %SBEND:10385
  10787       SMAPS 32 MAPARR SPNRARR; %SMAPS:10113
  10788       UM; %UM: 1488
  10789       DL 0.13 ; %DL: 6559
  10790       SMAPS 33 MAPARR SPNRARR; %SMAPS:10113
  10791       UM; %UM: 1488
  10792       DL 0.3 ; %DL: 6559
  10793       SMAPS 34 MAPARR SPNRARR; %SMAPS:10113
  10794       UM; %UM: 1488
  10795       MH LEN_S_1 SF2 0.05; %MH: 7153
  10796       SMAPS 35 MAPARR SPNRARR; %SMAPS:10113
  10797       UM; %UM: 1488
  10798       QUAD 0.2 0 QF ; %QUAD:10321
  10799       SMAPS 36 MAPARR SPNRARR; %SMAPS:10113
  10800       UM; %UM: 1488
  10801       QUAD 0.2 0 QF ; %QUAD:10321
  10802       SMAPS 37 MAPARR SPNRARR; %SMAPS:10113
  10803       UM; %UM: 1488
  10804       DL 0.09 ; %DL: 6559
  10805       SMAPS 38 MAPARR SPNRARR; %SMAPS:10113
  10806       UM; %UM: 1488
  10807       SBEND 1.78931916 0.1308996937 0 0 0 0 0 0.5 0.5 ; %SBEND:10385
  10808       SMAPS 39 MAPARR SPNRARR; %SMAPS:10113
  10809       UM; %UM: 1488
  10810       DL 0.43 ; %DL: 6559
  10811       SMAPS 40 MAPARR SPNRARR; %SMAPS:10113
  10812       UM; %UM: 1488
  10813       QUAD 0.2 0 QD ; %QUAD:10321
  10814       SMAPS 41 MAPARR SPNRARR; %SMAPS:10113
  10815       UM; %UM: 1488
  10816       QUAD 0.2 0 QD ; %QUAD:10321
  10817       SMAPS 42 MAPARR SPNRARR; %SMAPS:10113
  10818       WRITE 6 'Empty SS';
  10819       UM; %UM: 1488
  10820       DL 3.35 ; %DL: 6559
  10821       SMAPS 43 MAPARR SPNRARR; %SMAPS:10113
  10822       UM; %UM: 1488
  10823       QUAD 0.2 0 QF1 ; %QUAD:10321
  10824       SMAPS 44 MAPARR SPNRARR; %SMAPS:10113
  10825       UM; %UM: 1488
  10826       QUAD 0.2 0 QF1 ; %QUAD:10321
  10827       SMAPS 45 MAPARR SPNRARR; %SMAPS:10113
  10828       UM; %UM: 1488
  10829       DL 3.35 ; %DL: 6559
  10830       SMAPS 46 MAPARR SPNRARR; %SMAPS:10113
  10831       UM; %UM: 1488
  10832       QUAD 0.2 0 QD1 ; %QUAD:10321
  10833       SMAPS 47 MAPARR SPNRARR; %SMAPS:10113
  10834       UM; %UM: 1488
  10835       QUAD 0.2 0 QD1 ; %QUAD:10321
  10836       SMAPS 48 MAPARR SPNRARR; %SMAPS:10113
  10837       UM; %UM: 1488
  10838       DL 3.35 ; %DL: 6559
  10839       SMAPS 49 MAPARR SPNRARR; %SMAPS:10113
  10840       UM; %UM: 1488
  10841       QUAD 0.2 0 QF1 ; %QUAD:10321
  10842       SMAPS 50 MAPARR SPNRARR; %SMAPS:10113
  10843       UM; %UM: 1488
  10844       QUAD 0.2 0 QF1 ; %QUAD:10321
  10845       SMAPS 51 MAPARR SPNRARR; %SMAPS:10113
  10846       UM; %UM: 1488
  10847       DL 3.35 ; %DL: 6559
  10848       SMAPS 52 MAPARR SPNRARR; %SMAPS:10113
  10849       ENDLOOP;
  10850     ENDPROCEDURE;
 --- BIN FILE WRITTEN: seq_Nuclotron_Mod_maps
  10851   SAVE 'seq_Nuclotron_Mod_maps';
