 --- BIN FILE READ: header
  10647 INCLUDE 'header';
  10648   PROCEDURE LATTICE SEXTGX1 SEXTGY1 SEXTGX2 SEXTGY2 EB1 RFFLAG TILTARR
                   SOL MAPARR SPNRARR;
  10649     VARIABLE VRF 1 1 1;
  10650     VARIABLE FREQ 1;
  10651     VARIABLE HNUM 1;
  10652     VARIABLE I 1;
  10653     VARIABLE LEN_S 1;
  10654     VARIABLE A 1;
  10655     VARIABLE LEN_S_1 1;
  10656     VARIABLE EBE 1;
  10657     VARIABLE BBE 1;
  10658     VARIABLE QF 1;
  10659     VARIABLE QD 1;
  10660     VARIABLE QF1 1;
  10661     VARIABLE QD1 1;
  10662     VARIABLE SF1 1;
  10663     VARIABLE SF2 1;
  10664     VARIABLE SD 1;
  10665     VARIABLE SD1 1;
  10666     VARIABLE TILT 48;
  10667     TILT := TILTARR;
  10668     EBE := EB1;
  10669     A := 0.05;
  10670     LEN_S := 0.30;
  10671     LEN_S_1 := 0.000001;
  10672     SF1 := SEXTGX1;
  10673     SF2 := SEXTGX2;
  10674     SD  := SEXTGY1;
  10675     SD1 := SEXTGY2;
  10676     QF:=1.722839178;
  10677     QD:=-1.696819162;
  10678     QF1:=1.2991464;
  10679     QD1:=-1.154647904;
  10680     HNUM := 66;
  10681     VRF(1, 1) := 100/HNUM;
  10682     FREQ := HNUM*REVFREQ(FACCLEN(1)); %REVFREQ: 9907 %FACCLEN:10584
  10683     WRITE 6 '********************************************';
  10684     WRITE 6 '*      FS NICA BYPASS 7 NOW 2022           *';
  10685     WRITE 6 '********************************************';
  10686     WRITE 6 'REVOLUTION FREQUENCY: '&ST(REVFREQ(FACCLEN(1))/1E6)&' MHZ
                  '; %REVFREQ: 9907 %FACCLEN:10584
  10687     WRITE 6 'RF FREQUENCY: '&ST(FREQ/1E6)&' MHZ';
  10688     UM; %UM: 1488
  10689     CR; %CR:  947
  10690     IF RFFLAG=1;
  10691       RF VRF 0 FREQ 0 0.05; %RF: 8697
  10692       ENDIF;
  10693     LOOP I 1 1;
  10694       UM; %UM: 1488
  10695       QUAD 0.4 0 QD ; %QUAD:10321
  10696       SMAPS 1 MAPARR SPNRARR; %SMAPS:10113
  10697       UM; %UM: 1488
  10698       DL 0.09 ; %DL: 6559
  10699       SMAPS 2 MAPARR SPNRARR; %SMAPS:10113
  10700       UM; %UM: 1488
  10701       SBEND 1.78931916 0.1308996937 TILT|1 0 0 0 0 0.5 0.5 ; %SBEND:10
                  385
  10702       SMAPS 3 MAPARR SPNRARR; %SMAPS:10113
  10703       UM; %UM: 1488
  10704       DL 0.13 ; %DL: 6559
  10705       SMAPS 4 MAPARR SPNRARR; %SMAPS:10113
  10706       UM; %UM: 1488
  10707       DL 0.3 ; %DL: 6559
  10708       SMAPS 5 MAPARR SPNRARR; %SMAPS:10113
  10709       UM; %UM: 1488
  10710       MH LEN_S_1 SF2 0.05; %MH: 7153
  10711       SMAPS 6 MAPARR SPNRARR; %SMAPS:10113
  10712       UM; %UM: 1488
  10713       QUAD 0.4 0 QF ; %QUAD:10321
  10714       SMAPS 7 MAPARR SPNRARR; %SMAPS:10113
  10715       UM; %UM: 1488
  10716       DL 0.09 ; %DL: 6559
  10717       SMAPS 8 MAPARR SPNRARR; %SMAPS:10113
  10718       UM; %UM: 1488
  10719       SBEND 1.78931916 0.1308996937 TILT|2 0 0 0 0 0.5 0.5 ; %SBEND:10
                  385
  10720       SMAPS 9 MAPARR SPNRARR; %SMAPS:10113
  10721       UM; %UM: 1488
  10722       DL 0.13 ; %DL: 6559
  10723       SMAPS 10 MAPARR SPNRARR; %SMAPS:10113
  10724       UM; %UM: 1488
  10725       DL 0.3 ; %DL: 6559
  10726       SMAPS 11 MAPARR SPNRARR; %SMAPS:10113
  10727       UM; %UM: 1488
  10728       MH LEN_S_1 SD 0.05; %MH: 7153
  10729       SMAPS 12 MAPARR SPNRARR; %SMAPS:10113
  10730       UM; %UM: 1488
  10731       QUAD 0.4 0 QD ; %QUAD:10321
  10732       SMAPS 13 MAPARR SPNRARR; %SMAPS:10113
  10733       UM; %UM: 1488
  10734       DL 0.09 ; %DL: 6559
  10735       SMAPS 14 MAPARR SPNRARR; %SMAPS:10113
  10736       UM; %UM: 1488
  10737       SBEND 1.78931916 0.1308996937 TILT|3 0 0 0 0 0.5 0.5 ; %SBEND:10
                  385
  10738       SMAPS 15 MAPARR SPNRARR; %SMAPS:10113
  10739       UM; %UM: 1488
  10740       DL 0.13 ; %DL: 6559
  10741       SMAPS 16 MAPARR SPNRARR; %SMAPS:10113
  10742       UM; %UM: 1488
  10743       DL 0.3 ; %DL: 6559
  10744       SMAPS 17 MAPARR SPNRARR; %SMAPS:10113
  10745       UM; %UM: 1488
  10746       MH LEN_S_1 SF1 0.05; %MH: 7153
  10747       SMAPS 18 MAPARR SPNRARR; %SMAPS:10113
  10748       UM; %UM: 1488
  10749       QUAD 0.4 0 QF ; %QUAD:10321
  10750       SMAPS 19 MAPARR SPNRARR; %SMAPS:10113
  10751       UM; %UM: 1488
  10752       DL 0.09 ; %DL: 6559
  10753       SMAPS 20 MAPARR SPNRARR; %SMAPS:10113
  10754       UM; %UM: 1488
  10755       SBEND 1.78931916 0.1308996937 TILT|4 0 0 0 0 0.5 0.5 ; %SBEND:10
                  385
  10756       SMAPS 21 MAPARR SPNRARR; %SMAPS:10113
  10757       UM; %UM: 1488
  10758       DL 0.13 ; %DL: 6559
  10759       SMAPS 22 MAPARR SPNRARR; %SMAPS:10113
  10760       UM; %UM: 1488
  10761       DL 0.3 ; %DL: 6559
  10762       SMAPS 23 MAPARR SPNRARR; %SMAPS:10113
  10763       UM; %UM: 1488
  10764       MH LEN_S_1 SD 0.05; %MH: 7153
  10765       SMAPS 24 MAPARR SPNRARR; %SMAPS:10113
  10766       UM; %UM: 1488
  10767       QUAD 0.4 0 QD ; %QUAD:10321
  10768       SMAPS 25 MAPARR SPNRARR; %SMAPS:10113
  10769       UM; %UM: 1488
  10770       DL 0.09 ; %DL: 6559
  10771       SMAPS 26 MAPARR SPNRARR; %SMAPS:10113
  10772       UM; %UM: 1488
  10773       SBEND 1.78931916 0.1308996937 TILT|5 0 0 0 0 0.5 0.5 ; %SBEND:10
                  385
  10774       SMAPS 27 MAPARR SPNRARR; %SMAPS:10113
  10775       UM; %UM: 1488
  10776       DL 0.13 ; %DL: 6559
  10777       SMAPS 28 MAPARR SPNRARR; %SMAPS:10113
  10778       UM; %UM: 1488
  10779       DL 0.3 ; %DL: 6559
  10780       SMAPS 29 MAPARR SPNRARR; %SMAPS:10113
  10781       UM; %UM: 1488
  10782       MH LEN_S_1 SF2 0.05; %MH: 7153
  10783       SMAPS 30 MAPARR SPNRARR; %SMAPS:10113
  10784       UM; %UM: 1488
  10785       QUAD 0.4 0 QF ; %QUAD:10321
  10786       SMAPS 31 MAPARR SPNRARR; %SMAPS:10113
  10787       UM; %UM: 1488
  10788       DL 0.09 ; %DL: 6559
  10789       SMAPS 32 MAPARR SPNRARR; %SMAPS:10113
  10790       UM; %UM: 1488
  10791       SBEND 1.78931916 0.1308996937 TILT|6 0 0 0 0 0.5 0.5 ; %SBEND:10
                  385
  10792       SMAPS 33 MAPARR SPNRARR; %SMAPS:10113
  10793       UM; %UM: 1488
  10794       DL 0.43 ; %DL: 6559
  10795       SMAPS 34 MAPARR SPNRARR; %SMAPS:10113
  10796       UM; %UM: 1488
  10797       QUAD 0.4 0 QD ; %QUAD:10321
  10798       SMAPS 35 MAPARR SPNRARR; %SMAPS:10113
  10799       UM; %UM: 1488
  10800       WRITE 6 '1 Straight WF';
  10801       SMAPS 36 MAPARR SPNRARR; %SMAPS:10113
  10802       UM; %UM: 1488
  10803       WIEN 3.35 BBE EBE 0; %WIEN:10506
  10804       SMAPS 37 MAPARR SPNRARR; %SMAPS:10113
  10805       UM; %UM: 1488
  10806       QUAD 0.4 0 QF1 ; %QUAD:10321
  10807       SMAPS 38 MAPARR SPNRARR; %SMAPS:10113
  10808       UM; %UM: 1488
  10809       DL 3.35 ; %DL: 6559
  10810       SMAPS 39 MAPARR SPNRARR; %SMAPS:10113
  10811       UM; %UM: 1488
  10812       QUAD 0.4 0 QD1 ; %QUAD:10321
  10813       SMAPS 40 MAPARR SPNRARR; %SMAPS:10113
  10814       UM; %UM: 1488
  10815       DL 3.35 ; %DL: 6559
  10816       SMAPS 41 MAPARR SPNRARR; %SMAPS:10113
  10817       UM; %UM: 1488
  10818       QUAD 0.4 0 QF1 ; %QUAD:10321
  10819       SMAPS 42 MAPARR SPNRARR; %SMAPS:10113
  10820       UM; %UM: 1488
  10821       WIEN 3.35 BBE EBE 0; %WIEN:10506
  10822       SMAPS 43 MAPARR SPNRARR; %SMAPS:10113
  10823       ENDLOOP;
  10824     ENDPROCEDURE;
 --- BIN FILE WRITTEN: seq_Nuclotron_Mod_maps
  10825   SAVE 'seq_Nuclotron_Mod_maps';
