 --- BIN FILE READ: header
  10647 INCLUDE 'header';
  10648   PROCEDURE LATTICE SEXTGX1 SEXTGY1 SEXTGX2 SEXTGY2 EB1 RFFLAG;
  10649     VARIABLE VRF 1 1 1;
  10650     VARIABLE FREQ 1;
  10651     VARIABLE HNUM 1;
  10652     VARIABLE I 1;
  10653     VARIABLE LEN_S 1;
  10654     VARIABLE A 1;
  10655     VARIABLE LEN_S_1 1;
  10656     VARIABLE EBE 1;
  10657     VARIABLE BBE 1;
  10658     VARIABLE QF 1;
  10659     VARIABLE QD 1;
  10660     VARIABLE QF1 1;
  10661     VARIABLE QD1 1;
  10662     VARIABLE SF1 1;
  10663     VARIABLE SF2 1;
  10664     VARIABLE SD 1;
  10665     VARIABLE SD1 1;
  10666     EBE := EB1;
  10667     A := 0.05;
  10668     LEN_S := 0.30;
  10669     LEN_S_1 := 0.000001;
  10670     SF1 := SEXTGX1;
  10671     SF2 := SEXTGX2;
  10672     SD  := SEXTGY1;
  10673     SD1 := SEXTGY2;
  10674     QD:=-1.059371927;
  10675     QF:= 0.9364768656;
  10676     QD1:=-1.139453327;
  10677     QF1:= 1.198245063;
  10678     HNUM := 66;
  10679     VRF(1, 1) := 100/HNUM;
  10680     FREQ := HNUM*REVFREQ(FACCLEN(1)); %REVFREQ: 9907 %FACCLEN:10584
  10681     WRITE 6 '********************************************';
  10682     WRITE 6 '*      FS NICA BYPASS 7 NOW 2022           *';
  10683     WRITE 6 '********************************************';
  10684     WRITE 6 'REVOLUTION FREQUENCY: '&ST(REVFREQ(FACCLEN(1))/1E6)&' MHZ
                  '; %REVFREQ: 9907 %FACCLEN:10584
  10685     WRITE 6 'RF FREQUENCY: '&ST(FREQ/1E6)&' MHZ';
  10686     UM; %UM: 1488
  10687     CR; %CR:  947
  10688     IF RFFLAG=1;
  10689       RF VRF 0 FREQ 0 0.05; %RF: 8697
  10690       ENDIF;
  10691     LOOP I 1 8;
  10692       WRITE 6 'WF';
  10693       QUAD 0.2 0 QD ; %QUAD:10321
  10694       DL 2.68 ; %DL: 6559
  10695       WIEN 0.59 BBE EBE 0; %WIEN:10506
  10696       QUAD 0.2 0 QF1 ; %QUAD:10321
  10697       QUAD 0.2 0 QF1 ; %QUAD:10321
  10698       DL 0.24 ; %DL: 6559
  10699       SBEND 1.7966667 0.1308875412 0 0 0 0 0 0.5 0.5 ; %SBEND:10385
  10700       DL 0.45 ; %DL: 6559
  10701       QUAD 0.2 0 QD1 ; %QUAD:10321
  10702       QUAD 0.2 0 QD1 ; %QUAD:10321
  10703       DL 0.24 ; %DL: 6559
  10704       SBEND 1.7966667 0.1308875412 0 0 0 0 0 0.5 0.5 ; %SBEND:10385
  10705       DL 0.45 ; %DL: 6559
  10706       QUAD 0.2 0 QF1 ; %QUAD:10321
  10707       QUAD 0.2 0 QF1 ; %QUAD:10321
  10708       DL 0.24 ; %DL: 6559
  10709       SBEND 1.7966667 0.1308875412 0 0 0 0 0 0.5 0.5 ; %SBEND:10385
  10710       DL 0.45 ; %DL: 6559
  10711       QUAD 0.2 0 QD1 ; %QUAD:10321
  10712       QUAD 0.2 0 QD1 ; %QUAD:10321
  10713       WIEN 2.955 BBE EBE 0; %WIEN:10506
  10714       QUAD 0.2 0 QF ; %QUAD:10321
  10715       QUAD 0.2 0 QF ; %QUAD:10321
  10716       WIEN 2.955 BBE EBE 0; %WIEN:10506
  10717       QUAD 0.2 0 QD1 ; %QUAD:10321
  10718       QUAD 0.2 0 QD1 ; %QUAD:10321
  10719       DL 0.24 ; %DL: 6559
  10720       SBEND 1.7966667 0.1308875412 0 0 0 0 0 0.5 0.5 ; %SBEND:10385
  10721       DL 0.45 ; %DL: 6559
  10722       QUAD 0.2 0 QF1 ; %QUAD:10321
  10723       QUAD 0.2 0 QF1 ; %QUAD:10321
  10724       DL 0.24 ; %DL: 6559
  10725       SBEND 1.7966667 0.1308875412 0 0 0 0 0 0.5 0.5 ; %SBEND:10385
  10726       DL 0.45 ; %DL: 6559
  10727       QUAD 0.2 0 QD1 ; %QUAD:10321
  10728       QUAD 0.2 0 QD1 ; %QUAD:10321
  10729       DL 0.24 ; %DL: 6559
  10730       SBEND 1.7966667 0.1308875412 0 0 0 0 0 0.5 0.5 ; %SBEND:10385
  10731       DL 0.45 ; %DL: 6559
  10732       QUAD 0.2 0 QF1 ; %QUAD:10321
  10733       QUAD 0.2 0 QF1 ; %QUAD:10321
  10734       DL 3.27 ; %DL: 6559
  10735       QUAD 0.2 0 QD ; %QUAD:10321
  10736       ENDLOOP;
  10737     ENDPROCEDURE;
 --- BIN FILE WRITTEN: seq_Nuclotron_Mod
  10738   SAVE 'seq_Nuclotron_Mod';
