 --- BIN FILE READ: header
  10647 INCLUDE 'header';
  10648   PROCEDURE LATTICE SEXTGX1 SEXTGY1 SEXTGX2 SEXTGY2 EB1 RFFLAG TILTARR
                   SOL;
  10649     VARIABLE VRF 1 1 1;
  10650     VARIABLE FREQ 1;
  10651     VARIABLE HNUM 1;
  10652     VARIABLE I 1;
  10653     VARIABLE LEN_S 1;
  10654     VARIABLE A 1;
  10655     VARIABLE LEN_S_1 1;
  10656     VARIABLE EBE 1;
  10657     VARIABLE BBE 1;
  10658     VARIABLE QF0 1;
  10659     VARIABLE QF 1;
  10660     VARIABLE QD 1;
  10661     VARIABLE QF1 1;
  10662     VARIABLE QD1 1;
  10663     VARIABLE SF1 1;
  10664     VARIABLE SF2 1;
  10665     VARIABLE SD 1;
  10666     VARIABLE SD1 1;
  10667     VARIABLE TILT 48;
  10668     TILT := TILTARR;
  10669     EBE := EB1;
  10670     A := 0.05;
  10671     LEN_S := 0.12;
  10672     SF1 := SEXTGX1;
  10673     SF2 := SEXTGX2;
  10674     SD  := SEXTGY1;
  10675     SD1 := SEXTGY2;
  10676     QF := 0.8311685811;
  10677     QF1 := 1.269624362;
  10678     QF0:=1.302100799;
  10679     QD1:=-1.371991701;
  10680     QD:=-0.8283039099;
  10681     HNUM := 66;
  10682     VRF(1, 1) := 100/HNUM;
  10683     FREQ := HNUM*REVFREQ(FACCLEN(1)); %REVFREQ: 9907 %FACCLEN:10584
  10684     WRITE 6 '********************************************';
  10685     WRITE 6 '*      FS NICA BYPASS 7 NOW 2022           *';
  10686     WRITE 6 '********************************************';
  10687     WRITE 6 'REVOLUTION FREQUENCY: '&ST(REVFREQ(FACCLEN(1))/1E6)&' MHZ
                  '; %REVFREQ: 9907 %FACCLEN:10584
  10688     WRITE 6 'RF FREQUENCY: '&ST(FREQ/1E6)&' MHZ';
  10689     UM; %UM: 1488
  10690     CR; %CR:  947
  10691     IF RFFLAG=1;
  10692       RF VRF 0 FREQ 0 0.05; %RF: 8697
  10693       ENDIF;
  10694     LOOP I 1 1;
  10695       WRITE 6 'WF at ARC & SS 1';
  10696       QUAD 0.4 0 QD ; %QUAD:10321
  10697       DL 3.27/2 ; %DL: 6559
  10698       WIEN 3.27/2 BBE EBE 0; %WIEN:10506
  10699       QUAD 0.4 0 QF1 ; %QUAD:10321
  10700       DL 0.25 ; %DL: 6559
  10701       SBEND 1.776668 0.130899327 TILT|1 0 0 0 0 0.5 0.5 ; %SBEND:10385

  10702       DL 0.45 ; %DL: 6559
  10703       QUAD 0.4 0 QD1 ; %QUAD:10321
  10704       DL 0.25 ; %DL: 6559
  10705       SBEND 1.776668 0.130899327 TILT|2 0 0 0 0 0.5 0.5 ; %SBEND:10385

  10706       DL 0.45 ; %DL: 6559
  10707       QUAD 0.4 0 QF0 ; %QUAD:10321
  10708       DL 0.1; %DL: 6559
  10709       MH LEN_S SF2 0.05; %MH: 7153
  10710       DL 0.25-0.1-0.12 ; %DL: 6559
  10711       SBEND 1.776668 0.130899327 TILT|3 0 0 0 0 0.5 0.5 ; %SBEND:10385

  10712       DL 0.45 ; %DL: 6559
  10713       QUAD 0.4 0 QD1 ; %QUAD:10321
  10714       DL 0.1; %DL: 6559
  10715       MH LEN_S SD 0.05; %MH: 7153
  10716       WIEN 3.27/2 BBE EBE 0; %WIEN:10506
  10717       DL 3.27/2 ; %DL: 6559
  10718       QUAD 0.21 0 QF ; %QUAD:10321
  10719       DL 0.1 ; %DL: 6559
  10720       MH LEN_S SF1 0.05; %MH: 7153
  10721       DL 0.1 ; %DL: 6559
  10722       QUAD 0.21 0 QF ; %QUAD:10321
  10723       DL 3.27/2 ; %DL: 6559
  10724       WIEN 3.27/2 BBE EBE 0; %WIEN:10506
  10725       MH LEN_S SD 0.05; %MH: 7153
  10726       DL 0.1; %DL: 6559
  10727       QUAD 0.4 0 QD1 ; %QUAD:10321
  10728       DL 0.45 ; %DL: 6559
  10729       SBEND 1.776668 0.130899327 TILT|4 0 0 0 0 0.5 0.5 ; %SBEND:10385

  10730       DL 0.25-0.1-0.12 ; %DL: 6559
  10731       MH LEN_S SF2 0.05; %MH: 7153
  10732       DL 0.1; %DL: 6559
  10733       QUAD 0.4 0 QF0 ; %QUAD:10321
  10734       DL 0.45 ; %DL: 6559
  10735       SBEND 1.776668 0.130899327 TILT|5 0 0 0 0 0.5 0.5 ; %SBEND:10385

  10736       DL 0.25 ; %DL: 6559
  10737       QUAD 0.4 0 QD1 ; %QUAD:10321
  10738       DL 0.45 ; %DL: 6559
  10739       SBEND 1.776668 0.130899327 TILT|6 0 0 0 0 0.5 0.5 ; %SBEND:10385

  10740       DL 0.25 ; %DL: 6559
  10741       QUAD 0.4 0 QF1 ; %QUAD:10321
  10742       WIEN 3.27/2 BBE EBE 0; %WIEN:10506
  10743       DL 3.27/2 ; %DL: 6559
  10744       WRITE 6 'WF at ARC & SS 2';
  10745       QUAD 0.4 0 QD ; %QUAD:10321
  10746       DL 3.27/2 ; %DL: 6559
  10747       WIEN 3.27/2 BBE EBE 0; %WIEN:10506
  10748       QUAD 0.4 0 QF1 ; %QUAD:10321
  10749       DL 0.25 ; %DL: 6559
  10750       SBEND 1.776668 0.130899327 TILT|7 0 0 0 0 0.5 0.5 ; %SBEND:10385

  10751       DL 0.45 ; %DL: 6559
  10752       QUAD 0.4 0 QD1 ; %QUAD:10321
  10753       DL 0.25 ; %DL: 6559
  10754       SBEND 1.776668 0.130899327 TILT|8 0 0 0 0 0.5 0.5 ; %SBEND:10385

  10755       DL 0.45 ; %DL: 6559
  10756       QUAD 0.4 0 QF0 ; %QUAD:10321
  10757       DL 0.1; %DL: 6559
  10758       MH LEN_S SF2 0.05; %MH: 7153
  10759       DL 0.25-0.1-0.12 ; %DL: 6559
  10760       SBEND 1.776668 0.130899327 TILT|9 0 0 0 0 0.5 0.5 ; %SBEND:10385

  10761       DL 0.45 ; %DL: 6559
  10762       QUAD 0.4 0 QD1 ; %QUAD:10321
  10763       DL 0.1; %DL: 6559
  10764       MH LEN_S SD 0.05; %MH: 7153
  10765       WIEN 3.27/2 BBE EBE 0; %WIEN:10506
  10766       DL 3.27/2 ; %DL: 6559
  10767       QUAD 0.21 0 QF ; %QUAD:10321
  10768       DL 0.1 ; %DL: 6559
  10769       MH LEN_S SF1 0.05; %MH: 7153
  10770       DL 0.1 ; %DL: 6559
  10771       QUAD 0.21 0 QF ; %QUAD:10321
  10772       DL 3.27/2 ; %DL: 6559
  10773       WIEN 3.27/2 BBE EBE 0; %WIEN:10506
  10774       MH LEN_S SD 0.05; %MH: 7153
  10775       DL 0.1; %DL: 6559
  10776       QUAD 0.4 0 QD1 ; %QUAD:10321
  10777       DL 0.45 ; %DL: 6559
  10778       SBEND 1.776668 0.130899327 TILT|10 0 0 0 0 0.5 0.5 ; %SBEND:1038
                  5
  10779       DL 0.25-0.1-0.12 ; %DL: 6559
  10780       MH LEN_S SF2 0.05; %MH: 7153
  10781       DL 0.1; %DL: 6559
  10782       QUAD 0.4 0 QF0 ; %QUAD:10321
  10783       DL 0.45 ; %DL: 6559
  10784       SBEND 1.776668 0.130899327 TILT|11 0 0 0 0 0.5 0.5 ; %SBEND:1038
                  5
  10785       DL 0.25 ; %DL: 6559
  10786       QUAD 0.4 0 QD1 ; %QUAD:10321
  10787       DL 0.45 ; %DL: 6559
  10788       SBEND 1.776668 0.130899327 TILT|12 0 0 0 0 0.5 0.5 ; %SBEND:1038
                  5
  10789       DL 0.25 ; %DL: 6559
  10790       QUAD 0.4 0 QF1 ; %QUAD:10321
  10791       WIEN 3.27/2 BBE EBE 0; %WIEN:10506
  10792       DL 3.27/2 ; %DL: 6559
  10793       WRITE 6 'WF at ARC & SS 3';
  10794       QUAD 0.4 0 QD ; %QUAD:10321
  10795       DL 3.27/2 ; %DL: 6559
  10796       WIEN 3.27/2 BBE EBE 0; %WIEN:10506
  10797       QUAD 0.4 0 QF1 ; %QUAD:10321
  10798       DL 0.25 ; %DL: 6559
  10799       SBEND 1.776668 0.130899327 TILT|13 0 0 0 0 0.5 0.5 ; %SBEND:1038
                  5
  10800       DL 0.45 ; %DL: 6559
  10801       QUAD 0.4 0 QD1 ; %QUAD:10321
  10802       DL 0.25 ; %DL: 6559
  10803       SBEND 1.776668 0.130899327 TILT|14 0 0 0 0 0.5 0.5 ; %SBEND:1038
                  5
  10804       DL 0.45 ; %DL: 6559
  10805       QUAD 0.4 0 QF0 ; %QUAD:10321
  10806       DL 0.1; %DL: 6559
  10807       MH LEN_S SF2 0.05; %MH: 7153
  10808       DL 0.25-0.1-0.12 ; %DL: 6559
  10809       SBEND 1.776668 0.130899327 TILT|15 0 0 0 0 0.5 0.5 ; %SBEND:1038
                  5
  10810       DL 0.45 ; %DL: 6559
  10811       QUAD 0.4 0 QD1 ; %QUAD:10321
  10812       DL 0.1; %DL: 6559
  10813       MH LEN_S SD 0.05; %MH: 7153
  10814       WIEN 3.27/2 BBE EBE 0; %WIEN:10506
  10815       DL 3.27/2 ; %DL: 6559
  10816       QUAD 0.21 0 QF ; %QUAD:10321
  10817       DL 0.1 ; %DL: 6559
  10818       MH LEN_S SF1 0.05; %MH: 7153
  10819       DL 0.1 ; %DL: 6559
  10820       QUAD 0.21 0 QF ; %QUAD:10321
  10821       DL 3.27/2 ; %DL: 6559
  10822       WIEN 3.27/2 BBE EBE 0; %WIEN:10506
  10823       MH LEN_S SD 0.05; %MH: 7153
  10824       DL 0.1; %DL: 6559
  10825       QUAD 0.4 0 QD1 ; %QUAD:10321
  10826       DL 0.45 ; %DL: 6559
  10827       SBEND 1.776668 0.130899327 TILT|16 0 0 0 0 0.5 0.5 ; %SBEND:1038
                  5
  10828       DL 0.25-0.1-0.12 ; %DL: 6559
  10829       MH LEN_S SF2 0.05; %MH: 7153
  10830       DL 0.1; %DL: 6559
  10831       QUAD 0.4 0 QF0 ; %QUAD:10321
  10832       DL 0.45 ; %DL: 6559
  10833       SBEND 1.776668 0.130899327 TILT|17 0 0 0 0 0.5 0.5 ; %SBEND:1038
                  5
  10834       DL 0.25 ; %DL: 6559
  10835       QUAD 0.4 0 QD1 ; %QUAD:10321
  10836       DL 0.45 ; %DL: 6559
  10837       SBEND 1.776668 0.130899327 TILT|18 0 0 0 0 0.5 0.5 ; %SBEND:1038
                  5
  10838       DL 0.25 ; %DL: 6559
  10839       QUAD 0.4 0 QF1 ; %QUAD:10321
  10840       WIEN 3.27/2 BBE EBE 0; %WIEN:10506
  10841       DL 3.27/2 ; %DL: 6559
  10842       WRITE 6 'WF at ARC & SS 4';
  10843       QUAD 0.4 0 QD ; %QUAD:10321
  10844       DL 3.27/2 ; %DL: 6559
  10845       WIEN 3.27/2 BBE EBE 0; %WIEN:10506
  10846       QUAD 0.4 0 QF1 ; %QUAD:10321
  10847       DL 0.25 ; %DL: 6559
  10848       SBEND 1.776668 0.130899327 TILT|19 0 0 0 0 0.5 0.5 ; %SBEND:1038
                  5
  10849       DL 0.45 ; %DL: 6559
  10850       QUAD 0.4 0 QD1 ; %QUAD:10321
  10851       DL 0.25 ; %DL: 6559
  10852       SBEND 1.776668 0.130899327 TILT|20 0 0 0 0 0.5 0.5 ; %SBEND:1038
                  5
  10853       DL 0.45 ; %DL: 6559
  10854       QUAD 0.4 0 QF0 ; %QUAD:10321
  10855       DL 0.1; %DL: 6559
  10856       MH LEN_S SF2 0.05; %MH: 7153
  10857       DL 0.25-0.1-0.12 ; %DL: 6559
  10858       SBEND 1.776668 0.130899327 TILT|21 0 0 0 0 0.5 0.5 ; %SBEND:1038
                  5
  10859       DL 0.45 ; %DL: 6559
  10860       QUAD 0.4 0 QD1 ; %QUAD:10321
  10861       DL 0.1; %DL: 6559
  10862       MH LEN_S SD 0.05; %MH: 7153
  10863       WIEN 3.27/2 BBE EBE 0; %WIEN:10506
  10864       DL 3.27/2 ; %DL: 6559
  10865       QUAD 0.21 0 QF ; %QUAD:10321
  10866       DL 0.1 ; %DL: 6559
  10867       MH LEN_S SF1 0.05; %MH: 7153
  10868       DL 0.1 ; %DL: 6559
  10869       QUAD 0.21 0 QF ; %QUAD:10321
  10870       DL 3.27/2 ; %DL: 6559
  10871       WIEN 3.27/2 BBE EBE 0; %WIEN:10506
  10872       MH LEN_S SD 0.05; %MH: 7153
  10873       DL 0.1; %DL: 6559
  10874       QUAD 0.4 0 QD1 ; %QUAD:10321
  10875       DL 0.45 ; %DL: 6559
  10876       SBEND 1.776668 0.130899327 TILT|22 0 0 0 0 0.5 0.5 ; %SBEND:1038
                  5
  10877       DL 0.25-0.1-0.12 ; %DL: 6559
  10878       MH LEN_S SF2 0.05; %MH: 7153
  10879       DL 0.1; %DL: 6559
  10880       QUAD 0.4 0 QF0 ; %QUAD:10321
  10881       DL 0.45 ; %DL: 6559
  10882       SBEND 1.776668 0.130899327 TILT|23 0 0 0 0 0.5 0.5 ; %SBEND:1038
                  5
  10883       DL 0.25 ; %DL: 6559
  10884       QUAD 0.4 0 QD1 ; %QUAD:10321
  10885       DL 0.45 ; %DL: 6559
  10886       SBEND 1.776668 0.130899327 TILT|24 0 0 0 0 0.5 0.5 ; %SBEND:1038
                  5
  10887       DL 0.25 ; %DL: 6559
  10888       QUAD 0.4 0 QF1 ; %QUAD:10321
  10889       WIEN 3.27/2 BBE EBE 0; %WIEN:10506
  10890       DL 3.27/2 ; %DL: 6559
  10891       WRITE 6 'WF at ARC & SS 5';
  10892       QUAD 0.4 0 QD ; %QUAD:10321
  10893       DL 3.27/2 ; %DL: 6559
  10894       WIEN 3.27/2 BBE EBE 0; %WIEN:10506
  10895       QUAD 0.4 0 QF1 ; %QUAD:10321
  10896       DL 0.25 ; %DL: 6559
  10897       SBEND 1.776668 0.130899327 TILT|25 0 0 0 0 0.5 0.5 ; %SBEND:1038
                  5
  10898       DL 0.45 ; %DL: 6559
  10899       QUAD 0.4 0 QD1 ; %QUAD:10321
  10900       DL 0.25 ; %DL: 6559
  10901       SBEND 1.776668 0.130899327 TILT|26 0 0 0 0 0.5 0.5 ; %SBEND:1038
                  5
  10902       DL 0.45 ; %DL: 6559
  10903       QUAD 0.4 0 QF0 ; %QUAD:10321
  10904       DL 0.1; %DL: 6559
  10905       MH LEN_S SF2 0.05; %MH: 7153
  10906       DL 0.25-0.1-0.12 ; %DL: 6559
  10907       SBEND 1.776668 0.130899327 TILT|27 0 0 0 0 0.5 0.5 ; %SBEND:1038
                  5
  10908       DL 0.45 ; %DL: 6559
  10909       QUAD 0.4 0 QD1 ; %QUAD:10321
  10910       DL 0.1; %DL: 6559
  10911       MH LEN_S SD 0.05; %MH: 7153
  10912       WIEN 3.27/2 BBE EBE 0; %WIEN:10506
  10913       DL 3.27/2 ; %DL: 6559
  10914       QUAD 0.21 0 QF ; %QUAD:10321
  10915       DL 0.1 ; %DL: 6559
  10916       MH LEN_S SF1 0.05; %MH: 7153
  10917       DL 0.1 ; %DL: 6559
  10918       QUAD 0.21 0 QF ; %QUAD:10321
  10919       DL 3.27/2 ; %DL: 6559
  10920       WIEN 3.27/2 BBE EBE 0; %WIEN:10506
  10921       MH LEN_S SD 0.05; %MH: 7153
  10922       DL 0.1; %DL: 6559
  10923       QUAD 0.4 0 QD1 ; %QUAD:10321
  10924       DL 0.45 ; %DL: 6559
  10925       SBEND 1.776668 0.130899327 TILT|28 0 0 0 0 0.5 0.5 ; %SBEND:1038
                  5
  10926       DL 0.25-0.1-0.12 ; %DL: 6559
  10927       MH LEN_S SF2 0.05; %MH: 7153
  10928       DL 0.1; %DL: 6559
  10929       QUAD 0.4 0 QF0 ; %QUAD:10321
  10930       DL 0.45 ; %DL: 6559
  10931       SBEND 1.776668 0.130899327 TILT|29 0 0 0 0 0.5 0.5 ; %SBEND:1038
                  5
  10932       DL 0.25 ; %DL: 6559
  10933       QUAD 0.4 0 QD1 ; %QUAD:10321
  10934       DL 0.45 ; %DL: 6559
  10935       SBEND 1.776668 0.130899327 TILT|30 0 0 0 0 0.5 0.5 ; %SBEND:1038
                  5
  10936       DL 0.25 ; %DL: 6559
  10937       QUAD 0.4 0 QF1 ; %QUAD:10321
  10938       WIEN 3.27/2 BBE EBE 0; %WIEN:10506
  10939       DL 3.27/2 ; %DL: 6559
  10940       WRITE 6 'WF at ARC & SS 6';
  10941       QUAD 0.4 0 QD ; %QUAD:10321
  10942       DL 3.27/2 ; %DL: 6559
  10943       WIEN 3.27/2 BBE EBE 0; %WIEN:10506
  10944       QUAD 0.4 0 QF1 ; %QUAD:10321
  10945       DL 0.25 ; %DL: 6559
  10946       SBEND 1.776668 0.130899327 TILT|31 0 0 0 0 0.5 0.5 ; %SBEND:1038
                  5
  10947       DL 0.45 ; %DL: 6559
  10948       QUAD 0.4 0 QD1 ; %QUAD:10321
  10949       DL 0.25 ; %DL: 6559
  10950       SBEND 1.776668 0.130899327 TILT|32 0 0 0 0 0.5 0.5 ; %SBEND:1038
                  5
  10951       DL 0.45 ; %DL: 6559
  10952       QUAD 0.4 0 QF0 ; %QUAD:10321
  10953       DL 0.1; %DL: 6559
  10954       MH LEN_S SF2 0.05; %MH: 7153
  10955       DL 0.25-0.1-0.12 ; %DL: 6559
  10956       SBEND 1.776668 0.130899327 TILT|33 0 0 0 0 0.5 0.5 ; %SBEND:1038
                  5
  10957       DL 0.45 ; %DL: 6559
  10958       QUAD 0.4 0 QD1 ; %QUAD:10321
  10959       DL 0.1; %DL: 6559
  10960       MH LEN_S SD 0.05; %MH: 7153
  10961       WIEN 3.27/2 BBE EBE 0; %WIEN:10506
  10962       DL 3.27/2 ; %DL: 6559
  10963       QUAD 0.21 0 QF ; %QUAD:10321
  10964       DL 0.1 ; %DL: 6559
  10965       MH LEN_S SF1 0.05; %MH: 7153
  10966       DL 0.1 ; %DL: 6559
  10967       QUAD 0.21 0 QF ; %QUAD:10321
  10968       DL 3.27/2 ; %DL: 6559
  10969       WIEN 3.27/2 BBE EBE 0; %WIEN:10506
  10970       MH LEN_S SD 0.05; %MH: 7153
  10971       DL 0.1; %DL: 6559
  10972       QUAD 0.4 0 QD1 ; %QUAD:10321
  10973       DL 0.45 ; %DL: 6559
  10974       SBEND 1.776668 0.130899327 TILT|34 0 0 0 0 0.5 0.5 ; %SBEND:1038
                  5
  10975       DL 0.25-0.1-0.12 ; %DL: 6559
  10976       MH LEN_S SF2 0.05; %MH: 7153
  10977       DL 0.1; %DL: 6559
  10978       QUAD 0.4 0 QF0 ; %QUAD:10321
  10979       DL 0.45 ; %DL: 6559
  10980       SBEND 1.776668 0.130899327 TILT|35 0 0 0 0 0.5 0.5 ; %SBEND:1038
                  5
  10981       DL 0.25 ; %DL: 6559
  10982       QUAD 0.4 0 QD1 ; %QUAD:10321
  10983       DL 0.45 ; %DL: 6559
  10984       SBEND 1.776668 0.130899327 TILT|36 0 0 0 0 0.5 0.5 ; %SBEND:1038
                  5
  10985       DL 0.25 ; %DL: 6559
  10986       QUAD 0.4 0 QF1 ; %QUAD:10321
  10987       WIEN 3.27/2 BBE EBE 0; %WIEN:10506
  10988       DL 3.27/2 ; %DL: 6559
  10989       WRITE 6 'WF at ARC & SS 7';
  10990       QUAD 0.4 0 QD ; %QUAD:10321
  10991       DL 3.27/2 ; %DL: 6559
  10992       WIEN 3.27/2 BBE EBE 0; %WIEN:10506
  10993       QUAD 0.4 0 QF1 ; %QUAD:10321
  10994       DL 0.25 ; %DL: 6559
  10995       SBEND 1.776668 0.130899327 TILT|37 0 0 0 0 0.5 0.5 ; %SBEND:1038
                  5
  10996       DL 0.45 ; %DL: 6559
  10997       QUAD 0.4 0 QD1 ; %QUAD:10321
  10998       DL 0.25 ; %DL: 6559
  10999       SBEND 1.776668 0.130899327 TILT|38 0 0 0 0 0.5 0.5 ; %SBEND:1038
                  5
  11000       DL 0.45 ; %DL: 6559
  11001       QUAD 0.4 0 QF0 ; %QUAD:10321
  11002       DL 0.1; %DL: 6559
  11003       MH LEN_S SF2 0.05; %MH: 7153
  11004       DL 0.25-0.1-0.12 ; %DL: 6559
  11005       SBEND 1.776668 0.130899327 TILT|39 0 0 0 0 0.5 0.5 ; %SBEND:1038
                  5
  11006       DL 0.45 ; %DL: 6559
  11007       QUAD 0.4 0 QD1 ; %QUAD:10321
  11008       DL 0.1; %DL: 6559
  11009       MH LEN_S SD 0.05; %MH: 7153
  11010       WIEN 3.27/2 BBE EBE 0; %WIEN:10506
  11011       DL 3.27/2 ; %DL: 6559
  11012       QUAD 0.21 0 QF ; %QUAD:10321
  11013       DL 0.1 ; %DL: 6559
  11014       MH LEN_S SF1 0.05; %MH: 7153
  11015       DL 0.1 ; %DL: 6559
  11016       QUAD 0.21 0 QF ; %QUAD:10321
  11017       DL 3.27/2 ; %DL: 6559
  11018       WIEN 3.27/2 BBE EBE 0; %WIEN:10506
  11019       MH LEN_S SD 0.05; %MH: 7153
  11020       DL 0.1; %DL: 6559
  11021       QUAD 0.4 0 QD1 ; %QUAD:10321
  11022       DL 0.45 ; %DL: 6559
  11023       SBEND 1.776668 0.130899327 TILT|40 0 0 0 0 0.5 0.5 ; %SBEND:1038
                  5
  11024       DL 0.25-0.1-0.12 ; %DL: 6559
  11025       MH LEN_S SF2 0.05; %MH: 7153
  11026       DL 0.1; %DL: 6559
  11027       QUAD 0.4 0 QF0 ; %QUAD:10321
  11028       DL 0.45 ; %DL: 6559
  11029       SBEND 1.776668 0.130899327 TILT|41 0 0 0 0 0.5 0.5 ; %SBEND:1038
                  5
  11030       DL 0.25 ; %DL: 6559
  11031       QUAD 0.4 0 QD1 ; %QUAD:10321
  11032       DL 0.45 ; %DL: 6559
  11033       SBEND 1.776668 0.130899327 TILT|42 0 0 0 0 0.5 0.5 ; %SBEND:1038
                  5
  11034       DL 0.25 ; %DL: 6559
  11035       QUAD 0.4 0 QF1 ; %QUAD:10321
  11036       WIEN 3.27/2 BBE EBE 0; %WIEN:10506
  11037       DL 3.27/2 ; %DL: 6559
  11038       WRITE 6 'WF at ARC & SS 8';
  11039       QUAD 0.4 0 QD ; %QUAD:10321
  11040       DL 3.27/2 ; %DL: 6559
  11041       WIEN 3.27/2 BBE EBE 0; %WIEN:10506
  11042       QUAD 0.4 0 QF1 ; %QUAD:10321
  11043       DL 0.25 ; %DL: 6559
  11044       SBEND 1.776668 0.130899327 TILT|43 0 0 0 0 0.5 0.5 ; %SBEND:1038
                  5
  11045       DL 0.45 ; %DL: 6559
  11046       QUAD 0.4 0 QD1 ; %QUAD:10321
  11047       DL 0.25 ; %DL: 6559
  11048       SBEND 1.776668 0.130899327 TILT|44 0 0 0 0 0.5 0.5 ; %SBEND:1038
                  5
  11049       DL 0.45 ; %DL: 6559
  11050       QUAD 0.4 0 QF0 ; %QUAD:10321
  11051       DL 0.1; %DL: 6559
  11052       MH LEN_S SF2 0.05; %MH: 7153
  11053       DL 0.25-0.1-0.12 ; %DL: 6559
  11054       SBEND 1.776668 0.130899327 TILT|45 0 0 0 0 0.5 0.5 ; %SBEND:1038
                  5
  11055       DL 0.45 ; %DL: 6559
  11056       QUAD 0.4 0 QD1 ; %QUAD:10321
  11057       DL 0.1; %DL: 6559
  11058       MH LEN_S SD 0.05; %MH: 7153
  11059       WIEN 3.27/2 BBE EBE 0; %WIEN:10506
  11060       DL 3.27/2 ; %DL: 6559
  11061       QUAD 0.21 0 QF ; %QUAD:10321
  11062       DL 0.1 ; %DL: 6559
  11063       MH LEN_S SF1 0.05; %MH: 7153
  11064       DL 0.1 ; %DL: 6559
  11065       QUAD 0.21 0 QF ; %QUAD:10321
  11066       DL 3.27/2 ; %DL: 6559
  11067       WIEN 3.27/2 BBE EBE 0; %WIEN:10506
  11068       MH LEN_S SD 0.05; %MH: 7153
  11069       DL 0.1; %DL: 6559
  11070       QUAD 0.4 0 QD1 ; %QUAD:10321
  11071       DL 0.45 ; %DL: 6559
  11072       SBEND 1.776668 0.130899327 TILT|46 0 0 0 0 0.5 0.5 ; %SBEND:1038
                  5
  11073       DL 0.25-0.1-0.12 ; %DL: 6559
  11074       MH LEN_S SF2 0.05; %MH: 7153
  11075       DL 0.1; %DL: 6559
  11076       QUAD 0.4 0 QF0 ; %QUAD:10321
  11077       DL 0.45 ; %DL: 6559
  11078       SBEND 1.776668 0.130899327 TILT|47 0 0 0 0 0.5 0.5 ; %SBEND:1038
                  5
  11079       DL 0.25 ; %DL: 6559
  11080       QUAD 0.4 0 QD1 ; %QUAD:10321
  11081       DL 0.45 ; %DL: 6559
  11082       SBEND 1.776668 0.130899327 TILT|48 0 0 0 0 0.5 0.5 ; %SBEND:1038
                  5
  11083       DL 0.25 ; %DL: 6559
  11084       QUAD 0.4 0 QF1 ; %QUAD:10321
  11085       WIEN 3.27/2 BBE EBE 0; %WIEN:10506
  11086       DL 3.27/2 ; %DL: 6559
  11087       ENDLOOP;
  11088     ENDPROCEDURE;
  11089   PROCEDURE CCW_LATTICE SEXTGX1 SEXTGY1 SEXTGX2 SEXTGY2 EB1 RFFLAG TIL
                  TARR SOL;
  11090     VARIABLE VRF 1 1 1;
  11091     VARIABLE FREQ 1;
  11092     VARIABLE HNUM 1;
  11093     VARIABLE I 1;
  11094     VARIABLE LEN_S 1;
  11095     VARIABLE A 1;
  11096     VARIABLE LEN_S_1 1;
  11097     VARIABLE EBE 1;
  11098     VARIABLE BBE 1;
  11099     VARIABLE QF0 1;
  11100     VARIABLE QF 1;
  11101     VARIABLE QD 1;
  11102     VARIABLE QF1 1;
  11103     VARIABLE QD1 1;
  11104     VARIABLE SF1 1;
  11105     VARIABLE SF2 1;
  11106     VARIABLE SD 1;
  11107     VARIABLE SD1 1;
  11108     VARIABLE TILT 48;
  11109     TILT := TILTARR;
  11110     EBE := EB1;
  11111     A := 0.05;
  11112     LEN_S := 0.12;
  11113     SF1 := SEXTGX1;
  11114     SF2 := SEXTGX2;
  11115     SD  := SEXTGY1;
  11116     SD1 := SEXTGY2;
  11117     QF := 0.8311685811;
  11118     QF1 := 1.269624362;
  11119     QF0:=1.302100799;
  11120     QD1:=-1.371991701;
  11121     QD:=-0.8283039099;
  11122     HNUM := 66;
  11123     VRF(1, 1) := 100/HNUM;
  11124     FREQ := HNUM*REVFREQ(FACCLEN(1)); %REVFREQ: 9907 %FACCLEN:10584
  11125     WRITE 6 '********************************************';
  11126     WRITE 6 '*      FS NICA BYPASS 7 NOW 2022           *';
  11127     WRITE 6 '********************************************';
  11128     WRITE 6 'REVOLUTION FREQUENCY: '&ST(REVFREQ(FACCLEN(1))/1E6)&' MHZ
                  '; %REVFREQ: 9907 %FACCLEN:10584
  11129     WRITE 6 'RF FREQUENCY: '&ST(FREQ/1E6)&' MHZ';
  11130     UM; %UM: 1488
  11131     CR; %CR:  947
  11132     IF RFFLAG=1;
  11133       RF VRF 0 FREQ 0 0.05; %RF: 8697
  11134       ENDIF;
  11135     LOOP I 1 1;
  11136       DL 3.27/2 ; %DL: 6559
  11137       WIEN 3.27/2 BBE EBE 0; %WIEN:10506
  11138       QUAD 0.4 0 QF1 ; %QUAD:10321
  11139       DL 0.25 ; %DL: 6559
  11140       SBEND 1.776668 0.130899327 -1*TILT|48 0 0 0 0 0.5 0.5 ; %SBEND:1
                  0385
  11141       DL 0.45 ; %DL: 6559
  11142       QUAD 0.4 0 QD1 ; %QUAD:10321
  11143       DL 0.25 ; %DL: 6559
  11144       SBEND 1.776668 0.130899327 -1*TILT|47 0 0 0 0 0.5 0.5 ; %SBEND:1
                  0385
  11145       DL 0.45 ; %DL: 6559
  11146       QUAD 0.4 0 QF0 ; %QUAD:10321
  11147       DL 0.1; %DL: 6559
  11148       MH LEN_S SF2 0.05; %MH: 7153
  11149       DL 0.25-0.1-0.12 ; %DL: 6559
  11150       SBEND 1.776668 0.130899327 -1*TILT|46 0 0 0 0 0.5 0.5 ; %SBEND:1
                  0385
  11151       DL 0.45 ; %DL: 6559
  11152       QUAD 0.4 0 QD1 ; %QUAD:10321
  11153       DL 0.1; %DL: 6559
  11154       MH LEN_S SD 0.05; %MH: 7153
  11155       WIEN 3.27/2 BBE EBE 0; %WIEN:10506
  11156       DL 3.27/2 ; %DL: 6559
  11157       QUAD 0.21 0 QF ; %QUAD:10321
  11158       DL 0.1 ; %DL: 6559
  11159       MH LEN_S SF1 0.05; %MH: 7153
  11160       DL 0.1 ; %DL: 6559
  11161       QUAD 0.21 0 QF ; %QUAD:10321
  11162       DL 3.27/2 ; %DL: 6559
  11163       WIEN 3.27/2 BBE EBE 0; %WIEN:10506
  11164       MH LEN_S SD 0.05; %MH: 7153
  11165       DL 0.1; %DL: 6559
  11166       QUAD 0.4 0 QD1 ; %QUAD:10321
  11167       DL 0.45 ; %DL: 6559
  11168       SBEND 1.776668 0.130899327 -1*TILT|45 0 0 0 0 0.5 0.5 ; %SBEND:1
                  0385
  11169       DL 0.25-0.1-0.12 ; %DL: 6559
  11170       MH LEN_S SF2 0.05; %MH: 7153
  11171       DL 0.1; %DL: 6559
  11172       QUAD 0.4 0 QF0 ; %QUAD:10321
  11173       DL 0.45 ; %DL: 6559
  11174       SBEND 1.776668 0.130899327 -1*TILT|44 0 0 0 0 0.5 0.5 ; %SBEND:1
                  0385
  11175       DL 0.25 ; %DL: 6559
  11176       QUAD 0.4 0 QD1 ; %QUAD:10321
  11177       DL 0.45 ; %DL: 6559
  11178       SBEND 1.776668 0.130899327 -1*TILT|43 0 0 0 0 0.5 0.5 ; %SBEND:1
                  0385
  11179       DL 0.25 ; %DL: 6559
  11180       QUAD 0.4 0 QF1 ; %QUAD:10321
  11181       WIEN 3.27/2 BBE EBE 0; %WIEN:10506
  11182       DL 3.27/2 ; %DL: 6559
  11183       QUAD 0.4 0 QD ; %QUAD:10321
  11184       WRITE 6 'WF at ARC & SS 8';
  11185       DL 3.27/2 ; %DL: 6559
  11186       WIEN 3.27/2 BBE EBE 0; %WIEN:10506
  11187       QUAD 0.4 0 QF1 ; %QUAD:10321
  11188       DL 0.25 ; %DL: 6559
  11189       SBEND 1.776668 0.130899327 -1*TILT|42 0 0 0 0 0.5 0.5 ; %SBEND:1
                  0385
  11190       DL 0.45 ; %DL: 6559
  11191       QUAD 0.4 0 QD1 ; %QUAD:10321
  11192       DL 0.25 ; %DL: 6559
  11193       SBEND 1.776668 0.130899327 -1*TILT|41 0 0 0 0 0.5 0.5 ; %SBEND:1
                  0385
  11194       DL 0.45 ; %DL: 6559
  11195       QUAD 0.4 0 QF0 ; %QUAD:10321
  11196       DL 0.1; %DL: 6559
  11197       MH LEN_S SF2 0.05; %MH: 7153
  11198       DL 0.25-0.1-0.12 ; %DL: 6559
  11199       SBEND 1.776668 0.130899327 -1*TILT|40 0 0 0 0 0.5 0.5 ; %SBEND:1
                  0385
  11200       DL 0.45 ; %DL: 6559
  11201       QUAD 0.4 0 QD1 ; %QUAD:10321
  11202       DL 0.1; %DL: 6559
  11203       MH LEN_S SD 0.05; %MH: 7153
  11204       WIEN 3.27/2 BBE EBE 0; %WIEN:10506
  11205       DL 3.27/2 ; %DL: 6559
  11206       QUAD 0.21 0 QF ; %QUAD:10321
  11207       DL 0.1 ; %DL: 6559
  11208       MH LEN_S SF1 0.05; %MH: 7153
  11209       DL 0.1 ; %DL: 6559
  11210       QUAD 0.21 0 QF ; %QUAD:10321
  11211       DL 3.27/2 ; %DL: 6559
  11212       WIEN 3.27/2 BBE EBE 0; %WIEN:10506
  11213       MH LEN_S SD 0.05; %MH: 7153
  11214       DL 0.1; %DL: 6559
  11215       QUAD 0.4 0 QD1 ; %QUAD:10321
  11216       DL 0.45 ; %DL: 6559
  11217       SBEND 1.776668 0.130899327 -1*TILT|39 0 0 0 0 0.5 0.5 ; %SBEND:1
                  0385
  11218       DL 0.25-0.1-0.12 ; %DL: 6559
  11219       MH LEN_S SF2 0.05; %MH: 7153
  11220       DL 0.1; %DL: 6559
  11221       QUAD 0.4 0 QF0 ; %QUAD:10321
  11222       DL 0.45 ; %DL: 6559
  11223       SBEND 1.776668 0.130899327 -1*TILT|38 0 0 0 0 0.5 0.5 ; %SBEND:1
                  0385
  11224       DL 0.25 ; %DL: 6559
  11225       QUAD 0.4 0 QD1 ; %QUAD:10321
  11226       DL 0.45 ; %DL: 6559
  11227       SBEND 1.776668 0.130899327 -1*TILT|37 0 0 0 0 0.5 0.5 ; %SBEND:1
                  0385
  11228       DL 0.25 ; %DL: 6559
  11229       QUAD 0.4 0 QF1 ; %QUAD:10321
  11230       WIEN 3.27/2 BBE EBE 0; %WIEN:10506
  11231       DL 3.27/2 ; %DL: 6559
  11232       QUAD 0.4 0 QD ; %QUAD:10321
  11233       WRITE 6 'WF at ARC & SS 7';
  11234       DL 3.27/2 ; %DL: 6559
  11235       WIEN 3.27/2 BBE EBE 0; %WIEN:10506
  11236       QUAD 0.4 0 QF1 ; %QUAD:10321
  11237       DL 0.25 ; %DL: 6559
  11238       SBEND 1.776668 0.130899327 -1*TILT|36 0 0 0 0 0.5 0.5 ; %SBEND:1
                  0385
  11239       DL 0.45 ; %DL: 6559
  11240       QUAD 0.4 0 QD1 ; %QUAD:10321
  11241       DL 0.25 ; %DL: 6559
  11242       SBEND 1.776668 0.130899327 -1*TILT|35 0 0 0 0 0.5 0.5 ; %SBEND:1
                  0385
  11243       DL 0.45 ; %DL: 6559
  11244       QUAD 0.4 0 QF0 ; %QUAD:10321
  11245       DL 0.1; %DL: 6559
  11246       MH LEN_S SF2 0.05; %MH: 7153
  11247       DL 0.25-0.1-0.12 ; %DL: 6559
  11248       SBEND 1.776668 0.130899327 -1*TILT|34 0 0 0 0 0.5 0.5 ; %SBEND:1
                  0385
  11249       DL 0.45 ; %DL: 6559
  11250       QUAD 0.4 0 QD1 ; %QUAD:10321
  11251       DL 0.1; %DL: 6559
  11252       MH LEN_S SD 0.05; %MH: 7153
  11253       WIEN 3.27/2 BBE EBE 0; %WIEN:10506
  11254       DL 3.27/2 ; %DL: 6559
  11255       QUAD 0.21 0 QF ; %QUAD:10321
  11256       DL 0.1 ; %DL: 6559
  11257       MH LEN_S SF1 0.05; %MH: 7153
  11258       DL 0.1 ; %DL: 6559
  11259       QUAD 0.21 0 QF ; %QUAD:10321
  11260       DL 3.27/2 ; %DL: 6559
  11261       WIEN 3.27/2 BBE EBE 0; %WIEN:10506
  11262       MH LEN_S SD 0.05; %MH: 7153
  11263       DL 0.1; %DL: 6559
  11264       QUAD 0.4 0 QD1 ; %QUAD:10321
  11265       DL 0.45 ; %DL: 6559
  11266       SBEND 1.776668 0.130899327 -1*TILT|33 0 0 0 0 0.5 0.5 ; %SBEND:1
                  0385
  11267       DL 0.25-0.1-0.12 ; %DL: 6559
  11268       MH LEN_S SF2 0.05; %MH: 7153
  11269       DL 0.1; %DL: 6559
  11270       QUAD 0.4 0 QF0 ; %QUAD:10321
  11271       DL 0.45 ; %DL: 6559
  11272       SBEND 1.776668 0.130899327 -1*TILT|32 0 0 0 0 0.5 0.5 ; %SBEND:1
                  0385
  11273       DL 0.25 ; %DL: 6559
  11274       QUAD 0.4 0 QD1 ; %QUAD:10321
  11275       DL 0.45 ; %DL: 6559
  11276       SBEND 1.776668 0.130899327 -1*TILT|31 0 0 0 0 0.5 0.5 ; %SBEND:1
                  0385
  11277       DL 0.25 ; %DL: 6559
  11278       QUAD 0.4 0 QF1 ; %QUAD:10321
  11279       WIEN 3.27/2 BBE EBE 0; %WIEN:10506
  11280       DL 3.27/2 ; %DL: 6559
  11281       QUAD 0.4 0 QD ; %QUAD:10321
  11282       WRITE 6 'WF at ARC & SS 6';
  11283       DL 3.27/2 ; %DL: 6559
  11284       WIEN 3.27/2 BBE EBE 0; %WIEN:10506
  11285       QUAD 0.4 0 QF1 ; %QUAD:10321
  11286       DL 0.25 ; %DL: 6559
  11287       SBEND 1.776668 0.130899327 -1*TILT|30 0 0 0 0 0.5 0.5 ; %SBEND:1
                  0385
  11288       DL 0.45 ; %DL: 6559
  11289       QUAD 0.4 0 QD1 ; %QUAD:10321
  11290       DL 0.25 ; %DL: 6559
  11291       SBEND 1.776668 0.130899327 -1*TILT|29 0 0 0 0 0.5 0.5 ; %SBEND:1
                  0385
  11292       DL 0.45 ; %DL: 6559
  11293       QUAD 0.4 0 QF0 ; %QUAD:10321
  11294       DL 0.1; %DL: 6559
  11295       MH LEN_S SF2 0.05; %MH: 7153
  11296       DL 0.25-0.1-0.12 ; %DL: 6559
  11297       SBEND 1.776668 0.130899327 -1*TILT|28 0 0 0 0 0.5 0.5 ; %SBEND:1
                  0385
  11298       DL 0.45 ; %DL: 6559
  11299       QUAD 0.4 0 QD1 ; %QUAD:10321
  11300       DL 0.1; %DL: 6559
  11301       MH LEN_S SD 0.05; %MH: 7153
  11302       WIEN 3.27/2 BBE EBE 0; %WIEN:10506
  11303       DL 3.27/2 ; %DL: 6559
  11304       QUAD 0.21 0 QF ; %QUAD:10321
  11305       DL 0.1 ; %DL: 6559
  11306       MH LEN_S SF1 0.05; %MH: 7153
  11307       DL 0.1 ; %DL: 6559
  11308       QUAD 0.21 0 QF ; %QUAD:10321
  11309       DL 3.27/2 ; %DL: 6559
  11310       WIEN 3.27/2 BBE EBE 0; %WIEN:10506
  11311       MH LEN_S SD 0.05; %MH: 7153
  11312       DL 0.1; %DL: 6559
  11313       QUAD 0.4 0 QD1 ; %QUAD:10321
  11314       DL 0.45 ; %DL: 6559
  11315       SBEND 1.776668 0.130899327 -1*TILT|27 0 0 0 0 0.5 0.5 ; %SBEND:1
                  0385
  11316       DL 0.25-0.1-0.12 ; %DL: 6559
  11317       MH LEN_S SF2 0.05; %MH: 7153
  11318       DL 0.1; %DL: 6559
  11319       QUAD 0.4 0 QF0 ; %QUAD:10321
  11320       DL 0.45 ; %DL: 6559
  11321       SBEND 1.776668 0.130899327 -1*TILT|26 0 0 0 0 0.5 0.5 ; %SBEND:1
                  0385
  11322       DL 0.25 ; %DL: 6559
  11323       QUAD 0.4 0 QD1 ; %QUAD:10321
  11324       DL 0.45 ; %DL: 6559
  11325       SBEND 1.776668 0.130899327 -1*TILT|25 0 0 0 0 0.5 0.5 ; %SBEND:1
                  0385
  11326       DL 0.25 ; %DL: 6559
  11327       QUAD 0.4 0 QF1 ; %QUAD:10321
  11328       WIEN 3.27/2 BBE EBE 0; %WIEN:10506
  11329       DL 3.27/2 ; %DL: 6559
  11330       QUAD 0.4 0 QD ; %QUAD:10321
  11331       WRITE 6 'WF at ARC & SS 5';
  11332       DL 3.27/2 ; %DL: 6559
  11333       WIEN 3.27/2 BBE EBE 0; %WIEN:10506
  11334       QUAD 0.4 0 QF1 ; %QUAD:10321
  11335       DL 0.25 ; %DL: 6559
  11336       SBEND 1.776668 0.130899327 -1*TILT|24 0 0 0 0 0.5 0.5 ; %SBEND:1
                  0385
  11337       DL 0.45 ; %DL: 6559
  11338       QUAD 0.4 0 QD1 ; %QUAD:10321
  11339       DL 0.25 ; %DL: 6559
  11340       SBEND 1.776668 0.130899327 -1*TILT|23 0 0 0 0 0.5 0.5 ; %SBEND:1
                  0385
  11341       DL 0.45 ; %DL: 6559
  11342       QUAD 0.4 0 QF0 ; %QUAD:10321
  11343       DL 0.1; %DL: 6559
  11344       MH LEN_S SF2 0.05; %MH: 7153
  11345       DL 0.25-0.1-0.12 ; %DL: 6559
  11346       SBEND 1.776668 0.130899327 -1*TILT|22 0 0 0 0 0.5 0.5 ; %SBEND:1
                  0385
  11347       DL 0.45 ; %DL: 6559
  11348       QUAD 0.4 0 QD1 ; %QUAD:10321
  11349       DL 0.1; %DL: 6559
  11350       MH LEN_S SD 0.05; %MH: 7153
  11351       WIEN 3.27/2 BBE EBE 0; %WIEN:10506
  11352       DL 3.27/2 ; %DL: 6559
  11353       QUAD 0.21 0 QF ; %QUAD:10321
  11354       DL 0.1 ; %DL: 6559
  11355       MH LEN_S SF1 0.05; %MH: 7153
  11356       DL 0.1 ; %DL: 6559
  11357       QUAD 0.21 0 QF ; %QUAD:10321
  11358       DL 3.27/2 ; %DL: 6559
  11359       WIEN 3.27/2 BBE EBE 0; %WIEN:10506
  11360       MH LEN_S SD 0.05; %MH: 7153
  11361       DL 0.1; %DL: 6559
  11362       QUAD 0.4 0 QD1 ; %QUAD:10321
  11363       DL 0.45 ; %DL: 6559
  11364       SBEND 1.776668 0.130899327 -1*TILT|21 0 0 0 0 0.5 0.5 ; %SBEND:1
                  0385
  11365       DL 0.25-0.1-0.12 ; %DL: 6559
  11366       MH LEN_S SF2 0.05; %MH: 7153
  11367       DL 0.1; %DL: 6559
  11368       QUAD 0.4 0 QF0 ; %QUAD:10321
  11369       DL 0.45 ; %DL: 6559
  11370       SBEND 1.776668 0.130899327 -1*TILT|20 0 0 0 0 0.5 0.5 ; %SBEND:1
                  0385
  11371       DL 0.25 ; %DL: 6559
  11372       QUAD 0.4 0 QD1 ; %QUAD:10321
  11373       DL 0.45 ; %DL: 6559
  11374       SBEND 1.776668 0.130899327 -1*TILT|19 0 0 0 0 0.5 0.5 ; %SBEND:1
                  0385
  11375       DL 0.25 ; %DL: 6559
  11376       QUAD 0.4 0 QF1 ; %QUAD:10321
  11377       WIEN 3.27/2 BBE EBE 0; %WIEN:10506
  11378       DL 3.27/2 ; %DL: 6559
  11379       QUAD 0.4 0 QD ; %QUAD:10321
  11380       WRITE 6 'WF at ARC & SS 4';
  11381       DL 3.27/2 ; %DL: 6559
  11382       WIEN 3.27/2 BBE EBE 0; %WIEN:10506
  11383       QUAD 0.4 0 QF1 ; %QUAD:10321
  11384       DL 0.25 ; %DL: 6559
  11385       SBEND 1.776668 0.130899327 -1*TILT|18 0 0 0 0 0.5 0.5 ; %SBEND:1
                  0385
  11386       DL 0.45 ; %DL: 6559
  11387       QUAD 0.4 0 QD1 ; %QUAD:10321
  11388       DL 0.25 ; %DL: 6559
  11389       SBEND 1.776668 0.130899327 -1*TILT|17 0 0 0 0 0.5 0.5 ; %SBEND:1
                  0385
  11390       DL 0.45 ; %DL: 6559
  11391       QUAD 0.4 0 QF0 ; %QUAD:10321
  11392       DL 0.1; %DL: 6559
  11393       MH LEN_S SF2 0.05; %MH: 7153
  11394       DL 0.25-0.1-0.12 ; %DL: 6559
  11395       SBEND 1.776668 0.130899327 -1*TILT|16 0 0 0 0 0.5 0.5 ; %SBEND:1
                  0385
  11396       DL 0.45 ; %DL: 6559
  11397       QUAD 0.4 0 QD1 ; %QUAD:10321
  11398       DL 0.1; %DL: 6559
  11399       MH LEN_S SD 0.05; %MH: 7153
  11400       WIEN 3.27/2 BBE EBE 0; %WIEN:10506
  11401       DL 3.27/2 ; %DL: 6559
  11402       QUAD 0.21 0 QF ; %QUAD:10321
  11403       DL 0.1 ; %DL: 6559
  11404       MH LEN_S SF1 0.05; %MH: 7153
  11405       DL 0.1 ; %DL: 6559
  11406       QUAD 0.21 0 QF ; %QUAD:10321
  11407       DL 3.27/2 ; %DL: 6559
  11408       WIEN 3.27/2 BBE EBE 0; %WIEN:10506
  11409       MH LEN_S SD 0.05; %MH: 7153
  11410       DL 0.1; %DL: 6559
  11411       QUAD 0.4 0 QD1 ; %QUAD:10321
  11412       DL 0.45 ; %DL: 6559
  11413       SBEND 1.776668 0.130899327 -1*TILT|15 0 0 0 0 0.5 0.5 ; %SBEND:1
                  0385
  11414       DL 0.25-0.1-0.12 ; %DL: 6559
  11415       MH LEN_S SF2 0.05; %MH: 7153
  11416       DL 0.1; %DL: 6559
  11417       QUAD 0.4 0 QF0 ; %QUAD:10321
  11418       DL 0.45 ; %DL: 6559
  11419       SBEND 1.776668 0.130899327 -1*TILT|14 0 0 0 0 0.5 0.5 ; %SBEND:1
                  0385
  11420       DL 0.25 ; %DL: 6559
  11421       QUAD 0.4 0 QD1 ; %QUAD:10321
  11422       DL 0.45 ; %DL: 6559
  11423       SBEND 1.776668 0.130899327 -1*TILT|13 0 0 0 0 0.5 0.5 ; %SBEND:1
                  0385
  11424       DL 0.25 ; %DL: 6559
  11425       QUAD 0.4 0 QF1 ; %QUAD:10321
  11426       WIEN 3.27/2 BBE EBE 0; %WIEN:10506
  11427       DL 3.27/2 ; %DL: 6559
  11428       QUAD 0.4 0 QD ; %QUAD:10321
  11429       WRITE 6 'WF at ARC & SS 3';
  11430       DL 3.27/2 ; %DL: 6559
  11431       WIEN 3.27/2 BBE EBE 0; %WIEN:10506
  11432       QUAD 0.4 0 QF1 ; %QUAD:10321
  11433       DL 0.25 ; %DL: 6559
  11434       SBEND 1.776668 0.130899327 -1*TILT|12 0 0 0 0 0.5 0.5 ; %SBEND:1
                  0385
  11435       DL 0.45 ; %DL: 6559
  11436       QUAD 0.4 0 QD1 ; %QUAD:10321
  11437       DL 0.25 ; %DL: 6559
  11438       SBEND 1.776668 0.130899327 -1*TILT|11 0 0 0 0 0.5 0.5 ; %SBEND:1
                  0385
  11439       DL 0.45 ; %DL: 6559
  11440       QUAD 0.4 0 QF0 ; %QUAD:10321
  11441       DL 0.1; %DL: 6559
  11442       MH LEN_S SF2 0.05; %MH: 7153
  11443       DL 0.25-0.1-0.12 ; %DL: 6559
  11444       SBEND 1.776668 0.130899327 -1*TILT|10 0 0 0 0 0.5 0.5 ; %SBEND:1
                  0385
  11445       DL 0.45 ; %DL: 6559
  11446       QUAD 0.4 0 QD1 ; %QUAD:10321
  11447       DL 0.1; %DL: 6559
  11448       MH LEN_S SD 0.05; %MH: 7153
  11449       WIEN 3.27/2 BBE EBE 0; %WIEN:10506
  11450       DL 3.27/2 ; %DL: 6559
  11451       QUAD 0.21 0 QF ; %QUAD:10321
  11452       DL 0.1 ; %DL: 6559
  11453       MH LEN_S SF1 0.05; %MH: 7153
  11454       DL 0.1 ; %DL: 6559
  11455       QUAD 0.21 0 QF ; %QUAD:10321
  11456       DL 3.27/2 ; %DL: 6559
  11457       WIEN 3.27/2 BBE EBE 0; %WIEN:10506
  11458       MH LEN_S SD 0.05; %MH: 7153
  11459       DL 0.1; %DL: 6559
  11460       QUAD 0.4 0 QD1 ; %QUAD:10321
  11461       DL 0.45 ; %DL: 6559
  11462       SBEND 1.776668 0.130899327 -1*TILT|9 0 0 0 0 0.5 0.5 ; %SBEND:10
                  385
  11463       DL 0.25-0.1-0.12 ; %DL: 6559
  11464       MH LEN_S SF2 0.05; %MH: 7153
  11465       DL 0.1; %DL: 6559
  11466       QUAD 0.4 0 QF0 ; %QUAD:10321
  11467       DL 0.45 ; %DL: 6559
  11468       SBEND 1.776668 0.130899327 -1*TILT|8 0 0 0 0 0.5 0.5 ; %SBEND:10
                  385
  11469       DL 0.25 ; %DL: 6559
  11470       QUAD 0.4 0 QD1 ; %QUAD:10321
  11471       DL 0.45 ; %DL: 6559
  11472       SBEND 1.776668 0.130899327 -1*TILT|7 0 0 0 0 0.5 0.5 ; %SBEND:10
                  385
  11473       DL 0.25 ; %DL: 6559
  11474       QUAD 0.4 0 QF1 ; %QUAD:10321
  11475       WIEN 3.27/2 BBE EBE 0; %WIEN:10506
  11476       DL 3.27/2 ; %DL: 6559
  11477       QUAD 0.4 0 QD ; %QUAD:10321
  11478       WRITE 6 'WF at ARC & SS 2';
  11479       DL 3.27/2 ; %DL: 6559
  11480       WIEN 3.27/2 BBE EBE 0; %WIEN:10506
  11481       QUAD 0.4 0 QF1 ; %QUAD:10321
  11482       DL 0.25 ; %DL: 6559
  11483       SBEND 1.776668 0.130899327 -1*TILT|6 0 0 0 0 0.5 0.5 ; %SBEND:10
                  385
  11484       DL 0.45 ; %DL: 6559
  11485       QUAD 0.4 0 QD1 ; %QUAD:10321
  11486       DL 0.25 ; %DL: 6559
  11487       SBEND 1.776668 0.130899327 -1*TILT|5 0 0 0 0 0.5 0.5 ; %SBEND:10
                  385
  11488       DL 0.45 ; %DL: 6559
  11489       QUAD 0.4 0 QF0 ; %QUAD:10321
  11490       DL 0.1; %DL: 6559
  11491       MH LEN_S SF2 0.05; %MH: 7153
  11492       DL 0.25-0.1-0.12 ; %DL: 6559
  11493       SBEND 1.776668 0.130899327 -1*TILT|4 0 0 0 0 0.5 0.5 ; %SBEND:10
                  385
  11494       DL 0.45 ; %DL: 6559
  11495       QUAD 0.4 0 QD1 ; %QUAD:10321
  11496       DL 0.1; %DL: 6559
  11497       MH LEN_S SD 0.05; %MH: 7153
  11498       WIEN 3.27/2 BBE EBE 0; %WIEN:10506
  11499       DL 3.27/2 ; %DL: 6559
  11500       QUAD 0.21 0 QF ; %QUAD:10321
  11501       DL 0.1 ; %DL: 6559
  11502       MH LEN_S SF1 0.05; %MH: 7153
  11503       DL 0.1 ; %DL: 6559
  11504       QUAD 0.21 0 QF ; %QUAD:10321
  11505       DL 3.27/2 ; %DL: 6559
  11506       WIEN 3.27/2 BBE EBE 0; %WIEN:10506
  11507       MH LEN_S SD 0.05; %MH: 7153
  11508       DL 0.1; %DL: 6559
  11509       QUAD 0.4 0 QD1 ; %QUAD:10321
  11510       DL 0.45 ; %DL: 6559
  11511       SBEND 1.776668 0.130899327 -1*TILT|3 0 0 0 0 0.5 0.5 ; %SBEND:10
                  385
  11512       DL 0.25-0.1-0.12 ; %DL: 6559
  11513       MH LEN_S SF2 0.05; %MH: 7153
  11514       DL 0.1; %DL: 6559
  11515       QUAD 0.4 0 QF0 ; %QUAD:10321
  11516       DL 0.45 ; %DL: 6559
  11517       SBEND 1.776668 0.130899327 -1*TILT|2 0 0 0 0 0.5 0.5 ; %SBEND:10
                  385
  11518       DL 0.25 ; %DL: 6559
  11519       QUAD 0.4 0 QD1 ; %QUAD:10321
  11520       DL 0.45 ; %DL: 6559
  11521       SBEND 1.776668 0.130899327 -1*TILT|1 0 0 0 0 0.5 0.5 ; %SBEND:10
                  385
  11522       DL 0.25 ; %DL: 6559
  11523       QUAD 0.4 0 QF1 ; %QUAD:10321
  11524       WIEN 3.27/2 BBE EBE 0; %WIEN:10506
  11525       DL 3.27/2 ; %DL: 6559
  11526       QUAD 0.4 0 QD ; %QUAD:10321
  11527       WRITE 6 'WF at ARC & SS 1';
  11528       ENDLOOP;
  11529     ENDPROCEDURE;
 --- BIN FILE WRITTEN: seq_Nuclotron_Mod
  11530   SAVE 'seq_Nuclotron_Mod';
