 --- BIN FILE READ: header
  10647 INCLUDE 'header';
  10648   PROCEDURE LATTICE SEXTGX1 SEXTGY1 SEXTGX2 SEXTGY2 EB1 RFFLAG TILTARR
                   SOL;
  10649     VARIABLE VRF 1 1 1;
  10650     VARIABLE FREQ 1;
  10651     VARIABLE HNUM 1;
  10652     VARIABLE I 1;
  10653     VARIABLE LEN_S 1;
  10654     VARIABLE A 1;
  10655     VARIABLE LEN_S_1 1;
  10656     VARIABLE EBE 1;
  10657     VARIABLE BBE 1;
  10658     VARIABLE QF 1;
  10659     VARIABLE QD 1;
  10660     VARIABLE QF1 1;
  10661     VARIABLE QD1 1;
  10662     VARIABLE SF1 1;
  10663     VARIABLE SF2 1;
  10664     VARIABLE SD 1;
  10665     VARIABLE SD1 1;
  10666     VARIABLE TILT 48;
  10667     TILT := TILTARR;
  10668     EBE := EB1;
  10669     A := 0.05;
  10670     LEN_S := 0.30;
  10671     LEN_S_1 := 0.000001;
  10672     SF1 := SEXTGX1;
  10673     SF2 := SEXTGX2;
  10674     SD  := SEXTGY1;
  10675     SD1 := SEXTGY2;
  10676     QF:=1.722839178;
  10677     QD:=-1.696819162;
  10678     QF1:=1.2991464;
  10679     QD1:=-1.154647904;
  10680     HNUM := 66;
  10681     VRF(1, 1) := 100/HNUM;
  10682     FREQ := HNUM*REVFREQ(FACCLEN(1)); %REVFREQ: 9907 %FACCLEN:10584
  10683     WRITE 6 '********************************************';
  10684     WRITE 6 '*      FS NICA BYPASS 7 NOW 2022           *';
  10685     WRITE 6 '********************************************';
  10686     WRITE 6 'REVOLUTION FREQUENCY: '&ST(REVFREQ(FACCLEN(1))/1E6)&' MHZ
                  '; %REVFREQ: 9907 %FACCLEN:10584
  10687     WRITE 6 'RF FREQUENCY: '&ST(FREQ/1E6)&' MHZ';
  10688     UM; %UM: 1488
  10689     CR; %CR:  947
  10690     IF RFFLAG=1;
  10691       RF VRF 0 FREQ 0 0.05; %RF: 8697
  10692       ENDIF;
  10693     LOOP I 1 1;
  10694       QUAD 0.4 0 QD ; %QUAD:10321
  10695       DL 0.09 ; %DL: 6559
  10696       SBEND 1.78931916 0.1308996937 TILT|1 0 0 0 0 0.5 0.5 ; %SBEND:10
                  385
  10697       DL 0.13 ; %DL: 6559
  10698       MH LEN_S SF2 0.05; %MH: 7153
  10699       QUAD 0.4 0 QF ; %QUAD:10321
  10700       DL 0.09 ; %DL: 6559
  10701       SBEND 1.78931916 0.1308996937 TILT|2 0 0 0 0 0.5 0.5 ; %SBEND:10
                  385
  10702       DL 0.13 ; %DL: 6559
  10703       MH LEN_S SD 0.05; %MH: 7153
  10704       QUAD 0.4 0 QD ; %QUAD:10321
  10705       DL 0.09 ; %DL: 6559
  10706       SBEND 1.78931916 0.1308996937 TILT|3 0 0 0 0 0.5 0.5 ; %SBEND:10
                  385
  10707       DL 0.13 ; %DL: 6559
  10708       MH LEN_S SF1 0.05; %MH: 7153
  10709       QUAD 0.4 0 QF ; %QUAD:10321
  10710       DL 0.09 ; %DL: 6559
  10711       SBEND 1.78931916 0.1308996937 TILT|4 0 0 0 0 0.5 0.5 ; %SBEND:10
                  385
  10712       DL 0.13 ; %DL: 6559
  10713       MH LEN_S SD 0.05; %MH: 7153
  10714       QUAD 0.4 0 QD ; %QUAD:10321
  10715       DL 0.09 ; %DL: 6559
  10716       SBEND 1.78931916 0.1308996937 TILT|5 0 0 0 0 0.5 0.5 ; %SBEND:10
                  385
  10717       DL 0.13 ; %DL: 6559
  10718       MH LEN_S SF2 0.05; %MH: 7153
  10719       QUAD 0.4 0 QF ; %QUAD:10321
  10720       DL 0.09 ; %DL: 6559
  10721       SBEND 1.78931916 0.1308996937 TILT|6 0 0 0 0 0.5 0.5 ; %SBEND:10
                  385
  10722       DL 0.43 ; %DL: 6559
  10723       QUAD 0.4 0 QD ; %QUAD:10321
  10724       WRITE 6 '1 Straight WF';
  10725       WIEN 3.35 BBE EBE 0; %WIEN:10506
  10726       QUAD 0.4 0 QF1 ; %QUAD:10321
  10727       DL 3.35 ; %DL: 6559
  10728       QUAD 0.4 0 QD1 ; %QUAD:10321
  10729       DL 3.35 ; %DL: 6559
  10730       QUAD 0.4 0 QF1 ; %QUAD:10321
  10731       WIEN 3.35 BBE EBE 0; %WIEN:10506
  10732       QUAD 0.4 0 QD ; %QUAD:10321
  10733       DL 0.09 ; %DL: 6559
  10734       SBEND 1.78931916 0.1308996937 TILT|7 0 0 0 0 0.5 0.5 ; %SBEND:10
                  385
  10735       DL 0.13 ; %DL: 6559
  10736       MH LEN_S SF2 0.05; %MH: 7153
  10737       QUAD 0.4 0 QF ; %QUAD:10321
  10738       DL 0.09 ; %DL: 6559
  10739       SBEND 1.78931916 0.1308996937 TILT|8 0 0 0 0 0.5 0.5 ; %SBEND:10
                  385
  10740       DL 0.13 ; %DL: 6559
  10741       MH LEN_S SD 0.05; %MH: 7153
  10742       QUAD 0.4 0 QD ; %QUAD:10321
  10743       DL 0.09 ; %DL: 6559
  10744       SBEND 1.78931916 0.1308996937 TILT|9 0 0 0 0 0.5 0.5 ; %SBEND:10
                  385
  10745       DL 0.13 ; %DL: 6559
  10746       MH LEN_S SF1 0.05; %MH: 7153
  10747       QUAD 0.4 0 QF ; %QUAD:10321
  10748       DL 0.09 ; %DL: 6559
  10749       SBEND 1.78931916 0.1308996937 TILT|10 0 0 0 0 0.5 0.5 ; %SBEND:1
                  0385
  10750       DL 0.13 ; %DL: 6559
  10751       MH LEN_S SD 0.05; %MH: 7153
  10752       QUAD 0.4 0 QD ; %QUAD:10321
  10753       DL 0.09 ; %DL: 6559
  10754       SBEND 1.78931916 0.1308996937 TILT|11 0 0 0 0 0.5 0.5 ; %SBEND:1
                  0385
  10755       DL 0.13 ; %DL: 6559
  10756       MH LEN_S SF2 0.05; %MH: 7153
  10757       QUAD 0.4 0 QF ; %QUAD:10321
  10758       DL 0.09 ; %DL: 6559
  10759       SBEND 1.78931916 0.1308996937 TILT|12 0 0 0 0 0.5 0.5 ; %SBEND:1
                  0385
  10760       DL 0.43 ; %DL: 6559
  10761       QUAD 0.4 0 QD ; %QUAD:10321
  10762       WRITE 6 '2 Straight WF';
  10763       WIEN 3.35 BBE EBE 0; %WIEN:10506
  10764       QUAD 0.4 0 QF1 ; %QUAD:10321
  10765       DL 3.35 ; %DL: 6559
  10766       QUAD 0.4 0 QD1 ; %QUAD:10321
  10767       DL 3.35 ; %DL: 6559
  10768       QUAD 0.4 0 QF1 ; %QUAD:10321
  10769       WIEN 3.35 BBE EBE 0; %WIEN:10506
  10770       QUAD 0.4 0 QD ; %QUAD:10321
  10771       DL 0.09 ; %DL: 6559
  10772       SBEND 1.78931916 0.1308996937 TILT|13 0 0 0 0 0.5 0.5 ; %SBEND:1
                  0385
  10773       DL 0.13 ; %DL: 6559
  10774       MH LEN_S SF2 0.05; %MH: 7153
  10775       QUAD 0.4 0 QF ; %QUAD:10321
  10776       DL 0.09 ; %DL: 6559
  10777       SBEND 1.78931916 0.1308996937 TILT|14 0 0 0 0 0.5 0.5 ; %SBEND:1
                  0385
  10778       DL 0.13 ; %DL: 6559
  10779       MH LEN_S SD 0.05; %MH: 7153
  10780       QUAD 0.4 0 QD ; %QUAD:10321
  10781       DL 0.09 ; %DL: 6559
  10782       SBEND 1.78931916 0.1308996937 TILT|15 0 0 0 0 0.5 0.5 ; %SBEND:1
                  0385
  10783       DL 0.13 ; %DL: 6559
  10784       MH LEN_S SF1 0.05; %MH: 7153
  10785       QUAD 0.4 0 QF ; %QUAD:10321
  10786       DL 0.09 ; %DL: 6559
  10787       SBEND 1.78931916 0.1308996937 TILT|16 0 0 0 0 0.5 0.5 ; %SBEND:1
                  0385
  10788       DL 0.13 ; %DL: 6559
  10789       MH LEN_S SD 0.05; %MH: 7153
  10790       QUAD 0.4 0 QD ; %QUAD:10321
  10791       DL 0.09 ; %DL: 6559
  10792       SBEND 1.78931916 0.1308996937 TILT|17 0 0 0 0 0.5 0.5 ; %SBEND:1
                  0385
  10793       DL 0.13 ; %DL: 6559
  10794       MH LEN_S SF2 0.05; %MH: 7153
  10795       QUAD 0.4 0 QF ; %QUAD:10321
  10796       DL 0.09 ; %DL: 6559
  10797       SBEND 1.78931916 0.1308996937 TILT|18 0 0 0 0 0.5 0.5 ; %SBEND:1
                  0385
  10798       DL 0.43 ; %DL: 6559
  10799       QUAD 0.4 0 QD ; %QUAD:10321
  10800       WRITE 6 '3 Straight WF';
  10801       WIEN 3.35 BBE EBE 0; %WIEN:10506
  10802       QUAD 0.4 0 QF1 ; %QUAD:10321
  10803       DL 3.35 ; %DL: 6559
  10804       QUAD 0.4 0 QD1 ; %QUAD:10321
  10805       DL 3.35 ; %DL: 6559
  10806       QUAD 0.4 0 QF1 ; %QUAD:10321
  10807       WIEN 3.35 BBE EBE 0; %WIEN:10506
  10808       QUAD 0.4 0 QD ; %QUAD:10321
  10809       DL 0.09 ; %DL: 6559
  10810       SBEND 1.78931916 0.1308996937 TILT|19 0 0 0 0 0.5 0.5 ; %SBEND:1
                  0385
  10811       DL 0.13 ; %DL: 6559
  10812       MH LEN_S SF2 0.05; %MH: 7153
  10813       QUAD 0.4 0 QF ; %QUAD:10321
  10814       DL 0.09 ; %DL: 6559
  10815       SBEND 1.78931916 0.1308996937 TILT|20 0 0 0 0 0.5 0.5 ; %SBEND:1
                  0385
  10816       DL 0.13 ; %DL: 6559
  10817       MH LEN_S SD 0.05; %MH: 7153
  10818       QUAD 0.4 0 QD ; %QUAD:10321
  10819       DL 0.09 ; %DL: 6559
  10820       SBEND 1.78931916 0.1308996937 TILT|21 0 0 0 0 0.5 0.5 ; %SBEND:1
                  0385
  10821       DL 0.13 ; %DL: 6559
  10822       MH LEN_S SF1 0.05; %MH: 7153
  10823       QUAD 0.4 0 QF ; %QUAD:10321
  10824       DL 0.09 ; %DL: 6559
  10825       SBEND 1.78931916 0.1308996937 TILT|22 0 0 0 0 0.5 0.5 ; %SBEND:1
                  0385
  10826       DL 0.13 ; %DL: 6559
  10827       MH LEN_S SD 0.05; %MH: 7153
  10828       QUAD 0.4 0 QD ; %QUAD:10321
  10829       DL 0.09 ; %DL: 6559
  10830       SBEND 1.78931916 0.1308996937 TILT|23 0 0 0 0 0.5 0.5 ; %SBEND:1
                  0385
  10831       DL 0.13 ; %DL: 6559
  10832       MH LEN_S SF2 0.05; %MH: 7153
  10833       QUAD 0.4 0 QF ; %QUAD:10321
  10834       DL 0.09 ; %DL: 6559
  10835       SBEND 1.78931916 0.1308996937 TILT|24 0 0 0 0 0.5 0.5 ; %SBEND:1
                  0385
  10836       DL 0.43 ; %DL: 6559
  10837       QUAD 0.4 0 QD ; %QUAD:10321
  10838       WRITE 6 '4 Straight WF';
  10839       WIEN 3.35 BBE EBE 0; %WIEN:10506
  10840       QUAD 0.4 0 QF1 ; %QUAD:10321
  10841       DL 3.35 ; %DL: 6559
  10842       QUAD 0.4 0 QD1 ; %QUAD:10321
  10843       DL 3.35 ; %DL: 6559
  10844       QUAD 0.4 0 QF1 ; %QUAD:10321
  10845       WIEN 3.35 BBE EBE 0; %WIEN:10506
  10846       QUAD 0.4 0 QD ; %QUAD:10321
  10847       DL 0.09 ; %DL: 6559
  10848       SBEND 1.78931916 0.1308996937 TILT|25 0 0 0 0 0.5 0.5 ; %SBEND:1
                  0385
  10849       DL 0.13 ; %DL: 6559
  10850       MH LEN_S SF2 0.05; %MH: 7153
  10851       QUAD 0.4 0 QF ; %QUAD:10321
  10852       DL 0.09 ; %DL: 6559
  10853       SBEND 1.78931916 0.1308996937 TILT|26 0 0 0 0 0.5 0.5 ; %SBEND:1
                  0385
  10854       DL 0.13 ; %DL: 6559
  10855       MH LEN_S SD 0.05; %MH: 7153
  10856       QUAD 0.4 0 QD ; %QUAD:10321
  10857       DL 0.09 ; %DL: 6559
  10858       SBEND 1.78931916 0.1308996937 TILT|27 0 0 0 0 0.5 0.5 ; %SBEND:1
                  0385
  10859       DL 0.13 ; %DL: 6559
  10860       MH LEN_S SF1 0.05; %MH: 7153
  10861       QUAD 0.4 0 QF ; %QUAD:10321
  10862       DL 0.09 ; %DL: 6559
  10863       SBEND 1.78931916 0.1308996937 TILT|28 0 0 0 0 0.5 0.5 ; %SBEND:1
                  0385
  10864       DL 0.13 ; %DL: 6559
  10865       MH LEN_S SD 0.05; %MH: 7153
  10866       QUAD 0.4 0 QD ; %QUAD:10321
  10867       DL 0.09 ; %DL: 6559
  10868       SBEND 1.78931916 0.1308996937 TILT|29 0 0 0 0 0.5 0.5 ; %SBEND:1
                  0385
  10869       DL 0.13 ; %DL: 6559
  10870       MH LEN_S SF2 0.05; %MH: 7153
  10871       QUAD 0.4 0 QF ; %QUAD:10321
  10872       DL 0.09 ; %DL: 6559
  10873       SBEND 1.78931916 0.1308996937 TILT|30 0 0 0 0 0.5 0.5 ; %SBEND:1
                  0385
  10874       DL 0.43 ; %DL: 6559
  10875       QUAD 0.4 0 QD ; %QUAD:10321
  10876       WRITE 6 '5 Straight WF';
  10877       WIEN 3.35 BBE EBE 0; %WIEN:10506
  10878       QUAD 0.4 0 QF1 ; %QUAD:10321
  10879       DL 3.35 ; %DL: 6559
  10880       QUAD 0.4 0 QD1 ; %QUAD:10321
  10881       DL 3.35 ; %DL: 6559
  10882       QUAD 0.4 0 QF1 ; %QUAD:10321
  10883       WIEN 3.35 BBE EBE 0; %WIEN:10506
  10884       QUAD 0.4 0 QD ; %QUAD:10321
  10885       DL 0.09 ; %DL: 6559
  10886       SBEND 1.78931916 0.1308996937 TILT|31 0 0 0 0 0.5 0.5 ; %SBEND:1
                  0385
  10887       DL 0.13 ; %DL: 6559
  10888       MH LEN_S SF2 0.05; %MH: 7153
  10889       QUAD 0.4 0 QF ; %QUAD:10321
  10890       DL 0.09 ; %DL: 6559
  10891       SBEND 1.78931916 0.1308996937 TILT|32 0 0 0 0 0.5 0.5 ; %SBEND:1
                  0385
  10892       DL 0.13 ; %DL: 6559
  10893       MH LEN_S SD 0.05; %MH: 7153
  10894       QUAD 0.4 0 QD ; %QUAD:10321
  10895       DL 0.09 ; %DL: 6559
  10896       SBEND 1.78931916 0.1308996937 TILT|33 0 0 0 0 0.5 0.5 ; %SBEND:1
                  0385
  10897       DL 0.13 ; %DL: 6559
  10898       MH LEN_S SF1 0.05; %MH: 7153
  10899       QUAD 0.4 0 QF ; %QUAD:10321
  10900       DL 0.09 ; %DL: 6559
  10901       SBEND 1.78931916 0.1308996937 TILT|34 0 0 0 0 0.5 0.5 ; %SBEND:1
                  0385
  10902       DL 0.13 ; %DL: 6559
  10903       MH LEN_S SD 0.05; %MH: 7153
  10904       QUAD 0.4 0 QD ; %QUAD:10321
  10905       DL 0.09 ; %DL: 6559
  10906       SBEND 1.78931916 0.1308996937 TILT|35 0 0 0 0 0.5 0.5 ; %SBEND:1
                  0385
  10907       DL 0.13 ; %DL: 6559
  10908       MH LEN_S SF2 0.05; %MH: 7153
  10909       QUAD 0.4 0 QF ; %QUAD:10321
  10910       DL 0.09 ; %DL: 6559
  10911       SBEND 1.78931916 0.1308996937 TILT|36 0 0 0 0 0.5 0.5 ; %SBEND:1
                  0385
  10912       DL 0.43 ; %DL: 6559
  10913       QUAD 0.4 0 QD ; %QUAD:10321
  10914       WRITE 6 '6 Straight WF';
  10915       WIEN 3.35 BBE EBE 0; %WIEN:10506
  10916       QUAD 0.4 0 QF1 ; %QUAD:10321
  10917       DL 3.35 ; %DL: 6559
  10918       QUAD 0.4 0 QD1 ; %QUAD:10321
  10919       DL 3.35 ; %DL: 6559
  10920       QUAD 0.4 0 QF1 ; %QUAD:10321
  10921       WIEN 3.35 BBE EBE 0; %WIEN:10506
  10922       QUAD 0.4 0 QD ; %QUAD:10321
  10923       DL 0.09 ; %DL: 6559
  10924       SBEND 1.78931916 0.1308996937 TILT|37 0 0 0 0 0.5 0.5 ; %SBEND:1
                  0385
  10925       DL 0.13 ; %DL: 6559
  10926       MH LEN_S SF2 0.05; %MH: 7153
  10927       QUAD 0.4 0 QF ; %QUAD:10321
  10928       DL 0.09 ; %DL: 6559
  10929       SBEND 1.78931916 0.1308996937 TILT|38 0 0 0 0 0.5 0.5 ; %SBEND:1
                  0385
  10930       DL 0.13 ; %DL: 6559
  10931       MH LEN_S SD 0.05; %MH: 7153
  10932       QUAD 0.4 0 QD ; %QUAD:10321
  10933       DL 0.09 ; %DL: 6559
  10934       SBEND 1.78931916 0.1308996937 TILT|39 0 0 0 0 0.5 0.5 ; %SBEND:1
                  0385
  10935       DL 0.13 ; %DL: 6559
  10936       MH LEN_S SF1 0.05; %MH: 7153
  10937       QUAD 0.4 0 QF ; %QUAD:10321
  10938       DL 0.09 ; %DL: 6559
  10939       SBEND 1.78931916 0.1308996937 TILT|40 0 0 0 0 0.5 0.5 ; %SBEND:1
                  0385
  10940       DL 0.13 ; %DL: 6559
  10941       MH LEN_S SD 0.05; %MH: 7153
  10942       QUAD 0.4 0 QD ; %QUAD:10321
  10943       DL 0.09 ; %DL: 6559
  10944       SBEND 1.78931916 0.1308996937 TILT|41 0 0 0 0 0.5 0.5 ; %SBEND:1
                  0385
  10945       DL 0.13 ; %DL: 6559
  10946       MH LEN_S SF2 0.05; %MH: 7153
  10947       QUAD 0.4 0 QF ; %QUAD:10321
  10948       DL 0.09 ; %DL: 6559
  10949       SBEND 1.78931916 0.1308996937 TILT|42 0 0 0 0 0.5 0.5 ; %SBEND:1
                  0385
  10950       DL 0.43 ; %DL: 6559
  10951       QUAD 0.4 0 QD ; %QUAD:10321
  10952       WRITE 6 '7 Straight WF';
  10953       WIEN 3.35 BBE EBE 0; %WIEN:10506
  10954       QUAD 0.4 0 QF1 ; %QUAD:10321
  10955       DL 3.35 ; %DL: 6559
  10956       QUAD 0.4 0 QD1 ; %QUAD:10321
  10957       DL 3.35 ; %DL: 6559
  10958       QUAD 0.4 0 QF1 ; %QUAD:10321
  10959       WIEN 3.35 BBE EBE 0; %WIEN:10506
  10960       QUAD 0.4 0 QD ; %QUAD:10321
  10961       DL 0.09 ; %DL: 6559
  10962       SBEND 1.78931916 0.1308996937 TILT|43 0 0 0 0 0.5 0.5 ; %SBEND:1
                  0385
  10963       DL 0.13 ; %DL: 6559
  10964       MH LEN_S SF2 0.05; %MH: 7153
  10965       QUAD 0.4 0 QF ; %QUAD:10321
  10966       DL 0.09 ; %DL: 6559
  10967       SBEND 1.78931916 0.1308996937 TILT|44 0 0 0 0 0.5 0.5 ; %SBEND:1
                  0385
  10968       DL 0.13 ; %DL: 6559
  10969       MH LEN_S SD 0.05; %MH: 7153
  10970       QUAD 0.4 0 QD ; %QUAD:10321
  10971       DL 0.09 ; %DL: 6559
  10972       SBEND 1.78931916 0.1308996937 TILT|45 0 0 0 0 0.5 0.5 ; %SBEND:1
                  0385
  10973       DL 0.13 ; %DL: 6559
  10974       MH LEN_S SF1 0.05; %MH: 7153
  10975       QUAD 0.4 0 QF ; %QUAD:10321
  10976       DL 0.09 ; %DL: 6559
  10977       SBEND 1.78931916 0.1308996937 TILT|46 0 0 0 0 0.5 0.5 ; %SBEND:1
                  0385
  10978       DL 0.13 ; %DL: 6559
  10979       MH LEN_S SD 0.05; %MH: 7153
  10980       QUAD 0.4 0 QD ; %QUAD:10321
  10981       DL 0.09 ; %DL: 6559
  10982       SBEND 1.78931916 0.1308996937 TILT|47 0 0 0 0 0.5 0.5 ; %SBEND:1
                  0385
  10983       DL 0.13 ; %DL: 6559
  10984       MH LEN_S SF2 0.05; %MH: 7153
  10985       QUAD 0.4 0 QF ; %QUAD:10321
  10986       DL 0.09 ; %DL: 6559
  10987       SBEND 1.78931916 0.1308996937 TILT|48 0 0 0 0 0.5 0.5 ; %SBEND:1
                  0385
  10988       DL 0.43 ; %DL: 6559
  10989       QUAD 0.4 0 QD ; %QUAD:10321
  10990       WRITE 6 '8 Straight WF';
  10991       WIEN 3.35 BBE EBE 0; %WIEN:10506
  10992       QUAD 0.4 0 QF1 ; %QUAD:10321
  10993       DL 3.35 ; %DL: 6559
  10994       QUAD 0.4 0 QD1 ; %QUAD:10321
  10995       DL 3.35 ; %DL: 6559
  10996       QUAD 0.4 0 QF1 ; %QUAD:10321
  10997       WIEN 3.35 BBE EBE 0; %WIEN:10506
  10998       ENDLOOP;
  10999     ENDPROCEDURE;
  11000   PROCEDURE CCW_LATTICE SEXTGX1 SEXTGY1 SEXTGX2 SEXTGY2 EB1 RFFLAG TIL
                  TARR SOL;
  11001     VARIABLE VRF 1 1 1;
  11002     VARIABLE FREQ 1;
  11003     VARIABLE HNUM 1;
  11004     VARIABLE I 1;
  11005     VARIABLE LEN_S 1;
  11006     VARIABLE A 1;
  11007     VARIABLE LEN_S_1 1;
  11008     VARIABLE EBE 1;
  11009     VARIABLE BBE 1;
  11010     VARIABLE QF 1;
  11011     VARIABLE QD 1;
  11012     VARIABLE QF1 1;
  11013     VARIABLE QD1 1;
  11014     VARIABLE SF1 1;
  11015     VARIABLE SF2 1;
  11016     VARIABLE SD 1;
  11017     VARIABLE SD1 1;
  11018     VARIABLE TILT 48;
  11019     TILT := TILTARR;
  11020     EBE := EB1;
  11021     A := 0.05;
  11022     LEN_S := 0.30;
  11023     LEN_S_1 := 0.000001;
  11024     SF1 := SEXTGX1;
  11025     SF2 := SEXTGX2;
  11026     SD  := SEXTGY1;
  11027     SD1 := SEXTGY2;
  11028     QF:=1.722839178;
  11029     QD:=-1.696819162;
  11030     QF1:=1.2991464;
  11031     QD1:=-1.154647904;
  11032     HNUM := 66;
  11033     VRF(1, 1) := 100/HNUM;
  11034     FREQ := HNUM*REVFREQ(FACCLEN(1)); %REVFREQ: 9907 %FACCLEN:10584
  11035     WRITE 6 '********************************************';
  11036     WRITE 6 '*      FS NICA BYPASS 7 NOW 2022           *';
  11037     WRITE 6 '********************************************';
  11038     WRITE 6 'REVOLUTION FREQUENCY: '&ST(REVFREQ(FACCLEN(1))/1E6)&' MHZ
                  '; %REVFREQ: 9907 %FACCLEN:10584
  11039     WRITE 6 'RF FREQUENCY: '&ST(FREQ/1E6)&' MHZ';
  11040     UM; %UM: 1488
  11041     CR; %CR:  947
  11042     IF RFFLAG=1;
  11043       RF VRF 0 FREQ 0 0.05; %RF: 8697
  11044       ENDIF;
  11045     LOOP I 1 1;
  11046       WIEN 3.35 BBE EBE 0; %WIEN:10506
  11047       QUAD 0.4 0 QF1 ; %QUAD:10321
  11048       DL 3.35 ; %DL: 6559
  11049       QUAD 0.4 0 QD1 ; %QUAD:10321
  11050       DL 3.35 ; %DL: 6559
  11051       QUAD 0.4 0 QF1 ; %QUAD:10321
  11052       WIEN 3.35 BBE EBE 0; %WIEN:10506
  11053       WRITE 6 '8 Straight WF';
  11054       QUAD 0.4 0 QD ; %QUAD:10321
  11055       DL 0.43 ; %DL: 6559
  11056       SBEND 1.78931916 0.1308996937 TILT|48 0 0 0 0 0.5 0.5 ; %SBEND:1
                  0385
  11057       DL 0.09 ; %DL: 6559
  11058       QUAD 0.4 0 QF ; %QUAD:10321
  11059       MH LEN_S SF2 0.05; %MH: 7153
  11060       DL 0.13 ; %DL: 6559
  11061       SBEND 1.78931916 0.1308996937 TILT|47 0 0 0 0 0.5 0.5 ; %SBEND:1
                  0385
  11062       DL 0.09 ; %DL: 6559
  11063       QUAD 0.4 0 QD ; %QUAD:10321
  11064       MH LEN_S SD 0.05; %MH: 7153
  11065       DL 0.13 ; %DL: 6559
  11066       SBEND 1.78931916 0.1308996937 TILT|46 0 0 0 0 0.5 0.5 ; %SBEND:1
                  0385
  11067       DL 0.09 ; %DL: 6559
  11068       QUAD 0.4 0 QF ; %QUAD:10321
  11069       MH LEN_S SF1 0.05; %MH: 7153
  11070       DL 0.13 ; %DL: 6559
  11071       SBEND 1.78931916 0.1308996937 TILT|45 0 0 0 0 0.5 0.5 ; %SBEND:1
                  0385
  11072       DL 0.09 ; %DL: 6559
  11073       QUAD 0.4 0 QD ; %QUAD:10321
  11074       MH LEN_S SD 0.05; %MH: 7153
  11075       DL 0.13 ; %DL: 6559
  11076       SBEND 1.78931916 0.1308996937 TILT|44 0 0 0 0 0.5 0.5 ; %SBEND:1
                  0385
  11077       DL 0.09 ; %DL: 6559
  11078       QUAD 0.4 0 QF ; %QUAD:10321
  11079       MH LEN_S SF2 0.05; %MH: 7153
  11080       DL 0.13 ; %DL: 6559
  11081       SBEND 1.78931916 0.1308996937 TILT|43 0 0 0 0 0.5 0.5 ; %SBEND:1
                  0385
  11082       DL 0.09 ; %DL: 6559
  11083       QUAD 0.4 0 QD ; %QUAD:10321
  11084       WIEN 3.35 BBE EBE 0; %WIEN:10506
  11085       QUAD 0.4 0 QF1 ; %QUAD:10321
  11086       DL 3.35 ; %DL: 6559
  11087       QUAD 0.4 0 QD1 ; %QUAD:10321
  11088       DL 3.35 ; %DL: 6559
  11089       QUAD 0.4 0 QF1 ; %QUAD:10321
  11090       WIEN 3.35 BBE EBE 0; %WIEN:10506
  11091       WRITE 6 '7 Straight WF';
  11092       QUAD 0.4 0 QD ; %QUAD:10321
  11093       DL 0.43 ; %DL: 6559
  11094       SBEND 1.78931916 0.1308996937 TILT|42 0 0 0 0 0.5 0.5 ; %SBEND:1
                  0385
  11095       DL 0.09 ; %DL: 6559
  11096       QUAD 0.4 0 QF ; %QUAD:10321
  11097       MH LEN_S SF2 0.05; %MH: 7153
  11098       DL 0.13 ; %DL: 6559
  11099       SBEND 1.78931916 0.1308996937 TILT|41 0 0 0 0 0.5 0.5 ; %SBEND:1
                  0385
  11100       DL 0.09 ; %DL: 6559
  11101       QUAD 0.4 0 QD ; %QUAD:10321
  11102       MH LEN_S SD 0.05; %MH: 7153
  11103       DL 0.13 ; %DL: 6559
  11104       SBEND 1.78931916 0.1308996937 TILT|40 0 0 0 0 0.5 0.5 ; %SBEND:1
                  0385
  11105       DL 0.09 ; %DL: 6559
  11106       QUAD 0.4 0 QF ; %QUAD:10321
  11107       MH LEN_S SF1 0.05; %MH: 7153
  11108       DL 0.13 ; %DL: 6559
  11109       SBEND 1.78931916 0.1308996937 TILT|39 0 0 0 0 0.5 0.5 ; %SBEND:1
                  0385
  11110       DL 0.09 ; %DL: 6559
  11111       QUAD 0.4 0 QD ; %QUAD:10321
  11112       MH LEN_S SD 0.05; %MH: 7153
  11113       DL 0.13 ; %DL: 6559
  11114       SBEND 1.78931916 0.1308996937 TILT|38 0 0 0 0 0.5 0.5 ; %SBEND:1
                  0385
  11115       DL 0.09 ; %DL: 6559
  11116       QUAD 0.4 0 QF ; %QUAD:10321
  11117       MH LEN_S SF2 0.05; %MH: 7153
  11118       DL 0.13 ; %DL: 6559
  11119       SBEND 1.78931916 0.1308996937 TILT|37 0 0 0 0 0.5 0.5 ; %SBEND:1
                  0385
  11120       DL 0.09 ; %DL: 6559
  11121       QUAD 0.4 0 QD ; %QUAD:10321
  11122       WIEN 3.35 BBE EBE 0; %WIEN:10506
  11123       QUAD 0.4 0 QF1 ; %QUAD:10321
  11124       DL 3.35 ; %DL: 6559
  11125       QUAD 0.4 0 QD1 ; %QUAD:10321
  11126       DL 3.35 ; %DL: 6559
  11127       QUAD 0.4 0 QF1 ; %QUAD:10321
  11128       WIEN 3.35 BBE EBE 0; %WIEN:10506
  11129       WRITE 6 '6 Straight WF';
  11130       QUAD 0.4 0 QD ; %QUAD:10321
  11131       DL 0.43 ; %DL: 6559
  11132       SBEND 1.78931916 0.1308996937 TILT|36 0 0 0 0 0.5 0.5 ; %SBEND:1
                  0385
  11133       DL 0.09 ; %DL: 6559
  11134       QUAD 0.4 0 QF ; %QUAD:10321
  11135       MH LEN_S SF2 0.05; %MH: 7153
  11136       DL 0.13 ; %DL: 6559
  11137       SBEND 1.78931916 0.1308996937 TILT|35 0 0 0 0 0.5 0.5 ; %SBEND:1
                  0385
  11138       DL 0.09 ; %DL: 6559
  11139       QUAD 0.4 0 QD ; %QUAD:10321
  11140       MH LEN_S SD 0.05; %MH: 7153
  11141       DL 0.13 ; %DL: 6559
  11142       SBEND 1.78931916 0.1308996937 TILT|34 0 0 0 0 0.5 0.5 ; %SBEND:1
                  0385
  11143       DL 0.09 ; %DL: 6559
  11144       QUAD 0.4 0 QF ; %QUAD:10321
  11145       MH LEN_S SF1 0.05; %MH: 7153
  11146       DL 0.13 ; %DL: 6559
  11147       SBEND 1.78931916 0.1308996937 TILT|33 0 0 0 0 0.5 0.5 ; %SBEND:1
                  0385
  11148       DL 0.09 ; %DL: 6559
  11149       QUAD 0.4 0 QD ; %QUAD:10321
  11150       MH LEN_S SD 0.05; %MH: 7153
  11151       DL 0.13 ; %DL: 6559
  11152       SBEND 1.78931916 0.1308996937 TILT|32 0 0 0 0 0.5 0.5 ; %SBEND:1
                  0385
  11153       DL 0.09 ; %DL: 6559
  11154       QUAD 0.4 0 QF ; %QUAD:10321
  11155       MH LEN_S SF2 0.05; %MH: 7153
  11156       DL 0.13 ; %DL: 6559
  11157       SBEND 1.78931916 0.1308996937 TILT|31 0 0 0 0 0.5 0.5 ; %SBEND:1
                  0385
  11158       DL 0.09 ; %DL: 6559
  11159       QUAD 0.4 0 QD ; %QUAD:10321
  11160       WIEN 3.35 BBE EBE 0; %WIEN:10506
  11161       QUAD 0.4 0 QF1 ; %QUAD:10321
  11162       DL 3.35 ; %DL: 6559
  11163       QUAD 0.4 0 QD1 ; %QUAD:10321
  11164       DL 3.35 ; %DL: 6559
  11165       QUAD 0.4 0 QF1 ; %QUAD:10321
  11166       WIEN 3.35 BBE EBE 0; %WIEN:10506
  11167       WRITE 6 '5 Straight WF';
  11168       QUAD 0.4 0 QD ; %QUAD:10321
  11169       DL 0.43 ; %DL: 6559
  11170       SBEND 1.78931916 0.1308996937 TILT|30 0 0 0 0 0.5 0.5 ; %SBEND:1
                  0385
  11171       DL 0.09 ; %DL: 6559
  11172       QUAD 0.4 0 QF ; %QUAD:10321
  11173       MH LEN_S SF2 0.05; %MH: 7153
  11174       DL 0.13 ; %DL: 6559
  11175       SBEND 1.78931916 0.1308996937 TILT|29 0 0 0 0 0.5 0.5 ; %SBEND:1
                  0385
  11176       DL 0.09 ; %DL: 6559
  11177       QUAD 0.4 0 QD ; %QUAD:10321
  11178       MH LEN_S SD 0.05; %MH: 7153
  11179       DL 0.13 ; %DL: 6559
  11180       SBEND 1.78931916 0.1308996937 TILT|28 0 0 0 0 0.5 0.5 ; %SBEND:1
                  0385
  11181       DL 0.09 ; %DL: 6559
  11182       QUAD 0.4 0 QF ; %QUAD:10321
  11183       MH LEN_S SF1 0.05; %MH: 7153
  11184       DL 0.13 ; %DL: 6559
  11185       SBEND 1.78931916 0.1308996937 TILT|27 0 0 0 0 0.5 0.5 ; %SBEND:1
                  0385
  11186       DL 0.09 ; %DL: 6559
  11187       QUAD 0.4 0 QD ; %QUAD:10321
  11188       MH LEN_S SD 0.05; %MH: 7153
  11189       DL 0.13 ; %DL: 6559
  11190       SBEND 1.78931916 0.1308996937 TILT|26 0 0 0 0 0.5 0.5 ; %SBEND:1
                  0385
  11191       DL 0.09 ; %DL: 6559
  11192       QUAD 0.4 0 QF ; %QUAD:10321
  11193       MH LEN_S SF2 0.05; %MH: 7153
  11194       DL 0.13 ; %DL: 6559
  11195       SBEND 1.78931916 0.1308996937 TILT|25 0 0 0 0 0.5 0.5 ; %SBEND:1
                  0385
  11196       DL 0.09 ; %DL: 6559
  11197       QUAD 0.4 0 QD ; %QUAD:10321
  11198       WIEN 3.35 BBE EBE 0; %WIEN:10506
  11199       QUAD 0.4 0 QF1 ; %QUAD:10321
  11200       DL 3.35 ; %DL: 6559
  11201       QUAD 0.4 0 QD1 ; %QUAD:10321
  11202       DL 3.35 ; %DL: 6559
  11203       QUAD 0.4 0 QF1 ; %QUAD:10321
  11204       WIEN 3.35 BBE EBE 0; %WIEN:10506
  11205       WRITE 6 '4 Straight WF';
  11206       QUAD 0.4 0 QD ; %QUAD:10321
  11207       DL 0.43 ; %DL: 6559
  11208       SBEND 1.78931916 0.1308996937 TILT|24 0 0 0 0 0.5 0.5 ; %SBEND:1
                  0385
  11209       DL 0.09 ; %DL: 6559
  11210       QUAD 0.4 0 QF ; %QUAD:10321
  11211       MH LEN_S SF2 0.05; %MH: 7153
  11212       DL 0.13 ; %DL: 6559
  11213       SBEND 1.78931916 0.1308996937 TILT|23 0 0 0 0 0.5 0.5 ; %SBEND:1
                  0385
  11214       DL 0.09 ; %DL: 6559
  11215       QUAD 0.4 0 QD ; %QUAD:10321
  11216       MH LEN_S SD 0.05; %MH: 7153
  11217       DL 0.13 ; %DL: 6559
  11218       SBEND 1.78931916 0.1308996937 TILT|22 0 0 0 0 0.5 0.5 ; %SBEND:1
                  0385
  11219       DL 0.09 ; %DL: 6559
  11220       QUAD 0.4 0 QF ; %QUAD:10321
  11221       MH LEN_S SF1 0.05; %MH: 7153
  11222       DL 0.13 ; %DL: 6559
  11223       SBEND 1.78931916 0.1308996937 TILT|21 0 0 0 0 0.5 0.5 ; %SBEND:1
                  0385
  11224       DL 0.09 ; %DL: 6559
  11225       QUAD 0.4 0 QD ; %QUAD:10321
  11226       MH LEN_S SD 0.05; %MH: 7153
  11227       DL 0.13 ; %DL: 6559
  11228       SBEND 1.78931916 0.1308996937 TILT|20 0 0 0 0 0.5 0.5 ; %SBEND:1
                  0385
  11229       DL 0.09 ; %DL: 6559
  11230       QUAD 0.4 0 QF ; %QUAD:10321
  11231       MH LEN_S SF2 0.05; %MH: 7153
  11232       DL 0.13 ; %DL: 6559
  11233       SBEND 1.78931916 0.1308996937 TILT|19 0 0 0 0 0.5 0.5 ; %SBEND:1
                  0385
  11234       DL 0.09 ; %DL: 6559
  11235       QUAD 0.4 0 QD ; %QUAD:10321
  11236       WIEN 3.35 BBE EBE 0; %WIEN:10506
  11237       QUAD 0.4 0 QF1 ; %QUAD:10321
  11238       DL 3.35 ; %DL: 6559
  11239       QUAD 0.4 0 QD1 ; %QUAD:10321
  11240       DL 3.35 ; %DL: 6559
  11241       QUAD 0.4 0 QF1 ; %QUAD:10321
  11242       WIEN 3.35 BBE EBE 0; %WIEN:10506
  11243       WRITE 6 '3 Straight WF';
  11244       QUAD 0.4 0 QD ; %QUAD:10321
  11245       DL 0.43 ; %DL: 6559
  11246       SBEND 1.78931916 0.1308996937 TILT|18 0 0 0 0 0.5 0.5 ; %SBEND:1
                  0385
  11247       DL 0.09 ; %DL: 6559
  11248       QUAD 0.4 0 QF ; %QUAD:10321
  11249       MH LEN_S SF2 0.05; %MH: 7153
  11250       DL 0.13 ; %DL: 6559
  11251       SBEND 1.78931916 0.1308996937 TILT|17 0 0 0 0 0.5 0.5 ; %SBEND:1
                  0385
  11252       DL 0.09 ; %DL: 6559
  11253       QUAD 0.4 0 QD ; %QUAD:10321
  11254       MH LEN_S SD 0.05; %MH: 7153
  11255       DL 0.13 ; %DL: 6559
  11256       SBEND 1.78931916 0.1308996937 TILT|16 0 0 0 0 0.5 0.5 ; %SBEND:1
                  0385
  11257       DL 0.09 ; %DL: 6559
  11258       QUAD 0.4 0 QF ; %QUAD:10321
  11259       MH LEN_S SF1 0.05; %MH: 7153
  11260       DL 0.13 ; %DL: 6559
  11261       SBEND 1.78931916 0.1308996937 TILT|15 0 0 0 0 0.5 0.5 ; %SBEND:1
                  0385
  11262       DL 0.09 ; %DL: 6559
  11263       QUAD 0.4 0 QD ; %QUAD:10321
  11264       MH LEN_S SD 0.05; %MH: 7153
  11265       DL 0.13 ; %DL: 6559
  11266       SBEND 1.78931916 0.1308996937 TILT|14 0 0 0 0 0.5 0.5 ; %SBEND:1
                  0385
  11267       DL 0.09 ; %DL: 6559
  11268       QUAD 0.4 0 QF ; %QUAD:10321
  11269       MH LEN_S SF2 0.05; %MH: 7153
  11270       DL 0.13 ; %DL: 6559
  11271       SBEND 1.78931916 0.1308996937 TILT|13 0 0 0 0 0.5 0.5 ; %SBEND:1
                  0385
  11272       DL 0.09 ; %DL: 6559
  11273       QUAD 0.4 0 QD ; %QUAD:10321
  11274       WIEN 3.35 BBE EBE 0; %WIEN:10506
  11275       QUAD 0.4 0 QF1 ; %QUAD:10321
  11276       DL 3.35 ; %DL: 6559
  11277       QUAD 0.4 0 QD1 ; %QUAD:10321
  11278       DL 3.35 ; %DL: 6559
  11279       QUAD 0.4 0 QF1 ; %QUAD:10321
  11280       WIEN 3.35 BBE EBE 0; %WIEN:10506
  11281       WRITE 6 '2 Straight WF';
  11282       QUAD 0.4 0 QD ; %QUAD:10321
  11283       DL 0.43 ; %DL: 6559
  11284       SBEND 1.78931916 0.1308996937 TILT|12 0 0 0 0 0.5 0.5 ; %SBEND:1
                  0385
  11285       DL 0.09 ; %DL: 6559
  11286       QUAD 0.4 0 QF ; %QUAD:10321
  11287       MH LEN_S SF2 0.05; %MH: 7153
  11288       DL 0.13 ; %DL: 6559
  11289       SBEND 1.78931916 0.1308996937 TILT|11 0 0 0 0 0.5 0.5 ; %SBEND:1
                  0385
  11290       DL 0.09 ; %DL: 6559
  11291       QUAD 0.4 0 QD ; %QUAD:10321
  11292       MH LEN_S SD 0.05; %MH: 7153
  11293       DL 0.13 ; %DL: 6559
  11294       SBEND 1.78931916 0.1308996937 TILT|10 0 0 0 0 0.5 0.5 ; %SBEND:1
                  0385
  11295       DL 0.09 ; %DL: 6559
  11296       QUAD 0.4 0 QF ; %QUAD:10321
  11297       MH LEN_S SF1 0.05; %MH: 7153
  11298       DL 0.13 ; %DL: 6559
  11299       SBEND 1.78931916 0.1308996937 TILT|9 0 0 0 0 0.5 0.5 ; %SBEND:10
                  385
  11300       DL 0.09 ; %DL: 6559
  11301       QUAD 0.4 0 QD ; %QUAD:10321
  11302       MH LEN_S SD 0.05; %MH: 7153
  11303       DL 0.13 ; %DL: 6559
  11304       SBEND 1.78931916 0.1308996937 TILT|8 0 0 0 0 0.5 0.5 ; %SBEND:10
                  385
  11305       DL 0.09 ; %DL: 6559
  11306       QUAD 0.4 0 QF ; %QUAD:10321
  11307       MH LEN_S SF2 0.05; %MH: 7153
  11308       DL 0.13 ; %DL: 6559
  11309       SBEND 1.78931916 0.1308996937 TILT|7 0 0 0 0 0.5 0.5 ; %SBEND:10
                  385
  11310       DL 0.09 ; %DL: 6559
  11311       QUAD 0.4 0 QD ; %QUAD:10321
  11312       WIEN 3.35 BBE EBE 0; %WIEN:10506
  11313       QUAD 0.4 0 QF1 ; %QUAD:10321
  11314       DL 3.35 ; %DL: 6559
  11315       QUAD 0.4 0 QD1 ; %QUAD:10321
  11316       DL 3.35 ; %DL: 6559
  11317       QUAD 0.4 0 QF1 ; %QUAD:10321
  11318       WIEN 3.35 BBE EBE 0; %WIEN:10506
  11319       WRITE 6 '1 Straight WF';
  11320       QUAD 0.4 0 QD ; %QUAD:10321
  11321       DL 0.43 ; %DL: 6559
  11322       SBEND 1.78931916 0.1308996937 TILT|6 0 0 0 0 0.5 0.5 ; %SBEND:10
                  385
  11323       DL 0.09 ; %DL: 6559
  11324       QUAD 0.4 0 QF ; %QUAD:10321
  11325       MH LEN_S SF2 0.05; %MH: 7153
  11326       DL 0.13 ; %DL: 6559
  11327       SBEND 1.78931916 0.1308996937 TILT|5 0 0 0 0 0.5 0.5 ; %SBEND:10
                  385
  11328       DL 0.09 ; %DL: 6559
  11329       QUAD 0.4 0 QD ; %QUAD:10321
  11330       MH LEN_S SD 0.05; %MH: 7153
  11331       DL 0.13 ; %DL: 6559
  11332       SBEND 1.78931916 0.1308996937 TILT|4 0 0 0 0 0.5 0.5 ; %SBEND:10
                  385
  11333       DL 0.09 ; %DL: 6559
  11334       QUAD 0.4 0 QF ; %QUAD:10321
  11335       MH LEN_S SF1 0.05; %MH: 7153
  11336       DL 0.13 ; %DL: 6559
  11337       SBEND 1.78931916 0.1308996937 TILT|3 0 0 0 0 0.5 0.5 ; %SBEND:10
                  385
  11338       DL 0.09 ; %DL: 6559
  11339       QUAD 0.4 0 QD ; %QUAD:10321
  11340       MH LEN_S SD 0.05; %MH: 7153
  11341       DL 0.13 ; %DL: 6559
  11342       SBEND 1.78931916 0.1308996937 TILT|2 0 0 0 0 0.5 0.5 ; %SBEND:10
                  385
  11343       DL 0.09 ; %DL: 6559
  11344       QUAD 0.4 0 QF ; %QUAD:10321
  11345       MH LEN_S SF2 0.05; %MH: 7153
  11346       DL 0.13 ; %DL: 6559
  11347       SBEND 1.78931916 0.1308996937 TILT|1 0 0 0 0 0.5 0.5 ; %SBEND:10
                  385
  11348       DL 0.09 ; %DL: 6559
  11349       QUAD 0.4 0 QD ; %QUAD:10321
  11350       ENDLOOP;
  11351     ENDPROCEDURE;
 --- BIN FILE WRITTEN: seq_Nuclotron_Mod
  11352   SAVE 'seq_Nuclotron_Mod';
