 --- BIN FILE READ: header
  10647 INCLUDE 'header';
  10648   PROCEDURE LATTICE SEXTGX1 SEXTGY1 SEXTGX2 SEXTGY2 EB1 RFFLAG TILTARR
                   SOL MAPARR SPNRARR;
  10649     VARIABLE VRF 1 1 1;
  10650     VARIABLE FREQ 1;
  10651     VARIABLE HNUM 1;
  10652     VARIABLE I 1;
  10653     VARIABLE LEN_S 1;
  10654     VARIABLE A 1;
  10655     VARIABLE LEN_S_1 1;
  10656     VARIABLE EBE 1;
  10657     VARIABLE BBE 1;
  10658     VARIABLE QF0 1;
  10659     VARIABLE QF 1;
  10660     VARIABLE QD 1;
  10661     VARIABLE QF1 1;
  10662     VARIABLE QD1 1;
  10663     VARIABLE SF1 1;
  10664     VARIABLE SF2 1;
  10665     VARIABLE SD 1;
  10666     VARIABLE SD1 1;
  10667     VARIABLE TILT 48;
  10668     TILT := TILTARR;
  10669     EBE := EB1;
  10670     A := 0.05;
  10671     LEN_S := 0.12;
  10672     SF1 := SEXTGX1;
  10673     SF2 := SEXTGX2;
  10674     SD  := SEXTGY1;
  10675     SD1 := SEXTGY2;
  10676     QF := 0.8311685811;
  10677     QF1 := 1.269624362;
  10678     QF0:=1.302100799;
  10679     QD1:=-1.371991701;
  10680     QD:=-0.8283039099;
  10681     HNUM := 66;
  10682     VRF(1, 1) := 100/HNUM;
  10683     FREQ := HNUM*REVFREQ(FACCLEN(1)); %REVFREQ: 9907 %FACCLEN:10584
  10684     WRITE 6 '********************************************';
  10685     WRITE 6 '*      FS NICA BYPASS 7 NOW 2022           *';
  10686     WRITE 6 '********************************************';
  10687     WRITE 6 'REVOLUTION FREQUENCY: '&ST(REVFREQ(FACCLEN(1))/1E6)&' MHZ
                  '; %REVFREQ: 9907 %FACCLEN:10584
  10688     WRITE 6 'RF FREQUENCY: '&ST(FREQ/1E6)&' MHZ';
  10689     UM; %UM: 1488
  10690     CR; %CR:  947
  10691     IF RFFLAG=1;
  10692       RF VRF 0 FREQ 0 0.05; %RF: 8697
  10693       ENDIF;
  10694     LOOP I 1 1;
  10695       WRITE 6 'WF at ARC & SS';
  10696       UM; %UM: 1488
  10697       QUAD 0.4 0 QD ; %QUAD:10321
  10698       SMAPS 1 MAPARR SPNRARR; %SMAPS:10113
  10699       UM; %UM: 1488
  10700       DL 3.27/2 ; %DL: 6559
  10701       SMAPS 2 MAPARR SPNRARR; %SMAPS:10113
  10702       UM; %UM: 1488
  10703       WIEN 3.27/2 BBE EBE 0; %WIEN:10506
  10704       SMAPS 3 MAPARR SPNRARR; %SMAPS:10113
  10705       UM; %UM: 1488
  10706       QUAD 0.4 0 QF1 ; %QUAD:10321
  10707       SMAPS 4 MAPARR SPNRARR; %SMAPS:10113
  10708       UM; %UM: 1488
  10709       DL 0.25 ; %DL: 6559
  10710       SMAPS 5 MAPARR SPNRARR; %SMAPS:10113
  10711       UM; %UM: 1488
  10712       SBEND 1.776668 0.130899327 TILT|1 0 0 0 0 0.5 0.5 ; %SBEND:10385

  10713       SMAPS 6 MAPARR SPNRARR; %SMAPS:10113
  10714       UM; %UM: 1488
  10715       DL 0.45 ; %DL: 6559
  10716       SMAPS 7 MAPARR SPNRARR; %SMAPS:10113
  10717       UM; %UM: 1488
  10718       QUAD 0.4 0 QD1 ; %QUAD:10321
  10719       SMAPS 8 MAPARR SPNRARR; %SMAPS:10113
  10720       UM; %UM: 1488
  10721       DL 0.25 ; %DL: 6559
  10722       SMAPS 9 MAPARR SPNRARR; %SMAPS:10113
  10723       UM; %UM: 1488
  10724       SBEND 1.776668 0.130899327 TILT|2 0 0 0 0 0.5 0.5 ; %SBEND:10385

  10725       SMAPS 10 MAPARR SPNRARR; %SMAPS:10113
  10726       UM; %UM: 1488
  10727       DL 0.45 ; %DL: 6559
  10728       SMAPS 11 MAPARR SPNRARR; %SMAPS:10113
  10729       UM; %UM: 1488
  10730       QUAD 0.4 0 QF0 ; %QUAD:10321
  10731       SMAPS 12 MAPARR SPNRARR; %SMAPS:10113
  10732       UM; %UM: 1488
  10733       DL 0.1; %DL: 6559
  10734       SMAPS 13 MAPARR SPNRARR; %SMAPS:10113
  10735       UM; %UM: 1488
  10736       MH LEN_S SF2 0.05; %MH: 7153
  10737       SMAPS 14 MAPARR SPNRARR; %SMAPS:10113
  10738       UM; %UM: 1488
  10739       DL 0.25-0.1-0.12 ; %DL: 6559
  10740       SMAPS 15 MAPARR SPNRARR; %SMAPS:10113
  10741       UM; %UM: 1488
  10742       SBEND 1.776668 0.130899327 TILT|3 0 0 0 0 0.5 0.5 ; %SBEND:10385

  10743       SMAPS 16 MAPARR SPNRARR; %SMAPS:10113
  10744       UM; %UM: 1488
  10745       DL 0.45 ; %DL: 6559
  10746       SMAPS 17 MAPARR SPNRARR; %SMAPS:10113
  10747       UM; %UM: 1488
  10748       QUAD 0.4 0 QD1 ; %QUAD:10321
  10749       SMAPS 18 MAPARR SPNRARR; %SMAPS:10113
  10750       UM; %UM: 1488
  10751       DL 0.1; %DL: 6559
  10752       SMAPS 19 MAPARR SPNRARR; %SMAPS:10113
  10753       UM; %UM: 1488
  10754       MH LEN_S SD 0.05; %MH: 7153
  10755       SMAPS 20 MAPARR SPNRARR; %SMAPS:10113
  10756       UM; %UM: 1488
  10757       WIEN 3.27/2 BBE EBE 0; %WIEN:10506
  10758       SMAPS 21 MAPARR SPNRARR; %SMAPS:10113
  10759       UM; %UM: 1488
  10760       DL 3.27/2 ; %DL: 6559
  10761       SMAPS 22 MAPARR SPNRARR; %SMAPS:10113
  10762       UM; %UM: 1488
  10763       QUAD 0.21 0 QF ; %QUAD:10321
  10764       SMAPS 23 MAPARR SPNRARR; %SMAPS:10113
  10765       UM; %UM: 1488
  10766       DL 0.1 ; %DL: 6559
  10767       SMAPS 24 MAPARR SPNRARR; %SMAPS:10113
  10768       UM; %UM: 1488
  10769       MH LEN_S SF1 0.05; %MH: 7153
  10770       SMAPS 25 MAPARR SPNRARR; %SMAPS:10113
  10771       UM; %UM: 1488
  10772       DL 0.1 ; %DL: 6559
  10773       SMAPS 26 MAPARR SPNRARR; %SMAPS:10113
  10774       UM; %UM: 1488
  10775       QUAD 0.21 0 QF ; %QUAD:10321
  10776       SMAPS 27 MAPARR SPNRARR; %SMAPS:10113
  10777       UM; %UM: 1488
  10778       DL 3.27/2 ; %DL: 6559
  10779       SMAPS 28 MAPARR SPNRARR; %SMAPS:10113
  10780       UM; %UM: 1488
  10781       WIEN 3.27/2 BBE EBE 0; %WIEN:10506
  10782       SMAPS 29 MAPARR SPNRARR; %SMAPS:10113
  10783       UM; %UM: 1488
  10784       MH LEN_S SD 0.05; %MH: 7153
  10785       SMAPS 30 MAPARR SPNRARR; %SMAPS:10113
  10786       UM; %UM: 1488
  10787       DL 0.1; %DL: 6559
  10788       SMAPS 31 MAPARR SPNRARR; %SMAPS:10113
  10789       UM; %UM: 1488
  10790       QUAD 0.4 0 QD1 ; %QUAD:10321
  10791       SMAPS 32 MAPARR SPNRARR; %SMAPS:10113
  10792       UM; %UM: 1488
  10793       DL 0.45 ; %DL: 6559
  10794       SMAPS 33 MAPARR SPNRARR; %SMAPS:10113
  10795       UM; %UM: 1488
  10796       SBEND 1.776668 0.130899327 TILT|4 0 0 0 0 0.5 0.5 ; %SBEND:10385

  10797       SMAPS 34 MAPARR SPNRARR; %SMAPS:10113
  10798       UM; %UM: 1488
  10799       DL 0.25-0.1-0.12 ; %DL: 6559
  10800       SMAPS 35 MAPARR SPNRARR; %SMAPS:10113
  10801       UM; %UM: 1488
  10802       MH LEN_S SF2 0.05; %MH: 7153
  10803       SMAPS 36 MAPARR SPNRARR; %SMAPS:10113
  10804       UM; %UM: 1488
  10805       DL 0.1; %DL: 6559
  10806       SMAPS 37 MAPARR SPNRARR; %SMAPS:10113
  10807       UM; %UM: 1488
  10808       QUAD 0.4 0 QF0 ; %QUAD:10321
  10809       SMAPS 38 MAPARR SPNRARR; %SMAPS:10113
  10810       UM; %UM: 1488
  10811       DL 0.45 ; %DL: 6559
  10812       SMAPS 39 MAPARR SPNRARR; %SMAPS:10113
  10813       UM; %UM: 1488
  10814       SBEND 1.776668 0.130899327 TILT|5 0 0 0 0 0.5 0.5 ; %SBEND:10385

  10815       SMAPS 40 MAPARR SPNRARR; %SMAPS:10113
  10816       UM; %UM: 1488
  10817       DL 0.25 ; %DL: 6559
  10818       SMAPS 41 MAPARR SPNRARR; %SMAPS:10113
  10819       UM; %UM: 1488
  10820       QUAD 0.4 0 QD1 ; %QUAD:10321
  10821       SMAPS 42 MAPARR SPNRARR; %SMAPS:10113
  10822       UM; %UM: 1488
  10823       DL 0.45 ; %DL: 6559
  10824       SMAPS 43 MAPARR SPNRARR; %SMAPS:10113
  10825       UM; %UM: 1488
  10826       SBEND 1.776668 0.130899327 TILT|6 0 0 0 0 0.5 0.5 ; %SBEND:10385

  10827       SMAPS 44 MAPARR SPNRARR; %SMAPS:10113
  10828       UM; %UM: 1488
  10829       DL 0.25 ; %DL: 6559
  10830       SMAPS 45 MAPARR SPNRARR; %SMAPS:10113
  10831       UM; %UM: 1488
  10832       QUAD 0.4 0 QF1 ; %QUAD:10321
  10833       SMAPS 46 MAPARR SPNRARR; %SMAPS:10113
  10834       UM; %UM: 1488
  10835       WIEN 3.27/2 BBE EBE 0; %WIEN:10506
  10836       SMAPS 47 MAPARR SPNRARR; %SMAPS:10113
  10837       UM; %UM: 1488
  10838       DL 3.27/2 ; %DL: 6559
  10839       SMAPS 48 MAPARR SPNRARR; %SMAPS:10113
  10840       ENDLOOP;
  10841     ENDPROCEDURE;
 --- BIN FILE WRITTEN: seq_Nuclotron_Mod_maps
  10842   SAVE 'seq_Nuclotron_Mod_maps';
