 --- BIN FILE READ: header
  10647 INCLUDE 'header';
  10648   PROCEDURE LATTICE SEXTGX1 SEXTGY1 SEXTGX2 SEXTGY2 EB1 RFFLAG;
  10649     VARIABLE VRF 1 1 1;
  10650     VARIABLE FREQ 1;
  10651     VARIABLE HNUM 1;
  10652     VARIABLE I 1;
  10653     VARIABLE LEN_S 1;
  10654     VARIABLE A 1;
  10655     VARIABLE LEN_S_1 1;
  10656     VARIABLE EBE 1;
  10657     VARIABLE BBE 1;
  10658     VARIABLE QF 1;
  10659     VARIABLE QD 1;
  10660     VARIABLE QF1 1;
  10661     VARIABLE QD1 1;
  10662     VARIABLE SF1 1;
  10663     VARIABLE SF2 1;
  10664     VARIABLE SD 1;
  10665     VARIABLE SD1 1;
  10666     EBE := EB1;
  10667     A := 0.05;
  10668     LEN_S := 0.30;
  10669     LEN_S_1 := 0.000001;
  10670     SF1 := SEXTGX1;
  10671     SF2 := SEXTGX2;
  10672     SD  := SEXTGY1;
  10673     SD1 := SEXTGY2;
  10674     QD:=-1.199424488;
  10675     QF:= 1.187043332;
  10676     QD1:=-1.26855703;
  10677     QF1:= 1.21173362;
  10678     HNUM := 66;
  10679     VRF(1, 1) := 100/HNUM;
  10680     FREQ := HNUM*REVFREQ(FACCLEN(1)); %REVFREQ: 9907 %FACCLEN:10584
  10681     WRITE 6 '********************************************';
  10682     WRITE 6 '*      FS NICA BYPASS 7 NOW 2022           *';
  10683     WRITE 6 '********************************************';
  10684     WRITE 6 'REVOLUTION FREQUENCY: '&ST(REVFREQ(FACCLEN(1))/1E6)&' MHZ
                  '; %REVFREQ: 9907 %FACCLEN:10584
  10685     WRITE 6 'RF FREQUENCY: '&ST(FREQ/1E6)&' MHZ';
  10686     UM; %UM: 1488
  10687     CR; %CR:  947
  10688     IF RFFLAG=1;
  10689       RF VRF 0 FREQ 0 0.05; %RF: 8697
  10690       ENDIF;
  10691     LOOP I 1 8;
  10692       QUAD 0.21954 0 QD ; %QUAD:10321
  10693       QUAD 0.21954 0 QD ; %QUAD:10321
  10694       DL 0.130656 ; %DL: 6559
  10695       SBEND 1.17472 0.06544976211 0 0 0 0 0 0.5 0.5 ; %SBEND:10385
  10696       DL 0.0903928 ; %DL: 6559
  10697       SBEND 1.17472 0.06544976211 0 0 0 0 0 0.5 0.5 ; %SBEND:10385
  10698       DL 0.130656 ; %DL: 6559
  10699       DL 0.3 ; %DL: 6559
  10700       MH LEN_S_1 SF2 0.05; %MH: 7153
  10701       QUAD 0.21954 0 QF ; %QUAD:10321
  10702       QUAD 0.21954 0 QF ; %QUAD:10321
  10703       DL 0.130656 ; %DL: 6559
  10704       SBEND 1.17472 0.06544976211 0 0 0 0 0 0.5 0.5 ; %SBEND:10385
  10705       DL 0.0903928 ; %DL: 6559
  10706       SBEND 1.17472 0.06544976211 0 0 0 0 0 0.5 0.5 ; %SBEND:10385
  10707       DL 0.130656 ; %DL: 6559
  10708       DL 0.3 ; %DL: 6559
  10709       MH LEN_S_1 SD 0.05; %MH: 7153
  10710       QUAD 0.21954 0 QD ; %QUAD:10321
  10711       QUAD 0.21954 0 QD ; %QUAD:10321
  10712       DL 0.130656 ; %DL: 6559
  10713       SBEND 1.17472 0.06544976211 0 0 0 0 0 0.5 0.5 ; %SBEND:10385
  10714       DL 0.0903928 ; %DL: 6559
  10715       SBEND 1.17472 0.06544976211 0 0 0 0 0 0.5 0.5 ; %SBEND:10385
  10716       DL 0.130656 ; %DL: 6559
  10717       DL 0.3 ; %DL: 6559
  10718       MH LEN_S_1 SF1 0.05; %MH: 7153
  10719       QUAD 0.21954 0 QF ; %QUAD:10321
  10720       QUAD 0.21954 0 QF ; %QUAD:10321
  10721       DL 0.130656 ; %DL: 6559
  10722       SBEND 1.17472 0.06544976211 0 0 0 0 0 0.5 0.5 ; %SBEND:10385
  10723       DL 0.0903928 ; %DL: 6559
  10724       SBEND 1.17472 0.06544976211 0 0 0 0 0 0.5 0.5 ; %SBEND:10385
  10725       DL 0.130656 ; %DL: 6559
  10726       DL 0.3 ; %DL: 6559
  10727       MH LEN_S_1 SD 0.05; %MH: 7153
  10728       QUAD 0.21954 0 QD ; %QUAD:10321
  10729       QUAD 0.21954 0 QD ; %QUAD:10321
  10730       DL 0.130656 ; %DL: 6559
  10731       SBEND 1.17472 0.06544976211 0 0 0 0 0 0.5 0.5 ; %SBEND:10385
  10732       DL 0.0903928 ; %DL: 6559
  10733       SBEND 1.17472 0.06544976211 0 0 0 0 0 0.5 0.5 ; %SBEND:10385
  10734       DL 0.130656 ; %DL: 6559
  10735       DL 0.3 ; %DL: 6559
  10736       MH LEN_S_1 SF2 0.05; %MH: 7153
  10737       QUAD 0.21954 0 QF ; %QUAD:10321
  10738       QUAD 0.21954 0 QF ; %QUAD:10321
  10739       DL 0.130656 ; %DL: 6559
  10740       SBEND 1.17472 0.06544976211 0 0 0 0 0 0.5 0.5 ; %SBEND:10385
  10741       DL 0.0903928 ; %DL: 6559
  10742       SBEND 1.17472 0.06544976211 0 0 0 0 0 0.5 0.5 ; %SBEND:10385
  10743       DL 0.430656 ; %DL: 6559
  10744       QUAD 0.21954 0 QD ; %QUAD:10321
  10745       QUAD 0.21954 0 QD ; %QUAD:10321
  10746       WRITE 6 'Straight WF';
  10747       WIEN 2.25 BBE EBE 0; %WIEN:10506
  10748       QUAD 0.21954 0 QF1 ; %QUAD:10321
  10749       QUAD 0.21954 0 QF1 ; %QUAD:10321
  10750       WIEN 2.25 BBE EBE 0; %WIEN:10506
  10751       QUAD 0.21954 0 QD1 ; %QUAD:10321
  10752       QUAD 0.21954 0 QD1 ; %QUAD:10321
  10753       WIEN 2.25 BBE EBE 0; %WIEN:10506
  10754       QUAD 0.21954 0 QF1 ; %QUAD:10321
  10755       QUAD 0.21954 0 QF1 ; %QUAD:10321
  10756       WIEN 2.25 BBE EBE 0; %WIEN:10506
  10757       ENDLOOP;
  10758     ENDPROCEDURE;
 --- BIN FILE WRITTEN: seq_Nuclotron_Mod
  10759   SAVE 'seq_Nuclotron_Mod';
