 --- BIN FILE READ: BYPASS_REAL_4_fam
  10938 INCLUDE 'BYPASS_REAL_4_fam';
  10939   PROCEDURE MCMCALC ALPHA0 ALPHA1;
  10940     VARIABLE TMPALPHA 100;
  10941     VARIABLE I 1;
  10942     VARIABLE MCM0 1;
  10943     VARIABLE MCM1 1;
  10944     VARIABLE MCM2 1;
  10945     VARIABLE MCM3 1;
  10946     VARIABLE MCM4 1;
  10947     MCM MAP SPOS TMPALPHA; %MCM: 3587
  10948     MCM0 := -TMPALPHA|(0&0&0&0&0&0);
  10949     MCM1 := -TMPALPHA|(0&0&0&0&0&1);
  10950     MCM2 := -2*TMPALPHA|(0&0&0&0&0&2);
  10951     MCM3 := -2*3*TMPALPHA|(0&0&0&0&0&3);
  10952     MCM4 := -2*3*4*TMPALPHA|(0&0&0&0&0&4);
  10953     ALPHA0:= MCM1;
  10954     ALPHA1:= MCM2;
  10955     WRITE 6 '++++++++ MOMENTUM COMPACTION FACTOR ++++++++';
  10956     WRITE 6 'MC0 = '&ST(MCM0);
  10957     WRITE 6 'MC1 = '&ST(MCM1);
  10958     WRITE 6 'MC2 = '&ST(MCM2);
  10959     WRITE 6 'MC3 = '&ST(MCM3);
  10960     WRITE 6 'MC4 = '&ST(MCM4);
  10961     WRITE 6 '++++++++++++++++++++++++++++++++++++++++++++';
  10962     ENDPROCEDURE;
  10963   PROCEDURE MAIN;
  10964     VARIABLE GAMMA 1;
  10965     VARIABLE BETA 1;
  10966     VARIABLE SGX1 1;
  10967     VARIABLE SGY1 1;
  10968     VARIABLE EB1 1;
  10969     VARIABLE SGX2 1;
  10970     VARIABLE SGY2 1;
  10971     VARIABLE MU 800;
  10972     VARIABLE NBAR 800 3;
  10973     VARIABLE MU_N_ARR 5000 1000;
  10974     VARIABLE CHROM_X 1;
  10975     VARIABLE CHROM_Y 1;
  10976     VARIABLE VALUE0 1;
  10977     VARIABLE VALUE1 1;
  10978     VARIABLE ALPHA0 1;
  10979     VARIABLE ALPHA1 1;
  10980     VARIABLE ETA1 1;
  10981     GAMMA := 1.12792344429;
  10982     OV 3 3 0; %OV:  969
  10983     SET_FOR_DEUTERONS GAMMA; %SET_FOR_DEUTERONS:10561
  10984     EB1 := 99.04;
  10985     LATTICE SGX1 SGY1 SGX2 SGY2 EB1 1; %LATTICE:10580
  10986     SR 0 0 0 0 0 0 0 0 1; %SR: 2082
  10987     SSR 0 0 1; %SSR: 2197
  10988     SR 1*1E-3 0 0 0 0 0 0 0 1; %SR: 2082
  10989     SSR 0 0 1; %SSR: 2197
  10990     SR 0 0 1*1E-3 0 0 0 0 0 1; %SR: 2082
  10991     SSR 0 0 1; %SSR: 2197
  10992     SR 0 0 0 0 0 (5*1E-3)/10 0 0 1; %SR: 2082
  10993     SSR 0 0 1; %SSR: 2197
  10994     WRITE 6 '+++++++++++++++++++++SEXTUPOLES++++++++++++++++++++++++++
                  +';
  10995     WRITE 6 'EB1 = '&ST(EB1);
  10996     WRITE 6 'SGx1 := '&ST(SGX1)&';';
  10997     WRITE 6 'SGy1 := '&ST(SGY1)&';';
  10998     WRITE 6 'SGx2 := '&ST(SGX2)&';';
  10999     WRITE 6 'SGy2 := '&ST(SGY2)&';';
  11000     OPENF 3618 'dat/ALPHA/SEXTUPOLES.dat' 'REPLACE';
  11001     WRITE 3618 ST(SGX1);
  11002     WRITE 3618 ST(SGY1);
  11003     WRITE 3618 ST(SGX2);
  11004     WRITE 3618 ST(SGY2);
  11005     CLOSEF 3618;
  11006     TSS MU NBAR 0; %TSS: 4289
  11007     GET_TUNE_ENSEMBLE MU_N_ARR; %GET_TUNE_ENSEMBLE: 9896
  11008     WRITE 6 '+++++++++++++++++++++++++SPIN TUNE+++++++++++++++++++++++
                  ++';
  11009     WRITE 6 'CONS(MU)' CONS(MU);
  11010     WRITE 6 'MU_N_ARR' MU_N_ARR(1)|1 MU_N_ARR(1)|2 MU_N_ARR(1)|3 MU_N_
                  ARR(1)|4 MU_N_ARR(1)|5;
  11011     WRITE 6 'SPIN-TUNE' MU_N_ARR(1)|3-CONS(MU) MU_N_ARR(1)|4-CONS(MU) 
                  MU_N_ARR(1)|5-CONS(MU);
  11012     WRITE 6 '+++++++++++++++++++++++++ALPHA+++++++++++++++++++++++++++
                  +';
  11013     MCMCALC ALPHA0 ALPHA1; %MCMCALC:10939
  11014     WRITE 6 'ALPHA0 = '&ST(ALPHA0);
  11015     WRITE 6 'ALPHA1 = '&ST(ALPHA1);
  11016     ETA1 := ALPHA1+(3/2)*(BETA*BETA)/(GAMMA*GAMMA)-ALPHA0/(GAMMA*GAMMA
                  )+1/(GAMMA*GAMMA*GAMMA*GAMMA);
  11017     WRITE 6 'ETA1 = '&ST(ETA1);
  11018     WRITE 6 '++++++++++++++++++++++CHROMATICITY+++++++++++++++++++++++
                  +++';
  11019     OS 'cosy Chrom.fox';
  11020     OPENF 100500 'dat/ALPHA/CHROM.dat' 'OLD';
  11021     READ 100500 VALUE0;
  11022     READ 100500 VALUE1;
  11023     CHROM_X := VALUE0;
  11024     CHROM_Y := VALUE1;
  11025     CLOSEF 100500;
  11026     WRITE 6 'CHROM_X, CHROM_Y = '&ST(CHROM_X)&' '&ST(CHROM_Y);
  11027     WRITE 6 '+++++++++++++++++++++++++++++++++++++++++++++++++++++++++
                  +++';
  11028     ENDPROCEDURE;
  11029   PROCEDURE RUN;
  11030     MAIN; %MAIN:10963
  11031     ENDPROCEDURE;
  11032   RUN; %RUN:11029
