 --- BIN FILE READ: seq_Nuclotron_Mod
  10749 INCLUDE 'seq_Nuclotron_Mod';
  10750   PROCEDURE MAIN;
  10751     VARIABLE WHERE 100;
  10752     VARIABLE MRKR 10;
  10753     VARIABLE GAMMA 1;
  10754     VARIABLE MAPSE 1;
  10755     VARIABLE MU 800;
  10756     VARIABLE NBAR 800 3;
  10757     VARIABLE EL 1;
  10758     VARIABLE PNUM 1;
  10759     VARIABLE PSI0_DEG 1;
  10760     VARIABLE NTURN 1;
  10761     VARIABLE TUNE 800 3;
  10762     VARIABLE MU_TP 800 3;
  10763     VARIABLE CHROM_X 1;
  10764     VARIABLE CHROM_Y 1;
  10765     VARIABLE SGX1 1;
  10766     VARIABLE SGX2 1;
  10767     VARIABLE SGY1 1;
  10768     VARIABLE SGY2 1;
  10769     VARIABLE EB1 1;
  10770     VARIABLE EB2 1;
  10771     VARIABLE QUADKX 1;
  10772     VARIABLE QUADKY 1;
  10773     VARIABLE QUADKZ 1;
  10774     VARIABLE MU0 1;
  10775     VARIABLE R_E 1;
  10776     VARIABLE E1 1;
  10777     VARIABLE ANGDEF 1;
  10778     VARIABLE L 1;
  10779     GROUTF 'img/dump/TR' 1;
  10780     GAMMA := 1.143914;
  10781     MRKR := 'NUC1';
  10782     OV 3 3 0; %OV:  969
  10783     SET_FOR_DEUTERONS GAMMA; %SET_FOR_DEUTERONS:10611
  10784     EB1 := 166.8620007222804;
  10785     EB1 := 132.6739162456733;
  10786     SGX1 :=  0.0;
  10787     SGY1  := 0.0;
  10788     SGX2 :=  0.0;
  10789     SGY2  := 0.0;
  10790     LATTICE SGX1 SGY1 SGX2 SGY2 EB1 1; %LATTICE:10648
  10791     PM 6; %PM: 1574
  10792     WRITE 6 '++++++++++ Magnetic Rigidity';
  10793     WRITE 6 CONS(CHIM);
  10794     TSS MU NBAR 0; %TSS: 4289
  10795     OPENF 3618 'dat/'&MRKR&'/NU_'&MRKR&'.dat' 'REPLACE';
  10796     WRITE 3618 MU;
  10797     CLOSEF 3618;
  10798     MU0 := CONS(MU);
  10799     DAPEE MU 11 QUADKX;
  10800     DAPEE MU 33 QUADKY;
  10801     DAPEE MU 66 QUADKZ;
  10802     WRITE 6 'EB1 = '&ST(EB1);
  10803     WRITE 6 'SGx1 := '&ST(SGX1)&';';
  10804     WRITE 6 'SGy1 := '&ST(SGY1)&';';
  10805     WRITE 6 'SGx2 := '&ST(SGX2)&';';
  10806     WRITE 6 'SGy2 := '&ST(SGY2)&';';
  10807     WRITE 6 'quadKx, quadKy, quadKz= '&ST(QUADKX)&' '&ST(QUADKY)&' '&S
                  T(QUADKZ);
  10808     WRITE 6 'MU0 = '&ST(MU0);
  10809     L := 2.955;
  10810     E1:=EB1*1E5;
  10811     R_E:=(CONS(CHIE)/E1);
  10812     ANGDEF:=L/R_E;
  10813     WRITE 6 'CHIE' CONS(CHIE);
  10814     WRITE 6 'ELD';
  10815     WRITE 6 'E1' E1;
  10816     WRITE 6 'R_E' R_E;
  10817     WRITE 6 'R_E' R_E;
  10818     WRITE 6 'ANGDEF' ANGDEF;
  10819     ENDPROCEDURE;
  10820   PROCEDURE RUN;
  10821     MAIN; %MAIN:10750
  10822     ENDPROCEDURE;
  10823   RUN; %RUN:10820
