 --- BIN FILE READ: BYPASS_REAL_4_fam_NEW
  10971 INCLUDE 'BYPASS_REAL_4_fam_NEW';
  10972   PROCEDURE MCMCALC ALPHA0 ALPHA1;
  10973     VARIABLE TMPALPHA 100;
  10974     VARIABLE I 1;
  10975     VARIABLE MCM0 1;
  10976     VARIABLE MCM1 1;
  10977     VARIABLE MCM2 1;
  10978     VARIABLE MCM3 1;
  10979     VARIABLE MCM4 1;
  10980     MCM MAP SPOS TMPALPHA; %MCM: 3587
  10981     MCM0 := -TMPALPHA|(0&0&0&0&0&0);
  10982     MCM1 := -TMPALPHA|(0&0&0&0&0&1);
  10983     MCM2 := -2*TMPALPHA|(0&0&0&0&0&2);
  10984     MCM3 := -2*3*TMPALPHA|(0&0&0&0&0&3);
  10985     MCM4 := -2*3*4*TMPALPHA|(0&0&0&0&0&4);
  10986     ALPHA0:= MCM1;
  10987     ALPHA1:= MCM2;
  10988     WRITE 6 '++++++++ MOMENTUM COMPACTION FACTOR ++++++++';
  10989     WRITE 6 'MC0 = '&ST(MCM0);
  10990     WRITE 6 'MC1 = '&ST(MCM1);
  10991     WRITE 6 'MC2 = '&ST(MCM2);
  10992     WRITE 6 'MC3 = '&ST(MCM3);
  10993     WRITE 6 'MC4 = '&ST(MCM4);
  10994     WRITE 6 '++++++++++++++++++++++++++++++++++++++++++++';
  10995     ENDPROCEDURE;
  10996   PROCEDURE MAIN;
  10997     VARIABLE I 1;
  10998     VARIABLE GAMMA 1;
  10999     VARIABLE BETA 1;
  11000     VARIABLE EB1 1;
  11001     VARIABLE SGX1 1;
  11002     VARIABLE SGY1 1;
  11003     VARIABLE SGX2 1;
  11004     VARIABLE SGY2 1;
  11005     VARIABLE MU 800;
  11006     VARIABLE NBAR 800 3;
  11007     VARIABLE MU_N_ARR 5000 1000;
  11008     VARIABLE MU_TP 800 3;
  11009     VARIABLE MU0 1;
  11010     VARIABLE ALPHA0 1;
  11011     VARIABLE ALPHA1 1;
  11012     VARIABLE ALPHA2 1;
  11013     VARIABLE ETA0 1;
  11014     VARIABLE ETA1 1;
  11015     VARIABLE VALUE0 1;
  11016     VARIABLE VALUE1 1;
  11017     VARIABLE CHROM_X 1;
  11018     VARIABLE CHROM_Y 1;
  11019     VARIABLE QUADKX 1;
  11020     VARIABLE QUADKY 1;
  11021     VARIABLE QUADKZ 1;
  11022     GAMMA := 1.12792344429;
  11023     BETA := SQRT(1-1/(GAMMA*GAMMA));
  11024     OV 3 3 0; %OV:  969
  11025     SET_FOR_DEUTERONS GAMMA; %SET_FOR_DEUTERONS:10562
  11026     EB1 := 0.0;
  11027     SGX1 := 0.0;
  11028     SGY1 := 0.0;
  11029     SGX2 := 0.0;
  11030     SGY2 := 0.0;
  11031     OPENF 772 'dat/SCvsBC/Params.dat' 'OLD';
  11032     WRITE 772 'I SGx1 SGy1 EB1 CHROM_X CHROM_Y ALPHA0 ALPHA1';
  11033     OPENF 773 'dat/SCvsBC/Particles.dat' 'OLD';
  11034     WRITE 773 'I ETA1 quadKx quadKy quadKz';
  11035     OPENF 774 'dat/SCvsBC/TSS_analysis.dat' 'OLD';
  11036     WRITE 774 'I CONS(MU) SPIN-TUNE(1) SPIN-TUNE(2) SPIN-TUNE(3)';
  11037     LOOP I 1 10;
  11038       UM; %UM: 1488
  11039       CR; %CR:  947
  11040       FR 3; %FR: 5434
  11041       LATTICE SGX1 SGY1 SGX2 SGY2 EB1 1; %LATTICE:10599
  11042       SR 0 0 0 0 0 0 0 0 1; %SR: 2082
  11043       SSR 0 0 1; %SSR: 2197
  11044       SR 0 0 1*1E-3 0 0 0 0 0 1; %SR: 2082
  11045       SSR 0 0 1; %SSR: 2197
  11046       SR 0 0 2*1E-3 0 0 0 0 0 1; %SR: 2082
  11047       SSR 0 0 1; %SSR: 2197
  11048       SR 0 0 3*1E-3 0 0 0 0 0 1; %SR: 2082
  11049       SSR 0 0 1; %SSR: 2197
  11050       TSS MU NBAR 0; %TSS: 4289
  11051       GET_TUNE_ENSEMBLE MU_N_ARR; %GET_TUNE_ENSEMBLE: 9896
  11052       MU0 := CONS(MU);
  11053       DAPEE MU 11 QUADKX;
  11054       DAPEE MU 33 QUADKY;
  11055       DAPEE MU 66 QUADKZ;
  11056       MCMCALC ALPHA0 ALPHA1; %MCMCALC:10972
  11057       ETA1 := ALPHA1+(3/2)*(BETA*BETA)/(GAMMA*GAMMA)-ALPHA0/(GAMMA*GAM
                  MA)+1/(GAMMA*GAMMA*GAMMA*GAMMA);
  11058       OPENF 3618 'dat/ALPHA/SEXTUPOLES.dat' 'REPLACE';
  11059       WRITE 3618 ST(SGX1);
  11060       WRITE 3618 ST(SGY1);
  11061       WRITE 3618 ST(SGX2);
  11062       WRITE 3618 ST(SGY2);
  11063       CLOSEF 3618;
  11064       OS 'cosy Chrom.fox';
  11065       OPENF 100500 'dat/ALPHA/Chrom.dat' 'OLD';
  11066       READ 100500 VALUE0;
  11067       READ 100500 VALUE1;
  11068       CHROM_X := VALUE0;
  11069       CHROM_Y := VALUE1;
  11070       CLOSEF 100500;
  11071       WRITE 6 'SGx1, SGy1, EB1 = '&ST(SGX1)&' '&ST(SGY1)&' '&ST(EB1);
  11072       WRITE 6 'CHROM_X, CHROM_Y = '&ST(CHROM_X)&' '&ST(CHROM_Y);
  11073       WRITE 6 'quadKx, quadKy, quadKz = '&ST(QUADKX)&' '&ST(QUADKY)&' 
                  '&ST(QUADKZ);
  11074       WRITE 6 'CONS(MU) = '&ST(CONS(MU));
  11075       WRITE 6 'SPIN-TUNE = '&ST(MU_N_ARR(1)|3-CONS(MU));
  11076       WRITE 6 'ALPHA0, ALPHA1 = '&ST(ALPHA0)&' '&ST(ALPHA1);
  11077       WRITE 6 'ETA1 = '&ST(ETA1);
  11078       WRITE 772 ST(I)&' '&ST(SGX1)&' '&ST(SGY1)&' '&ST(EB1)&' '&ST(CHR
                  OM_X)&' '&ST(CHROM_Y)&' '&ST(ALPHA0)&' '&ST(ALPHA1);
  11079       WRITE 773 ST(I)&' '&ST(ETA1)&' '&ST(QUADKX)&' '&ST(QUADKY)&' '&S
                  T(QUADKZ);
  11080       WRITE 774 ST(I)&' '&ST(CONS(MU))&' '&ST(MU_N_ARR(1)|3-CONS(MU))&
                  ' '&ST(MU_N_ARR(1)|4-CONS(MU))&' '&ST(MU_N_ARR(1)|5-CONS(MU)
                  );
  11081       SGY1 := SGY1-0.001;
  11082       SGY2 := SGY2-0.001;
  11083       ENDLOOP;
  11084     CLOSEF 772;
  11085     CLOSEF 773;
  11086     CLOSEF 774;
  11087     ENDPROCEDURE;
  11088   PROCEDURE RUN;
  11089     MAIN; %MAIN:10996
  11090     ENDPROCEDURE;
  11091   RUN; %RUN:11088
