 --- BIN FILE READ: FULL_SEX_wRC
  11171 INCLUDE 'FULL_SEX_wRC';
  11172   PROCEDURE MCMCALC ALPHA0 ALPHA1;
  11173     VARIABLE TMPALPHA 100;
  11174     VARIABLE I 1;
  11175     VARIABLE MCM0 1;
  11176     VARIABLE MCM1 1;
  11177     VARIABLE MCM2 1;
  11178     VARIABLE MCM3 1;
  11179     VARIABLE MCM4 1;
  11180     MCM MAP SPOS TMPALPHA; %MCM: 3587
  11181     MCM0 := -TMPALPHA|(0&0&0&0&0&0);
  11182     MCM1 := -TMPALPHA|(0&0&0&0&0&1);
  11183     MCM2 := -2*TMPALPHA|(0&0&0&0&0&2);
  11184     MCM3 := -2*3*TMPALPHA|(0&0&0&0&0&3);
  11185     MCM4 := -2*3*4*TMPALPHA|(0&0&0&0&0&4);
  11186     ALPHA0:= MCM1;
  11187     ALPHA1:= MCM2;
  11188     WRITE 6 '++++++++ MOMENTUM COMPACTION FACTOR ++++++++';
  11189     WRITE 6 'MC0 = '&ST(MCM0);
  11190     WRITE 6 'MC1 = '&ST(MCM1);
  11191     WRITE 6 'MC2 = '&ST(MCM2);
  11192     WRITE 6 'MC3 = '&ST(MCM3);
  11193     WRITE 6 'MC4 = '&ST(MCM4);
  11194     WRITE 6 '++++++++++++++++++++++++++++++++++++++++++++';
  11195     ENDPROCEDURE;
  11196   PROCEDURE MAIN;
  11197     VARIABLE I 1;
  11198     VARIABLE GAMMA 1;
  11199     VARIABLE BETA 1;
  11200     VARIABLE EB1 1;
  11201     VARIABLE SGX1 1;
  11202     VARIABLE SGY1 1;
  11203     VARIABLE SGX2 1;
  11204     VARIABLE SGY2 1;
  11205     VARIABLE MU 800;
  11206     VARIABLE NBAR 800 3;
  11207     VARIABLE MU_N_ARR 5000 1000;
  11208     VARIABLE MU_TP 800 3;
  11209     VARIABLE MU0 1;
  11210     VARIABLE ALPHA0 1;
  11211     VARIABLE ALPHA1 1;
  11212     VARIABLE ALPHA2 1;
  11213     VARIABLE ETA0 1;
  11214     VARIABLE ETA1 1;
  11215     VARIABLE VALUE0 1;
  11216     VARIABLE VALUE1 1;
  11217     VARIABLE CHROM_X 1;
  11218     VARIABLE CHROM_Y 1;
  11219     VARIABLE QUADKX 1;
  11220     VARIABLE QUADKY 1;
  11221     VARIABLE QUADKZ 1;
  11222     GAMMA := 1.12792344429;
  11223     BETA := SQRT(1-1/(GAMMA*GAMMA));
  11224     OV 3 3 0; %OV:  969
  11225     SET_FOR_DEUTERONS GAMMA; %SET_FOR_DEUTERONS:10562
  11226     EB1 := 0.0;
  11227     SGX1 := 0.0;
  11228     SGY1 := 0.0;
  11229     SGX2 := 0.0;
  11230     SGY2 := 0.0;
  11231     OPENF 772 'dat/SCvsBC/Params.dat' 'OLD';
  11232     WRITE 772 'I SGx1 SGy1 EB1 CHROM_X CHROM_Y ALPHA0 ALPHA1';
  11233     OPENF 773 'dat/SCvsBC/Particles.dat' 'OLD';
  11234     WRITE 773 'I ETA1 quadKx quadKy quadKz';
  11235     OPENF 774 'dat/SCvsBC/TSS_analysis.dat' 'OLD';
  11236     WRITE 774 'I CONS(MU) SPIN-TUNE(1) SPIN-TUNE(2) SPIN-TUNE(3)';
  11237     LOOP I 1 1;
  11238       UM; %UM: 1488
  11239       CR; %CR:  947
  11240       FR 3; %FR: 5434
  11241       LATTICE SGX1 SGX2 SGY1 EB1 0                0               ; %L
                  ATTICE:10599
  11242       PM 6; %PM: 1574
  11243       SR 0 0 0 0 0 0 0 0 1; %SR: 2082
  11244       SSR 0 0 1; %SSR: 2197
  11245       SR 0 0 1*1E-3 0 0 0 0 0 1; %SR: 2082
  11246       SSR 0 0 1; %SSR: 2197
  11247       SR 0 0 2*1E-3 0 0 0 0 0 1; %SR: 2082
  11248       SSR 0 0 1; %SSR: 2197
  11249       SR 0 0 3*1E-3 0 0 0 0 0 1; %SR: 2082
  11250       SSR 0 0 1; %SSR: 2197
  11251       TSS MU NBAR 0; %TSS: 4289
  11252       GET_TUNE_ENSEMBLE MU_N_ARR; %GET_TUNE_ENSEMBLE: 9896
  11253       MU0 := CONS(MU);
  11254       DAPEE MU 11 QUADKX;
  11255       DAPEE MU 33 QUADKY;
  11256       DAPEE MU 66 QUADKZ;
  11257       MCMCALC ALPHA0 ALPHA1; %MCMCALC:11172
  11258       ETA1 := ALPHA1+(3/2)*(BETA*BETA)/(GAMMA*GAMMA)-ALPHA0/(GAMMA*GAM
                  MA)+1/(GAMMA*GAMMA*GAMMA*GAMMA);
  11259       OPENF 3618 'dat/ALPHA/SEXTUPOLES.dat' 'REPLACE';
  11260       WRITE 3618 ST(SGX1);
  11261       WRITE 3618 ST(SGY1);
  11262       WRITE 3618 ST(SGX2);
  11263       WRITE 3618 ST(SGY2);
  11264       CLOSEF 3618;
  11265       OS 'cosy Chrom.fox';
  11266       OPENF 100500 'dat/ALPHA/Chrom.dat' 'OLD';
  11267       READ 100500 VALUE0;
  11268       READ 100500 VALUE1;
  11269       CHROM_X := VALUE0;
  11270       CHROM_Y := VALUE1;
  11271       CLOSEF 100500;
  11272       WRITE 6 'SGx1, SGy1, EB1 = '&ST(SGX1)&' '&ST(SGY1)&' '&ST(EB1);
  11273       WRITE 6 'CHROM_X, CHROM_Y = '&ST(CHROM_X)&' '&ST(CHROM_Y);
  11274       WRITE 6 'quadKx, quadKy, quadKz = '&ST(QUADKX)&' '&ST(QUADKY)&' 
                  '&ST(QUADKZ);
  11275       WRITE 6 'CONS(MU) = '&ST(CONS(MU));
  11276       WRITE 6 'SPIN-TUNE = '&ST(MU_N_ARR(1)|3-CONS(MU));
  11277       WRITE 6 'ALPHA0, ALPHA1 = '&ST(ALPHA0)&' '&ST(ALPHA1);
  11278       WRITE 6 'ETA1 = '&ST(ETA1);
  11279       WRITE 772 ST(I)&' '&ST(SGX1)&' '&ST(SGY1)&' '&ST(EB1)&' '&ST(CHR
                  OM_X)&' '&ST(CHROM_Y)&' '&ST(ALPHA0)&' '&ST(ALPHA1);
  11280       WRITE 773 ST(I)&' '&ST(ETA1)&' '&ST(QUADKX)&' '&ST(QUADKY)&' '&S
                  T(QUADKZ);
  11281       WRITE 774 ST(I)&' '&ST(CONS(MU))&' '&ST(MU_N_ARR(1)|3-CONS(MU))&
                  ' '&ST(MU_N_ARR(1)|4-CONS(MU))&' '&ST(MU_N_ARR(1)|5-CONS(MU)
                  );
  11282       SGY1 := SGY1-0.001;
  11283       SGY2 := SGY2-0.001;
  11284       ENDLOOP;
  11285     CLOSEF 772;
  11286     CLOSEF 773;
  11287     CLOSEF 774;
  11288     ENDPROCEDURE;
  11289   PROCEDURE RUN;
  11290     MAIN; %MAIN:11196
  11291     ENDPROCEDURE;
  11292   RUN; %RUN:11289
