 --- BIN FILE READ: seq_Nuclotron_Mod
  11971 INCLUDE 'seq_Nuclotron_Mod';
  11972   PROCEDURE INJECT NUM PSI_DEG;
  11973     VARIABLE X 100;
  11974     VARIABLE I 1;
  11975     VARIABLE PSI 1;
  11976     VARIABLE SY 1;
  11977     VARIABLE SZ 1;
  11978     PSI := DEG2RAD(PSI_DEG); %DEG2RAD: 9856
  11979     X := LINSPACE(-1E-3, 1E-3, NUM); %LINSPACE: 9840
  11980     SY := SIN(PSI);
  11981     SZ := COS(PSI);
  11982     SR 0 0 0 0 0 0 0 0 1; %SR: 2082
  11983     SSR 0 SY SZ; %SSR: 2197
  11984     LOOP I 1 NUM;
  11985       SR X|I 0 0 0 0 0 0 0 1; %SR: 2082
  11986       SSR 0 SY SZ; %SSR: 2197
  11987       SR 0 0 X|I 0 0 0 0 0 1; %SR: 2082
  11988       SSR 0 SY SZ; %SSR: 2197
  11989       SR 0 0 0 0 0 (X|I)/10 0 0 1; %SR: 2082
  11990       SSR 0 SY SZ; %SSR: 2197
  11991       ENDLOOP;
  11992     ENDPROCEDURE;
  11993   PROCEDURE TILTLAT TILTS MRKR;
  11994     VARIABLE SGX1 1;
  11995     VARIABLE SGY1 1;
  11996     VARIABLE SGX2 1;
  11997     VARIABLE SGY2 1;
  11998     VARIABLE EB1 1;
  11999     VARIABLE MU 800;
  12000     VARIABLE NBAR 800 3;
  12001     VARIABLE MU 800;
  12002     VARIABLE NBAR 800 3;
  12003     VARIABLE MU_N_ARR 5000 1000;
  12004     VARIABLE NTURN 1;
  12005     VARIABLE PSI0_DEG 1;
  12006     VARIABLE PNUM 1;
  12007     VARIABLE MRKR_LAT 100;
  12008     NTURN := 1000;
  12009     PSI0_DEG := 0;
  12010     PNUM := 10;
  12011     WRITE 6 'MARKER:'&ST(MRKR);
  12012     EB1 := 0.0;
  12013     EB1 := 129.5058235952117;
  12014     EB1 := 132.6727764948780;
  12015     SGX1 :=  0.0;
  12016     SGY1  := 0.0;
  12017     SGX2 :=  0.0;
  12018     SGY2  := 0.0;
  12019     SGX1 := -.3563390657042660E-001;
  12020     SGY1 := -.1716431215523600E-001;
  12021     SGX2 := 0.4685337011919349E-001;
  12022     OV 3 3 0; %OV:  969
  12023     DAEPS 1E-12;
  12024     SET_FOR_DEUTERONS 1.143914; %SET_FOR_DEUTERONS:10611
  12025     LATTICE     SGX1 SGY1 SGX2 SGY2 EB1 1 TILTS 0; %LATTICE:10648
  12026     PM 6; %PM: 1574
  12027     MRKR_LAT:= 'CW';
  12028     OPENF 9292 'LATTICE-PARAMETERS:'&MRKR_LAT&'_'&MRKR 'REPLACE';
  12029     WRITE 9292 'EB1         SEXT-GX1         SEXT-GY1         SEXT-GX2
                           SEXT-GY2';
  12030     WRITE 9292 SF(EB1 , '(F15.7)')&SF(SGX1, '(F15.7)')&SF(SGY1, '(F15.
                  7)')&SF(SGX2, '(F15.7)')&SF(SGY2, '(F15.7)'); %SF:  285 %SF:
                    285 %SF:  285 %SF:  285 %SF:  285
  12031     CLOSEF 9292;
  12032     WRITE 6 'LATTICE LENGTH' SPOS;
  12033     INJECT PNUM PSI0_DEG; %INJECT:11972
  12034     WRITE 6 '******************** STARTING TRACKING';
  12035     OPENF 99 'dat/NUC/'&MRKR_LAT&'_PRAY_'&MRKR&'.dat' 'REPLACE';
  12036     PRAY 99; %PRAY: 2299
  12037     CLOSEF 99;
  12038     OPENF 772 'dat/NUC/'&MRKR_LAT&'_TRPRAY_'&MRKR&'.dat' 'REPLACE';
  12039     OPENF 893 'dat/NUC/'&MRKR_LAT&'_TRPSPI_'&MRKR&'.dat' 'REPLACE';
  12040     TRPRAY 772; %TRPRAY: 5327
  12041     TRPSPI 893; %TRPSPI: 5337
  12042     TR NTURN NINT(NTURN/100) -1 -3 1.2 1.2 0 0 -12; %TR: 4756
  12043     CLOSEF 772;
  12044     CLOSEF 893;
  12045     CR; %CR:  947
  12046     RF_CCW_LATTICE SGX1 SGY1 SGX2 SGY2 EB1 1 TILTS 0; %RF_CCW_LATTICE:
                  11530
  12047     PM 6; %PM: 1574
  12048     CCW_LATTICE SGX1 SGY1 SGX2 SGY2 EB1 1 TILTS 0; %CCW_LATTICE:11089
  12049     PM 6; %PM: 1574
  12050     MRKR_LAT:= 'CCW';
  12051     OPENF 9292 'LATTICE-PARAMETERS:'&MRKR_LAT&'_'&MRKR 'REPLACE';
  12052     WRITE 9292 'EB1         SEXT-GX1         SEXT-GY1         SEXT-GX2
                           SEXT-GY2';
  12053     WRITE 9292 SF(EB1 , '(F15.7)')&SF(SGX1, '(F15.7)')&SF(SGY1, '(F15.
                  7)')&SF(SGX2, '(F15.7)')&SF(SGY2, '(F15.7)'); %SF:  285 %SF:
                    285 %SF:  285 %SF:  285 %SF:  285
  12054     CLOSEF 9292;
  12055     WRITE 6 'LATTICE LENGTH' SPOS;
  12056     INJECT PNUM PSI0_DEG; %INJECT:11972
  12057     WRITE 6 '******************** STARTING TRACKING';
  12058     OPENF 99 'dat/NUC/'&MRKR_LAT&'_PRAY_'&MRKR&'.dat' 'REPLACE';
  12059     PRAY 99; %PRAY: 2299
  12060     CLOSEF 99;
  12061     OPENF 772 'dat/NUC/'&MRKR_LAT&'_TRPRAY_'&MRKR&'.dat' 'REPLACE';
  12062     OPENF 893 'dat/NUC/'&MRKR_LAT&'_TRPSPI_'&MRKR&'.dat' 'REPLACE';
  12063     TRPRAY 772; %TRPRAY: 5327
  12064     TRPSPI 893; %TRPSPI: 5337
  12065     TR NTURN NINT(NTURN/100) -1 -3 1.2 1.2 0 0 -12; %TR: 4756
  12066     CLOSEF 772;
  12067     CLOSEF 893;
  12068     CR; %CR:  947
  12069     ENDPROCEDURE;
  12070   PROCEDURE MAIN;
  12071     VARIABLE TILTS 48;
  12072     VARIABLE I 1;
  12073     VARIABLE MRKR 100;
  12074     VARIABLE VAL 1;
  12075     TILTS := VEGAUSS(0.0, 1E-4, 48, 'gauss'); %VEGAUSS: 9859
  12076     LOOP I 0 0;
  12077       MRKR := 'CASE_'&MRK(I); %MRK: 9786
  12078       TILTLAT TILTS MRKR; %TILTLAT:11993
  12079       ENDLOOP;
  12080     ENDPROCEDURE;
  12081   MAIN; %MAIN:12070
