 --- BIN FILE READ: BYPASS_REAL_4_fam_NEW
  10940 INCLUDE 'BYPASS_REAL_4_fam_NEW';
  10941   PROCEDURE INJECT NUM PSI_DEG;
  10942     VARIABLE X 100;
  10943     VARIABLE I 1;
  10944     VARIABLE PSI 1;
  10945     VARIABLE SY 1;
  10946     VARIABLE SZ 1;
  10947     PSI := DEG2RAD(PSI_DEG); %DEG2RAD: 9856
  10948     X := LINSPACE(-100E-3, 100E-3, NUM); %LINSPACE: 9840
  10949     SY := SIN(PSI);
  10950     SZ := COS(PSI);
  10951     SR 0 0 0 0 0 0 0 0 1; %SR: 2082
  10952     SSR 0 SY SZ; %SSR: 2197
  10953     LOOP I 1 NUM;
  10954       SR X|I 0 0 0 0 0 0 0 1; %SR: 2082
  10955       SSR 0 SY SZ; %SSR: 2197
  10956       SR 0 0 X|I 0 0 0 0 0 1; %SR: 2082
  10957       SSR 0 SY SZ; %SSR: 2197
  10958       ENDLOOP;
  10959     ENDPROCEDURE;
  10960   PROCEDURE MAIN;
  10961     VARIABLE WHERE 100;
  10962     VARIABLE MRKR 10;
  10963     VARIABLE GAMMA 1;
  10964     VARIABLE MAPSE 1;
  10965     VARIABLE MU 800;
  10966     VARIABLE NBAR 800 3;
  10967     VARIABLE EL 1;
  10968     VARIABLE PNUM 1;
  10969     VARIABLE PSI0_DEG 1;
  10970     VARIABLE NTURN 1;
  10971     VARIABLE SGX1 1;
  10972     VARIABLE SGY1 1;
  10973     VARIABLE SGX2 1;
  10974     VARIABLE SGY2 1;
  10975     VARIABLE EB1 1;
  10976     VARIABLE EB2 1;
  10977     GROUTF 'img/dump/TR' 1;
  10978     GAMMA := 1.12792344429;
  10979     NTURN := 1000;
  10980     PSI0_DEG := 45;
  10981     PNUM := 30;
  10982     MRKR := 'NEW';
  10983     OV 3 3 0; %OV:  969
  10984     DAEPS 1E-12;
  10985     SET_FOR_DEUTERONS GAMMA; %SET_FOR_DEUTERONS:10561
  10986     EB1 := 0.0;
  10987     SGX1 := 0.1079811557830287E-001;
  10988     SGY1 := -.1046954304378753E-001;
  10989     SGX2 :=  0.0;
  10990     SGY2  := 0.0;
  10991     LATTICE SGX1 SGY1 SGX2 SGY2 EB1 0; %LATTICE:10580
  10992     PM 6; %PM: 1574
  10993     WRITE 6 '++++++++++ Magnetic Rigidity';
  10994     WRITE 6 CONS(CHIM);
  10995     INJECT PNUM PSI0_DEG; %INJECT:10941
  10996     WRITE 6 '******************** STARTING TRACKING';
  10997     OPENF 99 'dat/'&MRKR&'/PRAY_'&MRKR&'.dat' 'REPLACE';
  10998     PRAY 99; %PRAY: 2299
  10999     CLOSEF 99;
  11000     OPENF 772 'dat/'&MRKR&'/DA_'&MRKR&'.dat' 'REPLACE';
  11001     OPENF 893 'dat/'&MRKR&'/TRPSPI_'&MRKR&'.dat' 'REPLACE';
  11002     TRPRAY 772; %TRPRAY: 5327
  11003     TRPSPI 893; %TRPSPI: 5337
  11004     TR NTURN 1 -1 -3 1.2 1.2 0 0 -12; %TR: 4756
  11005     CLOSEF 772;
  11006     CLOSEF 893;
  11007     ENDPROCEDURE;
  11008   PROCEDURE RUN;
  11009     MAIN; %MAIN:10960
  11010     ENDPROCEDURE;
  11011   RUN; %RUN:11008
