 --- BIN FILE READ: BYPASS_REAL_4_fam_NEW
  10940 INCLUDE 'BYPASS_REAL_4_fam_NEW';
  10941   PROCEDURE INJECT NUM PSI_DEG;
  10942     VARIABLE X 100;
  10943     VARIABLE I 1;
  10944     VARIABLE PSI 1;
  10945     VARIABLE SY 1;
  10946     VARIABLE SZ 1;
  10947     PSI := DEG2RAD(PSI_DEG); %DEG2RAD: 9856
  10948     X := LINSPACE(-1E-3, 1E-3, NUM); %LINSPACE: 9840
  10949     SY := SIN(PSI);
  10950     SZ := COS(PSI);
  10951     SR 0 0 0 0 0 0 0 0 1; %SR: 2082
  10952     SSR 0 SY SZ; %SSR: 2197
  10953     LOOP I 1 NUM;
  10954       SR X|I 0 0 0 0 0 0 0 1; %SR: 2082
  10955       SSR 0 SY SZ; %SSR: 2197
  10956       SR 0 0 X|I 0 0 0 0 0 1; %SR: 2082
  10957       SSR 0 SY SZ; %SSR: 2197
  10958       SR 0 0 0 0 0 (X|I)/10 0 0 1; %SR: 2082
  10959       SSR 0 SY SZ; %SSR: 2197
  10960       ENDLOOP;
  10961     ENDPROCEDURE;
  10962   PROCEDURE MAIN;
  10963     VARIABLE WHERE 100;
  10964     VARIABLE MRKR 10;
  10965     VARIABLE DEG 10;
  10966     VARIABLE SPIN_TUNE 10;
  10967     VARIABLE CHROM 10;
  10968     VARIABLE SEQ 10;
  10969     VARIABLE GAMMA 1;
  10970     VARIABLE MAPSE 1;
  10971     VARIABLE MU 800;
  10972     VARIABLE NBAR 800 3;
  10973     VARIABLE EL 1;
  10974     VARIABLE PNUM 1;
  10975     VARIABLE PSI0_DEG 1;
  10976     VARIABLE NTURN 1;
  10977     VARIABLE SGX1 1;
  10978     VARIABLE SGY1 1;
  10979     VARIABLE SGX2 1;
  10980     VARIABLE SGY2 1;
  10981     VARIABLE EB1 1;
  10982     VARIABLE EB2 1;
  10983     GROUTF 'img/dump/TR' 1;
  10984     GAMMA := 1.12792344429;
  10985     NTURN := 3000000;
  10986     PSI0_DEG := 45;
  10987     PNUM := 10;
  10988     SEQ := 'R';
  10989     DEG := '45';
  10990     SPIN_TUNE := '7';
  10991     CHROM := 'B';
  10992     MRKR := 'D'&DEG&'_S'&SPIN_TUNE&'_C'&CHROM&'';
  10993     OV 4 3 0; %OV:  969
  10994     SET_FOR_DEUTERONS GAMMA; %SET_FOR_DEUTERONS:10561
  10995     EB1 := 99.14849674631157;
  10996     SGX1 := 0.1079811557830287E-001;
  10997     SGY1 := -.1046954304378753E-001;
  10998     SGX2 :=  0.0;
  10999     SGY2  := 0.0;
  11000     LATTICE SGX1 SGY1 SGX2 SGY2 EB1 1; %LATTICE:10580
  11001     PM 6; %PM: 1574
  11002     WRITE 6 '++++++++++ Magnetic Rigidity';
  11003     WRITE 6 CONS(CHIM);
  11004     PM 6; %PM: 1574
  11005     INJECT PNUM PSI0_DEG; %INJECT:10941
  11006     WRITE 6 '******************** STARTING TRACKING';
  11007     OPENF 99 'dat/ST/'&SEQ&'_'&MRKR&'/PRAY_'&MRKR&'.dat' 'REPLACE';
  11008     PRAY 99; %PRAY: 2299
  11009     CLOSEF 99;
  11010     OPENF 772 'dat/ST/'&SEQ&'_'&MRKR&'/TRPRAY_'&MRKR&'.dat' 'REPLACE';

  11011     OPENF 893 'dat/ST/'&SEQ&'_'&MRKR&'/TRPSPI_'&MRKR&'.dat' 'REPLACE';

  11012     TRPRAY 772; %TRPRAY: 5327
  11013     TRPSPI 893; %TRPSPI: 5337
  11014     TR NTURN NINT(NTURN/5000) -1 -3 1.2 1.2 0 0 -12; %TR: 4756
  11015     CLOSEF 772;
  11016     CLOSEF 893;
  11017     ENDPROCEDURE;
  11018   PROCEDURE RUN;
  11019     MAIN; %MAIN:10962
  11020     ENDPROCEDURE;
  11021   RUN; %RUN:11018
