 --- BIN FILE READ: seq_Nuclotron_Mod
  11530 INCLUDE 'seq_Nuclotron_Mod';
  11531   PROCEDURE MAIN;
  11532     VARIABLE GAMMA 1;
  11533     VARIABLE I 1;
  11534     VARIABLE SGX1 1;
  11535     VARIABLE SGY1 1;
  11536     VARIABLE SGX2 1;
  11537     VARIABLE SGY2 1;
  11538     VARIABLE EB1 1;
  11539     VARIABLE TILT 48;
  11540     VARIABLE MU 800;
  11541     VARIABLE NBAR 800 3;
  11542     VARIABLE NTURN 1;
  11543     GAMMA := 1.143914;
  11544     TILT := ZEROS(48); %ZEROS: 9812
  11545     SGX1 := 0.0;
  11546     SGY1 := 0.0;
  11547     SGX2 := 0.0;
  11548     SGY2 := 0.0;
  11549     EB1 := 0.0;
  11550     EB1 := 132.685;
  11551     OV 3 3 0; %OV:  969
  11552     DAEPS 1E-12;
  11553     SET_FOR_DEUTERONS GAMMA; %SET_FOR_DEUTERONS:10611
  11554     OPENF 772 'dat/NUC/TRPRAY.dat' 'REPLACE';
  11555     OPENF 893 'dat/NUC/TRPSPI.dat' 'REPLACE';
  11556     OPENF 99 'dat/NUC/PRAY.dat' 'REPLACE';
  11557     NTURN := 10000;
  11558     LATTICE SGX1 SGY1 SGX2 SGY2 EB1 1 TILT 0; %LATTICE:10648
  11559     WRITE 6 'LATTICE ALREADY READ';
  11560     WRITE 6 'EB1 = '&ST(EB1);
  11561     TSS MU NBAR 0; %TSS: 4289
  11562     WRITE 6 'TSS DONE';
  11563     WRITE 6 CONS(MU);
  11564     WRITE 6 CONS(NBAR(1));
  11565     WRITE 6 CONS(NBAR(2));
  11566     WRITE 6 CONS(NBAR(3));
  11567     CR; %CR:  947
  11568     SR 0 0 0 0 0 0 0 0 1; %SR: 2082
  11569     SSR 0 0 1; %SSR: 2197
  11570     SR 1*1E-3 0 0 0 0 0 0 0 1; %SR: 2082
  11571     SSR 0 0 1; %SSR: 2197
  11572     SR 0 0 1*1E-3 0 0 0 0 0 1; %SR: 2082
  11573     SSR 0 0 1; %SSR: 2197
  11574     SR 0 0 0 0 0 1E-3/10 0 0 1; %SR: 2082
  11575     SSR 0 0 1; %SSR: 2197
  11576     WRITE 6 '******************** STARTING TRACKING';
  11577     PRAY 99; %PRAY: 2299
  11578     TRPRAY 772; %TRPRAY: 5327
  11579     TRPSPI 893; %TRPSPI: 5337
  11580     TR NTURN NINT(NTURN/100) -1 -3 1.2 1.2 0 0 -12; %TR: 4756
  11581     CLOSEF 99;
  11582     CLOSEF 772;
  11583     CLOSEF 893;
  11584     ENDPROCEDURE;
  11585   PROCEDURE RUN;
  11586     MAIN; %MAIN:11531
  11587     ENDPROCEDURE;
  11588   RUN; %RUN:11585
