 --- BIN FILE READ: seq_Nuclotron_Mod
  11530 INCLUDE 'seq_Nuclotron_Mod';
  11531   PROCEDURE MAIN;
  11532     VARIABLE GAMMA 1;
  11533     VARIABLE I 1;
  11534     VARIABLE SGX1 1;
  11535     VARIABLE SGY1 1;
  11536     VARIABLE SGX2 1;
  11537     VARIABLE SGY2 1;
  11538     VARIABLE EB1 1;
  11539     VARIABLE TILT 48;
  11540     VARIABLE MU 800;
  11541     VARIABLE NBAR 800 3;
  11542     VARIABLE NTURN 1;
  11543     GAMMA := 1.143914;
  11544     TILT := ZEROS(48); %ZEROS: 9812
  11545     SGX1 := 0.0;
  11546     SGY1 := 0.0;
  11547     SGX2 := 0.0;
  11548     SGY2 := 0.0;
  11549     EB1 := 0.0;
  11550     EB1 := 129.5058235952117;
  11551     EB1 := 132.6727764948780;
  11552     OV 3 3 0; %OV:  969
  11553     DAEPS 1E-12;
  11554     SET_FOR_DEUTERONS GAMMA; %SET_FOR_DEUTERONS:10611
  11555     OPENF 3618 'dat/NUC/WIEN.dat' 'OLD';
  11556     OPENF 772 'dat/NUC/TRPRAY.dat' 'REPLACE';
  11557     OPENF 893 'dat/NUC/TRPSPI.dat' 'REPLACE';
  11558     OPENF 99 'dat/NUC/PRAY.dat' 'REPLACE';
  11559     NTURN := 1000;
  11560     EB1 := 132.2;
  11561     CR; %CR:  947
  11562     LOOP I 0 100;
  11563       LATTICE SGX1 SGY1 SGX2 SGY2 EB1 1 TILT 0; %LATTICE:10648
  11564       WRITE 6 'LATTICE ALREADY READ';
  11565       WRITE 6 'EB1 = '&ST(EB1);
  11566       TSS MU NBAR 0; %TSS: 4289
  11567       WRITE 6 'TSS DONE';
  11568       WRITE 6 CONS(MU);
  11569       WRITE 6 CONS(NBAR(1));
  11570       WRITE 6 CONS(NBAR(2));
  11571       WRITE 6 CONS(NBAR(3));
  11572       SR 0 0 0 0 0 0 0 0 1; %SR: 2082
  11573       SSR 0 0 1; %SSR: 2197
  11574       SR 1*1E-3 0 0 0 0 0 0 0 1; %SR: 2082
  11575       SSR 0 0 1; %SSR: 2197
  11576       SR 0 0 1*1E-3 0 0 0 0 0 1; %SR: 2082
  11577       SSR 0 0 1; %SSR: 2197
  11578       SR 0 0 0 0 0 (5*1E-3)/10 0 0 1; %SR: 2082
  11579       SSR 0 0 1; %SSR: 2197
  11580       WRITE 6 '******************** STARTING TRACKING';
  11581       PRAY 99; %PRAY: 2299
  11582       TRPRAY 772; %TRPRAY: 5327
  11583       TRPSPI 893; %TRPSPI: 5337
  11584       TR NTURN NINT(NTURN/100) -1 -3 1.2 1.2 0 0 -12; %TR: 4756
  11585       EB1 := EB1+0.01;
  11586       WRITE 3618 ST(EB1)&' '&ST(CONS(MU))&' '&ST(CONS(NBAR(1)))&' '&ST
                  (CONS(NBAR(2)))&' '&ST(CONS(NBAR(3)));
  11587       CR; %CR:  947
  11588       ENDLOOP;
  11589     CLOSEF 3618;
  11590     CLOSEF 772;
  11591     CLOSEF 893;
  11592     ENDPROCEDURE;
  11593   PROCEDURE RUN;
  11594     MAIN; %MAIN:11531
  11595     ENDPROCEDURE;
  11596   RUN; %RUN:11593
